[0.019s] Invoking command in '/home/omkar/two_scara_ws/build/conveyor_description': CMAKE_PREFIX_PATH=${CMAKE_PREFIX_PATH}:/opt/ros/humble /usr/bin/cmake --build /home/omkar/two_scara_ws/build/conveyor_description -- -j8 -l8
[0.064s] Invoked command in '/home/omkar/two_scara_ws/build/conveyor_description' returned '0': CMAKE_PREFIX_PATH=${CMAKE_PREFIX_PATH}:/opt/ros/humble /usr/bin/cmake --build /home/omkar/two_scara_ws/build/conveyor_description -- -j8 -l8
[0.074s] Invoking command in '/home/omkar/two_scara_ws/build/conveyor_description': CMAKE_PREFIX_PATH=${CMAKE_PREFIX_PATH}:/opt/ros/humble /usr/bin/cmake --install /home/omkar/two_scara_ws/build/conveyor_description
[0.081s] -- Install configuration: ""
[0.081s] -- Execute custom install script
[0.082s] -- Up-to-date symlink: /home/omkar/two_scara_ws/install/conveyor_description/share/conveyor_description/urdf/conveyor.urdf.xacro
[0.082s] -- Up-to-date symlink: /home/omkar/two_scara_ws/install/conveyor_description/share/conveyor_description/launch/conveyor_gz.launch.py
[0.082s] -- Up-to-date symlink: /home/omkar/two_scara_ws/install/conveyor_description/share/ament_index/resource_index/package_run_dependencies/conveyor_description
[0.082s] -- Up-to-date symlink: /home/omkar/two_scara_ws/install/conveyor_description/share/ament_index/resource_index/parent_prefix_path/conveyor_description
[0.083s] -- Up-to-date symlink: /home/omkar/two_scara_ws/install/conveyor_description/share/conveyor_description/environment/ament_prefix_path.sh
[0.083s] -- Up-to-date symlink: /home/omkar/two_scara_ws/install/conveyor_description/share/conveyor_description/environment/ament_prefix_path.dsv
[0.083s] -- Up-to-date symlink: /home/omkar/two_scara_ws/install/conveyor_description/share/conveyor_description/environment/path.sh
[0.083s] -- Up-to-date symlink: /home/omkar/two_scara_ws/install/conveyor_description/share/conveyor_description/environment/path.dsv
[0.083s] -- Up-to-date symlink: /home/omkar/two_scara_ws/install/conveyor_description/share/conveyor_description/local_setup.bash
[0.083s] -- Up-to-date symlink: /home/omkar/two_scara_ws/install/conveyor_description/share/conveyor_description/local_setup.sh
[0.084s] -- Up-to-date symlink: /home/omkar/two_scara_ws/install/conveyor_description/share/conveyor_description/local_setup.zsh
[0.084s] -- Up-to-date symlink: /home/omkar/two_scara_ws/install/conveyor_description/share/conveyor_description/local_setup.dsv
[0.084s] -- Symlinking: /home/omkar/two_scara_ws/install/conveyor_description/share/conveyor_description/package.dsv
[0.093s] -- Up-to-date symlink: /home/omkar/two_scara_ws/install/conveyor_description/share/ament_index/resource_index/packages/conveyor_description
[0.093s] -- Up-to-date symlink: /home/omkar/two_scara_ws/install/conveyor_description/share/conveyor_description/cmake/conveyor_descriptionConfig.cmake
[0.093s] -- Up-to-date symlink: /home/omkar/two_scara_ws/install/conveyor_description/share/conveyor_description/cmake/conveyor_descriptionConfig-version.cmake
[0.093s] -- Up-to-date symlink: /home/omkar/two_scara_ws/install/conveyor_description/share/conveyor_description/package.xml
[0.096s] Invoked command in '/home/omkar/two_scara_ws/build/conveyor_description' returned '0': CMAKE_PREFIX_PATH=${CMAKE_PREFIX_PATH}:/opt/ros/humble /usr/bin/cmake --install /home/omkar/two_scara_ws/build/conveyor_description
