[0.390s] DEBUG:colcon:Command line arguments: ['/usr/bin/colcon', 'build', '--symlink-install']
[0.391s] DEBUG:colcon:Parsed command line arguments: Namespace(log_base=None, log_level=None, verb_name='build', build_base='build', install_base='install', merge_install=False, symlink_install=True, test_result_base=None, continue_on_error=False, executor='parallel', parallel_workers=8, event_handlers=None, ignore_user_meta=False, metas=['./colcon.meta'], base_paths=['.'], packages_ignore=None, packages_ignore_regex=None, paths=None, packages_up_to=None, packages_up_to_regex=None, packages_above=None, packages_above_and_dependencies=None, packages_above_depth=None, packages_select_by_dep=None, packages_skip_by_dep=None, packages_skip_up_to=None, packages_select_build_failed=False, packages_skip_build_finished=False, packages_select_test_failures=False, packages_skip_test_passed=False, packages_select=None, packages_skip=None, packages_select_regex=None, packages_skip_regex=None, packages_start=None, packages_end=None, allow_overriding=[], cmake_args=None, cmake_target=None, cmake_target_skip_unavailable=False, cmake_clean_cache=False, cmake_clean_first=False, cmake_force_configure=False, ament_cmake_args=None, catkin_cmake_args=None, catkin_skip_building_tests=False, mixin_files=None, mixin=None, verb_parser=<colcon_mixin.mixin.mixin_argument.MixinArgumentDecorator object at 0x747c3fb69f90>, verb_extension=<colcon_core.verb.build.BuildVerb object at 0x747c3fc86f20>, main=<bound method BuildVerb.main of <colcon_core.verb.build.BuildVerb object at 0x747c3fc86f20>>, mixin_verb=('build',))
[0.926s] Level 1:colcon.colcon_core.package_discovery:discover_packages(colcon_meta) check parameters
[0.927s] Level 1:colcon.colcon_core.package_discovery:discover_packages(recursive) check parameters
[0.927s] Level 1:colcon.colcon_core.package_discovery:discover_packages(ignore) check parameters
[0.927s] Level 1:colcon.colcon_core.package_discovery:discover_packages(path) check parameters
[0.928s] Level 1:colcon.colcon_core.package_discovery:discover_packages(colcon_meta) discover
[0.928s] Level 1:colcon.colcon_core.package_discovery:discover_packages(recursive) discover
[0.928s] INFO:colcon.colcon_core.package_discovery:Crawling recursively for packages in '/home/omkar/two_scara_ws'
[0.928s] Level 1:colcon.colcon_core.package_identification:_identify(.) by extensions ['ignore', 'ignore_ament_install']
[0.929s] Level 1:colcon.colcon_core.package_identification:_identify(.) by extension 'ignore'
[0.929s] Level 1:colcon.colcon_core.package_identification:_identify(.) by extension 'ignore_ament_install'
[0.929s] Level 1:colcon.colcon_core.package_identification:_identify(.) by extensions ['colcon_pkg']
[0.929s] Level 1:colcon.colcon_core.package_identification:_identify(.) by extension 'colcon_pkg'
[0.929s] Level 1:colcon.colcon_core.package_identification:_identify(.) by extensions ['colcon_meta']
[0.929s] Level 1:colcon.colcon_core.package_identification:_identify(.) by extension 'colcon_meta'
[0.929s] Level 1:colcon.colcon_core.package_identification:_identify(.) by extensions ['ros']
[0.929s] Level 1:colcon.colcon_core.package_identification:_identify(.) by extension 'ros'
[0.962s] Level 1:colcon.colcon_core.package_identification:_identify(.) by extensions ['cmake', 'python']
[0.962s] Level 1:colcon.colcon_core.package_identification:_identify(.) by extension 'cmake'
[0.963s] Level 1:colcon.colcon_core.package_identification:_identify(.) by extension 'python'
[0.963s] Level 1:colcon.colcon_core.package_identification:_identify(.) by extensions ['python_setup_py']
[0.963s] Level 1:colcon.colcon_core.package_identification:_identify(.) by extension 'python_setup_py'
[0.963s] Level 1:colcon.colcon_core.package_identification:_identify(build) by extensions ['ignore', 'ignore_ament_install']
[0.963s] Level 1:colcon.colcon_core.package_identification:_identify(build) by extension 'ignore'
[0.963s] Level 1:colcon.colcon_core.package_identification:_identify(build) ignored
[0.964s] Level 1:colcon.colcon_core.package_identification:_identify(install) by extensions ['ignore', 'ignore_ament_install']
[0.964s] Level 1:colcon.colcon_core.package_identification:_identify(install) by extension 'ignore'
[0.964s] Level 1:colcon.colcon_core.package_identification:_identify(install) ignored
[0.965s] Level 1:colcon.colcon_core.package_identification:_identify(log) by extensions ['ignore', 'ignore_ament_install']
[0.965s] Level 1:colcon.colcon_core.package_identification:_identify(log) by extension 'ignore'
[0.965s] Level 1:colcon.colcon_core.package_identification:_identify(log) ignored
[0.965s] Level 1:colcon.colcon_core.package_identification:_identify(src) by extensions ['ignore', 'ignore_ament_install']
[0.965s] Level 1:colcon.colcon_core.package_identification:_identify(src) by extension 'ignore'
[0.965s] Level 1:colcon.colcon_core.package_identification:_identify(src) by extension 'ignore_ament_install'
[0.966s] Level 1:colcon.colcon_core.package_identification:_identify(src) by extensions ['colcon_pkg']
[0.966s] Level 1:colcon.colcon_core.package_identification:_identify(src) by extension 'colcon_pkg'
[0.966s] Level 1:colcon.colcon_core.package_identification:_identify(src) by extensions ['colcon_meta']
[0.966s] Level 1:colcon.colcon_core.package_identification:_identify(src) by extension 'colcon_meta'
[0.966s] Level 1:colcon.colcon_core.package_identification:_identify(src) by extensions ['ros']
[0.966s] Level 1:colcon.colcon_core.package_identification:_identify(src) by extension 'ros'
[0.966s] Level 1:colcon.colcon_core.package_identification:_identify(src) by extensions ['cmake', 'python']
[0.966s] Level 1:colcon.colcon_core.package_identification:_identify(src) by extension 'cmake'
[0.967s] Level 1:colcon.colcon_core.package_identification:_identify(src) by extension 'python'
[0.967s] Level 1:colcon.colcon_core.package_identification:_identify(src) by extensions ['python_setup_py']
[0.967s] Level 1:colcon.colcon_core.package_identification:_identify(src) by extension 'python_setup_py'
[0.967s] Level 1:colcon.colcon_core.package_identification:_identify(src/conveyor_description) by extensions ['ignore', 'ignore_ament_install']
[0.967s] Level 1:colcon.colcon_core.package_identification:_identify(src/conveyor_description) by extension 'ignore'
[0.967s] Level 1:colcon.colcon_core.package_identification:_identify(src/conveyor_description) by extension 'ignore_ament_install'
[0.967s] Level 1:colcon.colcon_core.package_identification:_identify(src/conveyor_description) by extensions ['colcon_pkg']
[0.968s] Level 1:colcon.colcon_core.package_identification:_identify(src/conveyor_description) by extension 'colcon_pkg'
[0.968s] Level 1:colcon.colcon_core.package_identification:_identify(src/conveyor_description) by extensions ['colcon_meta']
[0.968s] Level 1:colcon.colcon_core.package_identification:_identify(src/conveyor_description) by extension 'colcon_meta'
[0.968s] Level 1:colcon.colcon_core.package_identification:_identify(src/conveyor_description) by extensions ['ros']
[0.968s] Level 1:colcon.colcon_core.package_identification:_identify(src/conveyor_description) by extension 'ros'
[0.974s] DEBUG:colcon.colcon_core.package_identification:Package 'src/conveyor_description' with type 'ros.ament_cmake' and name 'conveyor_description'
[0.975s] Level 1:colcon.colcon_core.package_identification:_identify(src/scara_control) by extensions ['ignore', 'ignore_ament_install']
[0.975s] Level 1:colcon.colcon_core.package_identification:_identify(src/scara_control) by extension 'ignore'
[0.975s] Level 1:colcon.colcon_core.package_identification:_identify(src/scara_control) by extension 'ignore_ament_install'
[0.975s] Level 1:colcon.colcon_core.package_identification:_identify(src/scara_control) by extensions ['colcon_pkg']
[0.975s] Level 1:colcon.colcon_core.package_identification:_identify(src/scara_control) by extension 'colcon_pkg'
[0.975s] Level 1:colcon.colcon_core.package_identification:_identify(src/scara_control) by extensions ['colcon_meta']
[0.975s] Level 1:colcon.colcon_core.package_identification:_identify(src/scara_control) by extension 'colcon_meta'
[0.976s] Level 1:colcon.colcon_core.package_identification:_identify(src/scara_control) by extensions ['ros']
[0.976s] Level 1:colcon.colcon_core.package_identification:_identify(src/scara_control) by extension 'ros'
[0.978s] DEBUG:colcon.colcon_core.package_identification:Package 'src/scara_control' with type 'ros.ament_cmake' and name 'scara_control'
[0.979s] Level 1:colcon.colcon_core.package_identification:_identify(src/scara_description) by extensions ['ignore', 'ignore_ament_install']
[0.979s] Level 1:colcon.colcon_core.package_identification:_identify(src/scara_description) by extension 'ignore'
[0.979s] Level 1:colcon.colcon_core.package_identification:_identify(src/scara_description) by extension 'ignore_ament_install'
[0.979s] Level 1:colcon.colcon_core.package_identification:_identify(src/scara_description) by extensions ['colcon_pkg']
[0.980s] Level 1:colcon.colcon_core.package_identification:_identify(src/scara_description) by extension 'colcon_pkg'
[0.980s] Level 1:colcon.colcon_core.package_identification:_identify(src/scara_description) by extensions ['colcon_meta']
[0.980s] Level 1:colcon.colcon_core.package_identification:_identify(src/scara_description) by extension 'colcon_meta'
[0.980s] Level 1:colcon.colcon_core.package_identification:_identify(src/scara_description) by extensions ['ros']
[0.980s] Level 1:colcon.colcon_core.package_identification:_identify(src/scara_description) by extension 'ros'
[0.989s] DEBUG:colcon.colcon_core.package_identification:Package 'src/scara_description' with type 'ros.ament_cmake' and name 'scara_description'
[0.989s] Level 1:colcon.colcon_core.package_identification:_identify(src/scara_gazebo) by extensions ['ignore', 'ignore_ament_install']
[0.990s] Level 1:colcon.colcon_core.package_identification:_identify(src/scara_gazebo) by extension 'ignore'
[0.990s] Level 1:colcon.colcon_core.package_identification:_identify(src/scara_gazebo) by extension 'ignore_ament_install'
[0.990s] Level 1:colcon.colcon_core.package_identification:_identify(src/scara_gazebo) by extensions ['colcon_pkg']
[0.990s] Level 1:colcon.colcon_core.package_identification:_identify(src/scara_gazebo) by extension 'colcon_pkg'
[0.990s] Level 1:colcon.colcon_core.package_identification:_identify(src/scara_gazebo) by extensions ['colcon_meta']
[0.990s] Level 1:colcon.colcon_core.package_identification:_identify(src/scara_gazebo) by extension 'colcon_meta'
[0.991s] Level 1:colcon.colcon_core.package_identification:_identify(src/scara_gazebo) by extensions ['ros']
[0.991s] Level 1:colcon.colcon_core.package_identification:_identify(src/scara_gazebo) by extension 'ros'
[0.992s] DEBUG:colcon.colcon_core.package_identification:Package 'src/scara_gazebo' with type 'ros.ament_cmake' and name 'scara_gazebo'
[0.992s] Level 1:colcon.colcon_core.package_discovery:discover_packages(recursive) using defaults
[0.992s] Level 1:colcon.colcon_core.package_discovery:discover_packages(ignore) discover
[0.992s] Level 1:colcon.colcon_core.package_discovery:discover_packages(ignore) using defaults
[0.992s] Level 1:colcon.colcon_core.package_discovery:discover_packages(path) discover
[0.992s] Level 1:colcon.colcon_core.package_discovery:discover_packages(path) using defaults
[1.078s] Level 1:colcon.colcon_core.package_discovery:discover_packages(prefix_path) check parameters
[1.078s] Level 1:colcon.colcon_core.package_discovery:discover_packages(prefix_path) discover
[1.086s] DEBUG:colcon.colcon_installed_package_information.package_discovery:Found 380 installed packages in /opt/ros/humble
[1.091s] Level 1:colcon.colcon_core.package_discovery:discover_packages(prefix_path) using defaults
[1.244s] Level 5:colcon.colcon_core.verb:set package 'conveyor_description' build argument 'cmake_args' from command line to 'None'
[1.245s] Level 5:colcon.colcon_core.verb:set package 'conveyor_description' build argument 'cmake_target' from command line to 'None'
[1.245s] Level 5:colcon.colcon_core.verb:set package 'conveyor_description' build argument 'cmake_target_skip_unavailable' from command line to 'False'
[1.245s] Level 5:colcon.colcon_core.verb:set package 'conveyor_description' build argument 'cmake_clean_cache' from command line to 'False'
[1.245s] Level 5:colcon.colcon_core.verb:set package 'conveyor_description' build argument 'cmake_clean_first' from command line to 'False'
[1.245s] Level 5:colcon.colcon_core.verb:set package 'conveyor_description' build argument 'cmake_force_configure' from command line to 'False'
[1.245s] Level 5:colcon.colcon_core.verb:set package 'conveyor_description' build argument 'ament_cmake_args' from command line to 'None'
[1.245s] Level 5:colcon.colcon_core.verb:set package 'conveyor_description' build argument 'catkin_cmake_args' from command line to 'None'
[1.245s] Level 5:colcon.colcon_core.verb:set package 'conveyor_description' build argument 'catkin_skip_building_tests' from command line to 'False'
[1.245s] DEBUG:colcon.colcon_core.verb:Building package 'conveyor_description' with the following arguments: {'ament_cmake_args': None, 'build_base': '/home/omkar/two_scara_ws/build/conveyor_description', 'catkin_cmake_args': None, 'catkin_skip_building_tests': False, 'cmake_args': None, 'cmake_clean_cache': False, 'cmake_clean_first': False, 'cmake_force_configure': False, 'cmake_target': None, 'cmake_target_skip_unavailable': False, 'install_base': '/home/omkar/two_scara_ws/install/conveyor_description', 'merge_install': False, 'path': '/home/omkar/two_scara_ws/src/conveyor_description', 'symlink_install': True, 'test_result_base': None}
[1.246s] Level 5:colcon.colcon_core.verb:set package 'scara_control' build argument 'cmake_args' from command line to 'None'
[1.246s] Level 5:colcon.colcon_core.verb:set package 'scara_control' build argument 'cmake_target' from command line to 'None'
[1.246s] Level 5:colcon.colcon_core.verb:set package 'scara_control' build argument 'cmake_target_skip_unavailable' from command line to 'False'
[1.247s] Level 5:colcon.colcon_core.verb:set package 'scara_control' build argument 'cmake_clean_cache' from command line to 'False'
[1.247s] Level 5:colcon.colcon_core.verb:set package 'scara_control' build argument 'cmake_clean_first' from command line to 'False'
[1.247s] Level 5:colcon.colcon_core.verb:set package 'scara_control' build argument 'cmake_force_configure' from command line to 'False'
[1.247s] Level 5:colcon.colcon_core.verb:set package 'scara_control' build argument 'ament_cmake_args' from command line to 'None'
[1.247s] Level 5:colcon.colcon_core.verb:set package 'scara_control' build argument 'catkin_cmake_args' from command line to 'None'
[1.247s] Level 5:colcon.colcon_core.verb:set package 'scara_control' build argument 'catkin_skip_building_tests' from command line to 'False'
[1.247s] DEBUG:colcon.colcon_core.verb:Building package 'scara_control' with the following arguments: {'ament_cmake_args': None, 'build_base': '/home/omkar/two_scara_ws/build/scara_control', 'catkin_cmake_args': None, 'catkin_skip_building_tests': False, 'cmake_args': None, 'cmake_clean_cache': False, 'cmake_clean_first': False, 'cmake_force_configure': False, 'cmake_target': None, 'cmake_target_skip_unavailable': False, 'install_base': '/home/omkar/two_scara_ws/install/scara_control', 'merge_install': False, 'path': '/home/omkar/two_scara_ws/src/scara_control', 'symlink_install': True, 'test_result_base': None}
[1.248s] Level 5:colcon.colcon_core.verb:set package 'scara_description' build argument 'cmake_args' from command line to 'None'
[1.248s] Level 5:colcon.colcon_core.verb:set package 'scara_description' build argument 'cmake_target' from command line to 'None'
[1.248s] Level 5:colcon.colcon_core.verb:set package 'scara_description' build argument 'cmake_target_skip_unavailable' from command line to 'False'
[1.248s] Level 5:colcon.colcon_core.verb:set package 'scara_description' build argument 'cmake_clean_cache' from command line to 'False'
[1.249s] Level 5:colcon.colcon_core.verb:set package 'scara_description' build argument 'cmake_clean_first' from command line to 'False'
[1.249s] Level 5:colcon.colcon_core.verb:set package 'scara_description' build argument 'cmake_force_configure' from command line to 'False'
[1.249s] Level 5:colcon.colcon_core.verb:set package 'scara_description' build argument 'ament_cmake_args' from command line to 'None'
[1.249s] Level 5:colcon.colcon_core.verb:set package 'scara_description' build argument 'catkin_cmake_args' from command line to 'None'
[1.249s] Level 5:colcon.colcon_core.verb:set package 'scara_description' build argument 'catkin_skip_building_tests' from command line to 'False'
[1.249s] DEBUG:colcon.colcon_core.verb:Building package 'scara_description' with the following arguments: {'ament_cmake_args': None, 'build_base': '/home/omkar/two_scara_ws/build/scara_description', 'catkin_cmake_args': None, 'catkin_skip_building_tests': False, 'cmake_args': None, 'cmake_clean_cache': False, 'cmake_clean_first': False, 'cmake_force_configure': False, 'cmake_target': None, 'cmake_target_skip_unavailable': False, 'install_base': '/home/omkar/two_scara_ws/install/scara_description', 'merge_install': False, 'path': '/home/omkar/two_scara_ws/src/scara_description', 'symlink_install': True, 'test_result_base': None}
[1.250s] Level 5:colcon.colcon_core.verb:set package 'scara_gazebo' build argument 'cmake_args' from command line to 'None'
[1.251s] Level 5:colcon.colcon_core.verb:set package 'scara_gazebo' build argument 'cmake_target' from command line to 'None'
[1.251s] Level 5:colcon.colcon_core.verb:set package 'scara_gazebo' build argument 'cmake_target_skip_unavailable' from command line to 'False'
[1.251s] Level 5:colcon.colcon_core.verb:set package 'scara_gazebo' build argument 'cmake_clean_cache' from command line to 'False'
[1.251s] Level 5:colcon.colcon_core.verb:set package 'scara_gazebo' build argument 'cmake_clean_first' from command line to 'False'
[1.251s] Level 5:colcon.colcon_core.verb:set package 'scara_gazebo' build argument 'cmake_force_configure' from command line to 'False'
[1.251s] Level 5:colcon.colcon_core.verb:set package 'scara_gazebo' build argument 'ament_cmake_args' from command line to 'None'
[1.251s] Level 5:colcon.colcon_core.verb:set package 'scara_gazebo' build argument 'catkin_cmake_args' from command line to 'None'
[1.251s] Level 5:colcon.colcon_core.verb:set package 'scara_gazebo' build argument 'catkin_skip_building_tests' from command line to 'False'
[1.251s] DEBUG:colcon.colcon_core.verb:Building package 'scara_gazebo' with the following arguments: {'ament_cmake_args': None, 'build_base': '/home/omkar/two_scara_ws/build/scara_gazebo', 'catkin_cmake_args': None, 'catkin_skip_building_tests': False, 'cmake_args': None, 'cmake_clean_cache': False, 'cmake_clean_first': False, 'cmake_force_configure': False, 'cmake_target': None, 'cmake_target_skip_unavailable': False, 'install_base': '/home/omkar/two_scara_ws/install/scara_gazebo', 'merge_install': False, 'path': '/home/omkar/two_scara_ws/src/scara_gazebo', 'symlink_install': True, 'test_result_base': None}
[1.252s] INFO:colcon.colcon_core.executor:Executing jobs using 'parallel' executor
[1.255s] DEBUG:colcon.colcon_parallel_executor.executor.parallel:run_until_complete
[1.256s] INFO:colcon.colcon_ros.task.ament_cmake.build:Building ROS package in '/home/omkar/two_scara_ws/src/conveyor_description' with build type 'ament_cmake'
[1.257s] INFO:colcon.colcon_cmake.task.cmake.build:Building CMake package in '/home/omkar/two_scara_ws/src/conveyor_description'
[1.261s] INFO:colcon.colcon_core.plugin_system:Skipping extension 'colcon_core.shell.bat': Not used on non-Windows systems
[1.262s] INFO:colcon.colcon_core.shell:Skip shell extension 'powershell' for command environment: Not usable outside of PowerShell
[1.262s] DEBUG:colcon.colcon_core.shell:Skip shell extension 'dsv' for command environment
[1.271s] INFO:colcon.colcon_ros.task.ament_cmake.build:Building ROS package in '/home/omkar/two_scara_ws/src/scara_control' with build type 'ament_cmake'
[1.271s] INFO:colcon.colcon_cmake.task.cmake.build:Building CMake package in '/home/omkar/two_scara_ws/src/scara_control'
[1.272s] INFO:colcon.colcon_core.shell:Skip shell extension 'powershell' for command environment: Not usable outside of PowerShell
[1.272s] DEBUG:colcon.colcon_core.shell:Skip shell extension 'dsv' for command environment
[1.279s] INFO:colcon.colcon_ros.task.ament_cmake.build:Building ROS package in '/home/omkar/two_scara_ws/src/scara_description' with build type 'ament_cmake'
[1.280s] INFO:colcon.colcon_cmake.task.cmake.build:Building CMake package in '/home/omkar/two_scara_ws/src/scara_description'
[1.280s] INFO:colcon.colcon_core.shell:Skip shell extension 'powershell' for command environment: Not usable outside of PowerShell
[1.280s] DEBUG:colcon.colcon_core.shell:Skip shell extension 'dsv' for command environment
[1.292s] INFO:colcon.colcon_ros.task.ament_cmake.build:Building ROS package in '/home/omkar/two_scara_ws/src/scara_gazebo' with build type 'ament_cmake'
[1.292s] INFO:colcon.colcon_cmake.task.cmake.build:Building CMake package in '/home/omkar/two_scara_ws/src/scara_gazebo'
[1.294s] INFO:colcon.colcon_core.shell:Skip shell extension 'powershell' for command environment: Not usable outside of PowerShell
[1.294s] DEBUG:colcon.colcon_core.shell:Skip shell extension 'dsv' for command environment
[1.321s] DEBUG:colcon.colcon_core.event_handler.log_command:Invoking command in '/home/omkar/two_scara_ws/build/conveyor_description': CMAKE_PREFIX_PATH=/opt/ros/humble /usr/bin/cmake --build /home/omkar/two_scara_ws/build/conveyor_description -- -j8 -l8
[1.337s] DEBUG:colcon.colcon_core.event_handler.log_command:Invoking command in '/home/omkar/two_scara_ws/build/scara_control': CMAKE_PREFIX_PATH=/opt/ros/humble /usr/bin/cmake --build /home/omkar/two_scara_ws/build/scara_control -- -j8 -l8
[1.358s] DEBUG:colcon.colcon_core.event_handler.log_command:Invoking command in '/home/omkar/two_scara_ws/build/scara_description': CMAKE_PREFIX_PATH=/opt/ros/humble /usr/bin/cmake --build /home/omkar/two_scara_ws/build/scara_description -- -j8 -l8
[1.368s] DEBUG:colcon.colcon_core.event_handler.log_command:Invoking command in '/home/omkar/two_scara_ws/build/scara_gazebo': CMAKE_PREFIX_PATH=/opt/ros/humble /usr/bin/cmake --build /home/omkar/two_scara_ws/build/scara_gazebo -- -j8 -l8
[1.451s] DEBUG:colcon.colcon_core.event_handler.log_command:Invoked command in '/home/omkar/two_scara_ws/build/conveyor_description' returned '0': CMAKE_PREFIX_PATH=/opt/ros/humble /usr/bin/cmake --build /home/omkar/two_scara_ws/build/conveyor_description -- -j8 -l8
[1.484s] DEBUG:colcon.colcon_core.event_handler.log_command:Invoking command in '/home/omkar/two_scara_ws/build/conveyor_description': CMAKE_PREFIX_PATH=/opt/ros/humble /usr/bin/cmake --install /home/omkar/two_scara_ws/build/conveyor_description
[1.495s] DEBUG:colcon.colcon_core.event_handler.log_command:Invoked command in '/home/omkar/two_scara_ws/build/scara_description' returned '0': CMAKE_PREFIX_PATH=/opt/ros/humble /usr/bin/cmake --build /home/omkar/two_scara_ws/build/scara_description -- -j8 -l8
[1.504s] DEBUG:colcon.colcon_core.event_handler.log_command:Invoking command in '/home/omkar/two_scara_ws/build/scara_description': CMAKE_PREFIX_PATH=/opt/ros/humble /usr/bin/cmake --install /home/omkar/two_scara_ws/build/scara_description
[1.509s] DEBUG:colcon.colcon_core.event_handler.log_command:Invoked command in '/home/omkar/two_scara_ws/build/scara_gazebo' returned '0': CMAKE_PREFIX_PATH=/opt/ros/humble /usr/bin/cmake --build /home/omkar/two_scara_ws/build/scara_gazebo -- -j8 -l8
[1.517s] DEBUG:colcon.colcon_core.event_handler.log_command:Invoking command in '/home/omkar/two_scara_ws/build/scara_gazebo': CMAKE_PREFIX_PATH=/opt/ros/humble /usr/bin/cmake --install /home/omkar/two_scara_ws/build/scara_gazebo
[1.577s] Level 1:colcon.colcon_core.environment:create_environment_scripts_only(conveyor_description)
[1.580s] DEBUG:colcon.colcon_core.event_handler.log_command:Invoked command in '/home/omkar/two_scara_ws/build/conveyor_description' returned '0': CMAKE_PREFIX_PATH=/opt/ros/humble /usr/bin/cmake --install /home/omkar/two_scara_ws/build/conveyor_description
[1.591s] Level 1:colcon.colcon_core.environment:checking '/home/omkar/two_scara_ws/install/conveyor_description' for CMake module files
[1.593s] Level 1:colcon.colcon_core.environment:checking '/home/omkar/two_scara_ws/install/conveyor_description' for CMake config files
[1.594s] Level 1:colcon.colcon_core.shell:create_environment_hook('conveyor_description', 'cmake_prefix_path')
[1.595s] INFO:colcon.colcon_core.shell:Creating environment hook '/home/omkar/two_scara_ws/install/conveyor_description/share/conveyor_description/hook/cmake_prefix_path.ps1'
[1.599s] INFO:colcon.colcon_core.shell:Creating environment descriptor '/home/omkar/two_scara_ws/install/conveyor_description/share/conveyor_description/hook/cmake_prefix_path.dsv'
[1.603s] INFO:colcon.colcon_core.shell:Creating environment hook '/home/omkar/two_scara_ws/install/conveyor_description/share/conveyor_description/hook/cmake_prefix_path.sh'
[1.607s] Level 1:colcon.colcon_core.environment:checking '/home/omkar/two_scara_ws/install/conveyor_description/bin'
[1.608s] Level 1:colcon.colcon_core.environment:checking '/home/omkar/two_scara_ws/install/conveyor_description/lib/pkgconfig/conveyor_description.pc'
[1.609s] Level 1:colcon.colcon_core.environment:checking '/home/omkar/two_scara_ws/install/conveyor_description/lib/python3.10/site-packages'
[1.609s] Level 1:colcon.colcon_core.environment:checking '/home/omkar/two_scara_ws/install/conveyor_description/bin'
[1.610s] INFO:colcon.colcon_core.shell:Creating package script '/home/omkar/two_scara_ws/install/conveyor_description/share/conveyor_description/package.ps1'
[1.612s] INFO:colcon.colcon_core.shell:Creating package descriptor '/home/omkar/two_scara_ws/install/conveyor_description/share/conveyor_description/package.dsv'
[1.614s] INFO:colcon.colcon_core.shell:Creating package script '/home/omkar/two_scara_ws/install/conveyor_description/share/conveyor_description/package.sh'
[1.618s] INFO:colcon.colcon_core.shell:Creating package script '/home/omkar/two_scara_ws/install/conveyor_description/share/conveyor_description/package.bash'
[1.621s] INFO:colcon.colcon_core.shell:Creating package script '/home/omkar/two_scara_ws/install/conveyor_description/share/conveyor_description/package.zsh'
[1.623s] Level 1:colcon.colcon_core.environment:create_file_with_runtime_dependencies(/home/omkar/two_scara_ws/install/conveyor_description/share/colcon-core/packages/conveyor_description)
[1.624s] Level 1:colcon.colcon_core.environment:create_environment_scripts_only(conveyor_description)
[1.625s] Level 1:colcon.colcon_core.environment:checking '/home/omkar/two_scara_ws/install/conveyor_description' for CMake module files
[1.626s] Level 1:colcon.colcon_core.environment:checking '/home/omkar/two_scara_ws/install/conveyor_description' for CMake config files
[1.626s] Level 1:colcon.colcon_core.shell:create_environment_hook('conveyor_description', 'cmake_prefix_path')
[1.627s] INFO:colcon.colcon_core.shell:Creating environment hook '/home/omkar/two_scara_ws/install/conveyor_description/share/conveyor_description/hook/cmake_prefix_path.ps1'
[1.628s] INFO:colcon.colcon_core.shell:Creating environment descriptor '/home/omkar/two_scara_ws/install/conveyor_description/share/conveyor_description/hook/cmake_prefix_path.dsv'
[1.630s] INFO:colcon.colcon_core.shell:Creating environment hook '/home/omkar/two_scara_ws/install/conveyor_description/share/conveyor_description/hook/cmake_prefix_path.sh'
[1.632s] Level 1:colcon.colcon_core.environment:checking '/home/omkar/two_scara_ws/install/conveyor_description/bin'
[1.633s] Level 1:colcon.colcon_core.environment:checking '/home/omkar/two_scara_ws/install/conveyor_description/lib/pkgconfig/conveyor_description.pc'
[1.633s] Level 1:colcon.colcon_core.environment:checking '/home/omkar/two_scara_ws/install/conveyor_description/lib/python3.10/site-packages'
[1.634s] Level 1:colcon.colcon_core.environment:checking '/home/omkar/two_scara_ws/install/conveyor_description/bin'
[1.635s] INFO:colcon.colcon_core.shell:Creating package script '/home/omkar/two_scara_ws/install/conveyor_description/share/conveyor_description/package.ps1'
[1.637s] INFO:colcon.colcon_core.shell:Creating package descriptor '/home/omkar/two_scara_ws/install/conveyor_description/share/conveyor_description/package.dsv'
[1.639s] INFO:colcon.colcon_core.shell:Creating package script '/home/omkar/two_scara_ws/install/conveyor_description/share/conveyor_description/package.sh'
[1.641s] INFO:colcon.colcon_core.shell:Creating package script '/home/omkar/two_scara_ws/install/conveyor_description/share/conveyor_description/package.bash'
[1.642s] INFO:colcon.colcon_core.shell:Creating package script '/home/omkar/two_scara_ws/install/conveyor_description/share/conveyor_description/package.zsh'
[1.643s] Level 1:colcon.colcon_core.environment:create_file_with_runtime_dependencies(/home/omkar/two_scara_ws/install/conveyor_description/share/colcon-core/packages/conveyor_description)
[1.646s] Level 1:colcon.colcon_core.environment:create_environment_scripts_only(scara_description)
[1.647s] Level 1:colcon.colcon_core.environment:checking '/home/omkar/two_scara_ws/install/scara_description' for CMake module files
[1.650s] DEBUG:colcon.colcon_core.event_handler.log_command:Invoked command in '/home/omkar/two_scara_ws/build/scara_description' returned '0': CMAKE_PREFIX_PATH=/opt/ros/humble /usr/bin/cmake --install /home/omkar/two_scara_ws/build/scara_description
[1.651s] Level 1:colcon.colcon_core.environment:checking '/home/omkar/two_scara_ws/install/scara_description' for CMake config files
[1.651s] Level 1:colcon.colcon_core.shell:create_environment_hook('scara_description', 'cmake_prefix_path')
[1.652s] INFO:colcon.colcon_core.shell:Creating environment hook '/home/omkar/two_scara_ws/install/scara_description/share/scara_description/hook/cmake_prefix_path.ps1'
[1.653s] INFO:colcon.colcon_core.shell:Creating environment descriptor '/home/omkar/two_scara_ws/install/scara_description/share/scara_description/hook/cmake_prefix_path.dsv'
[1.654s] INFO:colcon.colcon_core.shell:Creating environment hook '/home/omkar/two_scara_ws/install/scara_description/share/scara_description/hook/cmake_prefix_path.sh'
[1.655s] Level 1:colcon.colcon_core.environment:checking '/home/omkar/two_scara_ws/install/scara_description/bin'
[1.655s] Level 1:colcon.colcon_core.environment:checking '/home/omkar/two_scara_ws/install/scara_description/lib/pkgconfig/scara_description.pc'
[1.656s] Level 1:colcon.colcon_core.environment:checking '/home/omkar/two_scara_ws/install/scara_description/lib/python3.10/site-packages'
[1.657s] Level 1:colcon.colcon_core.environment:checking '/home/omkar/two_scara_ws/install/scara_description/bin'
[1.657s] INFO:colcon.colcon_core.shell:Creating package script '/home/omkar/two_scara_ws/install/scara_description/share/scara_description/package.ps1'
[1.659s] INFO:colcon.colcon_core.shell:Creating package descriptor '/home/omkar/two_scara_ws/install/scara_description/share/scara_description/package.dsv'
[1.660s] INFO:colcon.colcon_core.shell:Creating package script '/home/omkar/two_scara_ws/install/scara_description/share/scara_description/package.sh'
[1.661s] INFO:colcon.colcon_core.shell:Creating package script '/home/omkar/two_scara_ws/install/scara_description/share/scara_description/package.bash'
[1.663s] INFO:colcon.colcon_core.shell:Creating package script '/home/omkar/two_scara_ws/install/scara_description/share/scara_description/package.zsh'
[1.664s] Level 1:colcon.colcon_core.environment:create_file_with_runtime_dependencies(/home/omkar/two_scara_ws/install/scara_description/share/colcon-core/packages/scara_description)
[1.666s] Level 1:colcon.colcon_core.environment:create_environment_scripts_only(scara_description)
[1.667s] Level 1:colcon.colcon_core.environment:checking '/home/omkar/two_scara_ws/install/scara_description' for CMake module files
[1.669s] Level 1:colcon.colcon_core.environment:checking '/home/omkar/two_scara_ws/install/scara_description' for CMake config files
[1.670s] Level 1:colcon.colcon_core.shell:create_environment_hook('scara_description', 'cmake_prefix_path')
[1.671s] INFO:colcon.colcon_core.shell:Creating environment hook '/home/omkar/two_scara_ws/install/scara_description/share/scara_description/hook/cmake_prefix_path.ps1'
[1.672s] INFO:colcon.colcon_core.shell:Creating environment descriptor '/home/omkar/two_scara_ws/install/scara_description/share/scara_description/hook/cmake_prefix_path.dsv'
[1.673s] INFO:colcon.colcon_core.shell:Creating environment hook '/home/omkar/two_scara_ws/install/scara_description/share/scara_description/hook/cmake_prefix_path.sh'
[1.675s] Level 1:colcon.colcon_core.environment:checking '/home/omkar/two_scara_ws/install/scara_description/bin'
[1.675s] Level 1:colcon.colcon_core.environment:checking '/home/omkar/two_scara_ws/install/scara_description/lib/pkgconfig/scara_description.pc'
[1.676s] Level 1:colcon.colcon_core.environment:checking '/home/omkar/two_scara_ws/install/scara_description/lib/python3.10/site-packages'
[1.676s] Level 1:colcon.colcon_core.environment:checking '/home/omkar/two_scara_ws/install/scara_description/bin'
[1.677s] INFO:colcon.colcon_core.shell:Creating package script '/home/omkar/two_scara_ws/install/scara_description/share/scara_description/package.ps1'
[1.679s] INFO:colcon.colcon_core.shell:Creating package descriptor '/home/omkar/two_scara_ws/install/scara_description/share/scara_description/package.dsv'
[1.680s] INFO:colcon.colcon_core.shell:Creating package script '/home/omkar/two_scara_ws/install/scara_description/share/scara_description/package.sh'
[1.681s] INFO:colcon.colcon_core.shell:Creating package script '/home/omkar/two_scara_ws/install/scara_description/share/scara_description/package.bash'
[1.682s] INFO:colcon.colcon_core.shell:Creating package script '/home/omkar/two_scara_ws/install/scara_description/share/scara_description/package.zsh'
[1.683s] Level 1:colcon.colcon_core.environment:create_file_with_runtime_dependencies(/home/omkar/two_scara_ws/install/scara_description/share/colcon-core/packages/scara_description)
[1.686s] DEBUG:colcon.colcon_core.event_handler.log_command:Invoked command in '/home/omkar/two_scara_ws/build/scara_control' returned '0': CMAKE_PREFIX_PATH=/opt/ros/humble /usr/bin/cmake --build /home/omkar/two_scara_ws/build/scara_control -- -j8 -l8
[1.690s] DEBUG:colcon.colcon_core.event_handler.log_command:Invoking command in '/home/omkar/two_scara_ws/build/scara_control': CMAKE_PREFIX_PATH=/opt/ros/humble /usr/bin/cmake --install /home/omkar/two_scara_ws/build/scara_control
[1.691s] Level 1:colcon.colcon_core.environment:create_environment_scripts_only(scara_gazebo)
[1.691s] Level 1:colcon.colcon_core.environment:checking '/home/omkar/two_scara_ws/install/scara_gazebo' for CMake module files
[1.693s] DEBUG:colcon.colcon_core.event_handler.log_command:Invoked command in '/home/omkar/two_scara_ws/build/scara_gazebo' returned '0': CMAKE_PREFIX_PATH=/opt/ros/humble /usr/bin/cmake --install /home/omkar/two_scara_ws/build/scara_gazebo
[1.694s] Level 1:colcon.colcon_core.environment:checking '/home/omkar/two_scara_ws/install/scara_gazebo' for CMake config files
[1.695s] Level 1:colcon.colcon_core.shell:create_environment_hook('scara_gazebo', 'cmake_prefix_path')
[1.697s] INFO:colcon.colcon_core.shell:Creating environment hook '/home/omkar/two_scara_ws/install/scara_gazebo/share/scara_gazebo/hook/cmake_prefix_path.ps1'
[1.699s] INFO:colcon.colcon_core.shell:Creating environment descriptor '/home/omkar/two_scara_ws/install/scara_gazebo/share/scara_gazebo/hook/cmake_prefix_path.dsv'
[1.700s] INFO:colcon.colcon_core.shell:Creating environment hook '/home/omkar/two_scara_ws/install/scara_gazebo/share/scara_gazebo/hook/cmake_prefix_path.sh'
[1.703s] Level 1:colcon.colcon_core.environment:checking '/home/omkar/two_scara_ws/install/scara_gazebo/bin'
[1.705s] Level 1:colcon.colcon_core.environment:checking '/home/omkar/two_scara_ws/install/scara_gazebo/lib/pkgconfig/scara_gazebo.pc'
[1.706s] Level 1:colcon.colcon_core.environment:checking '/home/omkar/two_scara_ws/install/scara_gazebo/lib/python3.10/site-packages'
[1.707s] Level 1:colcon.colcon_core.environment:checking '/home/omkar/two_scara_ws/install/scara_gazebo/bin'
[1.708s] INFO:colcon.colcon_core.shell:Creating package script '/home/omkar/two_scara_ws/install/scara_gazebo/share/scara_gazebo/package.ps1'
[1.709s] INFO:colcon.colcon_core.shell:Creating package descriptor '/home/omkar/two_scara_ws/install/scara_gazebo/share/scara_gazebo/package.dsv'
[1.711s] INFO:colcon.colcon_core.shell:Creating package script '/home/omkar/two_scara_ws/install/scara_gazebo/share/scara_gazebo/package.sh'
[1.713s] INFO:colcon.colcon_core.shell:Creating package script '/home/omkar/two_scara_ws/install/scara_gazebo/share/scara_gazebo/package.bash'
[1.714s] INFO:colcon.colcon_core.shell:Creating package script '/home/omkar/two_scara_ws/install/scara_gazebo/share/scara_gazebo/package.zsh'
[1.715s] Level 1:colcon.colcon_core.environment:create_file_with_runtime_dependencies(/home/omkar/two_scara_ws/install/scara_gazebo/share/colcon-core/packages/scara_gazebo)
[1.717s] Level 1:colcon.colcon_core.environment:create_environment_scripts_only(scara_gazebo)
[1.717s] Level 1:colcon.colcon_core.environment:checking '/home/omkar/two_scara_ws/install/scara_gazebo' for CMake module files
[1.718s] Level 1:colcon.colcon_core.environment:checking '/home/omkar/two_scara_ws/install/scara_gazebo' for CMake config files
[1.719s] Level 1:colcon.colcon_core.shell:create_environment_hook('scara_gazebo', 'cmake_prefix_path')
[1.720s] INFO:colcon.colcon_core.shell:Creating environment hook '/home/omkar/two_scara_ws/install/scara_gazebo/share/scara_gazebo/hook/cmake_prefix_path.ps1'
[1.721s] INFO:colcon.colcon_core.shell:Creating environment descriptor '/home/omkar/two_scara_ws/install/scara_gazebo/share/scara_gazebo/hook/cmake_prefix_path.dsv'
[1.722s] INFO:colcon.colcon_core.shell:Creating environment hook '/home/omkar/two_scara_ws/install/scara_gazebo/share/scara_gazebo/hook/cmake_prefix_path.sh'
[1.723s] Level 1:colcon.colcon_core.environment:checking '/home/omkar/two_scara_ws/install/scara_gazebo/bin'
[1.723s] Level 1:colcon.colcon_core.environment:checking '/home/omkar/two_scara_ws/install/scara_gazebo/lib/pkgconfig/scara_gazebo.pc'
[1.724s] Level 1:colcon.colcon_core.environment:checking '/home/omkar/two_scara_ws/install/scara_gazebo/lib/python3.10/site-packages'
[1.725s] Level 1:colcon.colcon_core.environment:checking '/home/omkar/two_scara_ws/install/scara_gazebo/bin'
[1.725s] INFO:colcon.colcon_core.shell:Creating package script '/home/omkar/two_scara_ws/install/scara_gazebo/share/scara_gazebo/package.ps1'
[1.727s] INFO:colcon.colcon_core.shell:Creating package descriptor '/home/omkar/two_scara_ws/install/scara_gazebo/share/scara_gazebo/package.dsv'
[1.729s] INFO:colcon.colcon_core.shell:Creating package script '/home/omkar/two_scara_ws/install/scara_gazebo/share/scara_gazebo/package.sh'
[1.731s] INFO:colcon.colcon_core.shell:Creating package script '/home/omkar/two_scara_ws/install/scara_gazebo/share/scara_gazebo/package.bash'
[1.733s] INFO:colcon.colcon_core.shell:Creating package script '/home/omkar/two_scara_ws/install/scara_gazebo/share/scara_gazebo/package.zsh'
[1.735s] Level 1:colcon.colcon_core.environment:create_file_with_runtime_dependencies(/home/omkar/two_scara_ws/install/scara_gazebo/share/colcon-core/packages/scara_gazebo)
[1.758s] Level 1:colcon.colcon_core.environment:create_environment_scripts_only(scara_control)
[1.760s] Level 1:colcon.colcon_core.environment:checking '/home/omkar/two_scara_ws/install/scara_control' for CMake module files
[1.763s] DEBUG:colcon.colcon_core.event_handler.log_command:Invoked command in '/home/omkar/two_scara_ws/build/scara_control' returned '0': CMAKE_PREFIX_PATH=/opt/ros/humble /usr/bin/cmake --install /home/omkar/two_scara_ws/build/scara_control
[1.765s] Level 1:colcon.colcon_core.environment:checking '/home/omkar/two_scara_ws/install/scara_control' for CMake config files
[1.766s] Level 1:colcon.colcon_core.shell:create_environment_hook('scara_control', 'cmake_prefix_path')
[1.767s] INFO:colcon.colcon_core.shell:Creating environment hook '/home/omkar/two_scara_ws/install/scara_control/share/scara_control/hook/cmake_prefix_path.ps1'
[1.768s] INFO:colcon.colcon_core.shell:Creating environment descriptor '/home/omkar/two_scara_ws/install/scara_control/share/scara_control/hook/cmake_prefix_path.dsv'
[1.770s] INFO:colcon.colcon_core.shell:Creating environment hook '/home/omkar/two_scara_ws/install/scara_control/share/scara_control/hook/cmake_prefix_path.sh'
[1.773s] Level 1:colcon.colcon_core.environment:checking '/home/omkar/two_scara_ws/install/scara_control/lib'
[1.774s] Level 1:colcon.colcon_core.environment:checking '/home/omkar/two_scara_ws/install/scara_control/bin'
[1.774s] Level 1:colcon.colcon_core.environment:checking '/home/omkar/two_scara_ws/install/scara_control/lib/pkgconfig/scara_control.pc'
[1.775s] Level 1:colcon.colcon_core.environment:checking '/home/omkar/two_scara_ws/install/scara_control/lib/python3.10/site-packages'
[1.775s] Level 1:colcon.colcon_core.environment:checking '/home/omkar/two_scara_ws/install/scara_control/bin'
[1.776s] INFO:colcon.colcon_core.shell:Creating package script '/home/omkar/two_scara_ws/install/scara_control/share/scara_control/package.ps1'
[1.778s] INFO:colcon.colcon_core.shell:Creating package descriptor '/home/omkar/two_scara_ws/install/scara_control/share/scara_control/package.dsv'
[1.779s] INFO:colcon.colcon_core.shell:Creating package script '/home/omkar/two_scara_ws/install/scara_control/share/scara_control/package.sh'
[1.781s] INFO:colcon.colcon_core.shell:Creating package script '/home/omkar/two_scara_ws/install/scara_control/share/scara_control/package.bash'
[1.782s] INFO:colcon.colcon_core.shell:Creating package script '/home/omkar/two_scara_ws/install/scara_control/share/scara_control/package.zsh'
[1.783s] Level 1:colcon.colcon_core.environment:create_file_with_runtime_dependencies(/home/omkar/two_scara_ws/install/scara_control/share/colcon-core/packages/scara_control)
[1.785s] Level 1:colcon.colcon_core.environment:create_environment_scripts_only(scara_control)
[1.786s] Level 1:colcon.colcon_core.environment:checking '/home/omkar/two_scara_ws/install/scara_control' for CMake module files
[1.787s] Level 1:colcon.colcon_core.environment:checking '/home/omkar/two_scara_ws/install/scara_control' for CMake config files
[1.789s] Level 1:colcon.colcon_core.shell:create_environment_hook('scara_control', 'cmake_prefix_path')
[1.789s] INFO:colcon.colcon_core.shell:Creating environment hook '/home/omkar/two_scara_ws/install/scara_control/share/scara_control/hook/cmake_prefix_path.ps1'
[1.791s] INFO:colcon.colcon_core.shell:Creating environment descriptor '/home/omkar/two_scara_ws/install/scara_control/share/scara_control/hook/cmake_prefix_path.dsv'
[1.793s] INFO:colcon.colcon_core.shell:Creating environment hook '/home/omkar/two_scara_ws/install/scara_control/share/scara_control/hook/cmake_prefix_path.sh'
[1.794s] Level 1:colcon.colcon_core.environment:checking '/home/omkar/two_scara_ws/install/scara_control/lib'
[1.795s] Level 1:colcon.colcon_core.environment:checking '/home/omkar/two_scara_ws/install/scara_control/bin'
[1.795s] Level 1:colcon.colcon_core.environment:checking '/home/omkar/two_scara_ws/install/scara_control/lib/pkgconfig/scara_control.pc'
[1.796s] Level 1:colcon.colcon_core.environment:checking '/home/omkar/two_scara_ws/install/scara_control/lib/python3.10/site-packages'
[1.796s] Level 1:colcon.colcon_core.environment:checking '/home/omkar/two_scara_ws/install/scara_control/bin'
[1.797s] INFO:colcon.colcon_core.shell:Creating package script '/home/omkar/two_scara_ws/install/scara_control/share/scara_control/package.ps1'
[1.801s] INFO:colcon.colcon_core.shell:Creating package descriptor '/home/omkar/two_scara_ws/install/scara_control/share/scara_control/package.dsv'
[1.802s] INFO:colcon.colcon_core.shell:Creating package script '/home/omkar/two_scara_ws/install/scara_control/share/scara_control/package.sh'
[1.804s] INFO:colcon.colcon_core.shell:Creating package script '/home/omkar/two_scara_ws/install/scara_control/share/scara_control/package.bash'
[1.805s] INFO:colcon.colcon_core.shell:Creating package script '/home/omkar/two_scara_ws/install/scara_control/share/scara_control/package.zsh'
[1.806s] Level 1:colcon.colcon_core.environment:create_file_with_runtime_dependencies(/home/omkar/two_scara_ws/install/scara_control/share/colcon-core/packages/scara_control)
[1.807s] DEBUG:colcon.colcon_parallel_executor.executor.parallel:closing loop
[1.808s] DEBUG:colcon.colcon_parallel_executor.executor.parallel:loop closed
[1.808s] DEBUG:colcon.colcon_parallel_executor.executor.parallel:run_until_complete finished with '0'
[1.808s] DEBUG:colcon.colcon_core.event_reactor:joining thread
[1.821s] INFO:colcon.colcon_core.plugin_system:Skipping extension 'colcon_notification.desktop_notification.terminal_notifier': Not used on non-Darwin systems
[1.821s] INFO:colcon.colcon_core.plugin_system:Skipping extension 'colcon_notification.desktop_notification.win32': Not used on non-Windows systems
[1.822s] INFO:colcon.colcon_notification.desktop_notification:Sending desktop notification using 'notify2'
[1.876s] DEBUG:colcon.colcon_core.event_reactor:joined thread
[1.877s] INFO:colcon.colcon_core.shell:Creating prefix script '/home/omkar/two_scara_ws/install/local_setup.ps1'
[1.879s] INFO:colcon.colcon_core.shell:Creating prefix util module '/home/omkar/two_scara_ws/install/_local_setup_util_ps1.py'
[1.884s] INFO:colcon.colcon_core.shell:Creating prefix chain script '/home/omkar/two_scara_ws/install/setup.ps1'
[1.887s] INFO:colcon.colcon_core.shell:Creating prefix script '/home/omkar/two_scara_ws/install/local_setup.sh'
[1.889s] INFO:colcon.colcon_core.shell:Creating prefix util module '/home/omkar/two_scara_ws/install/_local_setup_util_sh.py'
[1.891s] INFO:colcon.colcon_core.shell:Creating prefix chain script '/home/omkar/two_scara_ws/install/setup.sh'
[1.894s] INFO:colcon.colcon_core.shell:Creating prefix script '/home/omkar/two_scara_ws/install/local_setup.bash'
[1.895s] INFO:colcon.colcon_core.shell:Creating prefix chain script '/home/omkar/two_scara_ws/install/setup.bash'
[1.898s] INFO:colcon.colcon_core.shell:Creating prefix script '/home/omkar/two_scara_ws/install/local_setup.zsh'
[1.900s] INFO:colcon.colcon_core.shell:Creating prefix chain script '/home/omkar/two_scara_ws/install/setup.zsh'
