-- Install configuration: ""
-- Up-to-date: /home/omkar/two_scara_ws/install/conveyor_description/share/conveyor_description/urdf
-- Up-to-date: /home/omkar/two_scara_ws/install/conveyor_description/share/conveyor_description/urdf/conveyor.urdf.xacro
-- Up-to-date: /home/omkar/two_scara_ws/install/conveyor_description/share/conveyor_description/launch
-- Up-to-date: /home/omkar/two_scara_ws/install/conveyor_description/share/conveyor_description/launch/conveyor_gz.launch.py
-- Up-to-date: /home/omkar/two_scara_ws/install/conveyor_description/share/ament_index/resource_index/package_run_dependencies/conveyor_description
-- Up-to-date: /home/omkar/two_scara_ws/install/conveyor_description/share/ament_index/resource_index/parent_prefix_path/conveyor_description
-- Up-to-date: /home/omkar/two_scara_ws/install/conveyor_description/share/conveyor_description/environment/ament_prefix_path.sh
-- Up-to-date: /home/omkar/two_scara_ws/install/conveyor_description/share/conveyor_description/environment/ament_prefix_path.dsv
-- Up-to-date: /home/omkar/two_scara_ws/install/conveyor_description/share/conveyor_description/environment/path.sh
-- Up-to-date: /home/omkar/two_scara_ws/install/conveyor_description/share/conveyor_description/environment/path.dsv
-- Up-to-date: /home/omkar/two_scara_ws/install/conveyor_description/share/conveyor_description/local_setup.bash
-- Up-to-date: /home/omkar/two_scara_ws/install/conveyor_description/share/conveyor_description/local_setup.sh
-- Up-to-date: /home/omkar/two_scara_ws/install/conveyor_description/share/conveyor_description/local_setup.zsh
-- Up-to-date: /home/omkar/two_scara_ws/install/conveyor_description/share/conveyor_description/local_setup.dsv
-- Up-to-date: /home/omkar/two_scara_ws/install/conveyor_description/share/conveyor_description/package.dsv
-- Up-to-date: /home/omkar/two_scara_ws/install/conveyor_description/share/ament_index/resource_index/packages/conveyor_description
-- Up-to-date: /home/omkar/two_scara_ws/install/conveyor_description/share/conveyor_description/cmake/conveyor_descriptionConfig.cmake
-- Up-to-date: /home/omkar/two_scara_ws/install/conveyor_description/share/conveyor_description/cmake/conveyor_descriptionConfig-version.cmake
-- Up-to-date: /home/omkar/two_scara_ws/install/conveyor_description/share/conveyor_description/package.xml
