[0.063s] Invoking command in '/home/omkar/two_scara_ws/build/conveyor_description': CMAKE_PREFIX_PATH=/opt/ros/humble /usr/bin/cmake --build /home/omkar/two_scara_ws/build/conveyor_description -- -j8 -l8
[0.349s] Invoked command in '/home/omkar/two_scara_ws/build/conveyor_description' returned '0': CMAKE_PREFIX_PATH=/opt/ros/humble /usr/bin/cmake --build /home/omkar/two_scara_ws/build/conveyor_description -- -j8 -l8
[0.397s] Invoking command in '/home/omkar/two_scara_ws/build/conveyor_description': CMAKE_PREFIX_PATH=/opt/ros/humble /usr/bin/cmake --install /home/omkar/two_scara_ws/build/conveyor_description
[0.455s] -- Install configuration: ""
[0.457s] -- Up-to-date: /home/omkar/two_scara_ws/install/conveyor_description/share/conveyor_description/urdf
[0.458s] -- Up-to-date: /home/omkar/two_scara_ws/install/conveyor_description/share/conveyor_description/urdf/conveyor.urdf.xacro
[0.459s] -- Up-to-date: /home/omkar/two_scara_ws/install/conveyor_description/share/conveyor_description/launch
[0.461s] -- Up-to-date: /home/omkar/two_scara_ws/install/conveyor_description/share/conveyor_description/launch/conveyor_gz.launch.py
[0.462s] -- Up-to-date: /home/omkar/two_scara_ws/install/conveyor_description/share/ament_index/resource_index/package_run_dependencies/conveyor_description
[0.462s] -- Up-to-date: /home/omkar/two_scara_ws/install/conveyor_description/share/ament_index/resource_index/parent_prefix_path/conveyor_description
[0.462s] -- Up-to-date: /home/omkar/two_scara_ws/install/conveyor_description/share/conveyor_description/environment/ament_prefix_path.sh
[0.462s] -- Up-to-date: /home/omkar/two_scara_ws/install/conveyor_description/share/conveyor_description/environment/ament_prefix_path.dsv
[0.476s] -- Up-to-date: /home/omkar/two_scara_ws/install/conveyor_description/share/conveyor_description/environment/path.sh
[0.478s] -- Up-to-date: /home/omkar/two_scara_ws/install/conveyor_description/share/conveyor_description/environment/path.dsv
[0.478s] -- Up-to-date: /home/omkar/two_scara_ws/install/conveyor_description/share/conveyor_description/local_setup.bash
[0.478s] -- Up-to-date: /home/omkar/two_scara_ws/install/conveyor_description/share/conveyor_description/local_setup.sh
[0.478s] -- Up-to-date: /home/omkar/two_scara_ws/install/conveyor_description/share/conveyor_description/local_setup.zsh
[0.485s] -- Up-to-date: /home/omkar/two_scara_ws/install/conveyor_description/share/conveyor_description/local_setup.dsv
[0.490s] -- Up-to-date: /home/omkar/two_scara_ws/install/conveyor_description/share/conveyor_description/package.dsv
[0.493s] -- Up-to-date: /home/omkar/two_scara_ws/install/conveyor_description/share/ament_index/resource_index/packages/conveyor_description
[0.493s] -- Up-to-date: /home/omkar/two_scara_ws/install/conveyor_description/share/conveyor_description/cmake/conveyor_descriptionConfig.cmake
[0.493s] -- Up-to-date: /home/omkar/two_scara_ws/install/conveyor_description/share/conveyor_description/cmake/conveyor_descriptionConfig-version.cmake
[0.493s] -- Up-to-date: /home/omkar/two_scara_ws/install/conveyor_description/share/conveyor_description/package.xml
[0.508s] Invoked command in '/home/omkar/two_scara_ws/build/conveyor_description' returned '0': CMAKE_PREFIX_PATH=/opt/ros/humble /usr/bin/cmake --install /home/omkar/two_scara_ws/build/conveyor_description
