[0.014s] Invoking command in '/home/omkar/two_scara_ws/build/scara_description': CMAKE_PREFIX_PATH=${CMAKE_PREFIX_PATH}:/opt/ros/humble /usr/bin/cmake /home/omkar/two_scara_ws/src/scara_description -DAMENT_CMAKE_SYMLINK_INSTALL=1 -DCMAKE_INSTALL_PREFIX=/home/omkar/two_scara_ws/install/scara_description
[0.028s] -- Found ament_cmake: 1.3.11 (/opt/ros/humble/share/ament_cmake/cmake)
[0.183s] -- Override CMake install command with custom implementation using symlinks instead of copying resources
[0.283s] -- Configuring done
[0.285s] -- Generating done
[0.287s] -- Build files have been written to: /home/omkar/two_scara_ws/build/scara_description
[0.289s] Invoked command in '/home/omkar/two_scara_ws/build/scara_description' returned '0': CMAKE_PREFIX_PATH=${CMAKE_PREFIX_PATH}:/opt/ros/humble /usr/bin/cmake /home/omkar/two_scara_ws/src/scara_description -DAMENT_CMAKE_SYMLINK_INSTALL=1 -DCMAKE_INSTALL_PREFIX=/home/omkar/two_scara_ws/install/scara_description
[0.291s] Invoking command in '/home/omkar/two_scara_ws/build/scara_description': CMAKE_PREFIX_PATH=${CMAKE_PREFIX_PATH}:/opt/ros/humble /usr/bin/cmake --build /home/omkar/two_scara_ws/build/scara_description -- -j8 -l8
[0.334s] Invoked command in '/home/omkar/two_scara_ws/build/scara_description' returned '0': CMAKE_PREFIX_PATH=${CMAKE_PREFIX_PATH}:/opt/ros/humble /usr/bin/cmake --build /home/omkar/two_scara_ws/build/scara_description -- -j8 -l8
[0.347s] Invoking command in '/home/omkar/two_scara_ws/build/scara_description': CMAKE_PREFIX_PATH=${CMAKE_PREFIX_PATH}:/opt/ros/humble /usr/bin/cmake --install /home/omkar/two_scara_ws/build/scara_description
[0.354s] -- Install configuration: ""
[0.354s] -- Execute custom install script
[0.355s] -- Symlinking: /home/omkar/two_scara_ws/install/scara_description/share/scara_description/urdf/scara1.urdf.xacro
[0.363s] -- Symlinking: /home/omkar/two_scara_ws/install/scara_description/share/scara_description/launch/spawn_scara.launch.py
[0.371s] -- Symlinking: /home/omkar/two_scara_ws/install/scara_description/share/ament_index/resource_index/package_run_dependencies/scara_description
[0.380s] -- Symlinking: /home/omkar/two_scara_ws/install/scara_description/share/ament_index/resource_index/parent_prefix_path/scara_description
[0.388s] -- Symlinking: /home/omkar/two_scara_ws/install/scara_description/share/scara_description/environment/ament_prefix_path.sh
[0.396s] -- Symlinking: /home/omkar/two_scara_ws/install/scara_description/share/scara_description/environment/ament_prefix_path.dsv
[0.406s] -- Symlinking: /home/omkar/two_scara_ws/install/scara_description/share/scara_description/environment/path.sh
[0.414s] -- Symlinking: /home/omkar/two_scara_ws/install/scara_description/share/scara_description/environment/path.dsv
[0.426s] -- Symlinking: /home/omkar/two_scara_ws/install/scara_description/share/scara_description/local_setup.bash
[0.437s] -- Symlinking: /home/omkar/two_scara_ws/install/scara_description/share/scara_description/local_setup.sh
[0.448s] -- Symlinking: /home/omkar/two_scara_ws/install/scara_description/share/scara_description/local_setup.zsh
[0.456s] -- Symlinking: /home/omkar/two_scara_ws/install/scara_description/share/scara_description/local_setup.dsv
[0.465s] -- Symlinking: /home/omkar/two_scara_ws/install/scara_description/share/scara_description/package.dsv
[0.474s] -- Symlinking: /home/omkar/two_scara_ws/install/scara_description/share/ament_index/resource_index/packages/scara_description
[0.483s] -- Symlinking: /home/omkar/two_scara_ws/install/scara_description/share/scara_description/cmake/scara_descriptionConfig.cmake
[0.492s] -- Symlinking: /home/omkar/two_scara_ws/install/scara_description/share/scara_description/cmake/scara_descriptionConfig-version.cmake
[0.501s] -- Symlinking: /home/omkar/two_scara_ws/install/scara_description/share/scara_description/package.xml
[0.512s] Invoked command in '/home/omkar/two_scara_ws/build/scara_description' returned '0': CMAKE_PREFIX_PATH=${CMAKE_PREFIX_PATH}:/opt/ros/humble /usr/bin/cmake --install /home/omkar/two_scara_ws/build/scara_description
