-- Found ament_cmake: 1.3.11 (/opt/ros/humble/share/ament_cmake/cmake)
-- Override CMake install command with custom implementation using symlinks instead of copying resources
-- Configuring done
-- Generating done
-- Build files have been written to: /home/omkar/two_scara_ws/build/scara_gazebo
-- Install configuration: ""
-- Execute custom install script
-- Symlinking: /home/omkar/two_scara_ws/install/scara_gazebo/share/scara_gazebo/launch/scara_world.launch.py
-- Symlinking: /home/omkar/two_scara_ws/install/scara_gazebo/share/scara_gazebo/worlds/scara_world.world
-- Symlinking: /home/omkar/two_scara_ws/install/scara_gazebo/share/ament_index/resource_index/package_run_dependencies/scara_gazebo
-- Symlinking: /home/omkar/two_scara_ws/install/scara_gazebo/share/ament_index/resource_index/parent_prefix_path/scara_gazebo
-- Symlinking: /home/omkar/two_scara_ws/install/scara_gazebo/share/scara_gazebo/environment/ament_prefix_path.sh
-- Symlinking: /home/omkar/two_scara_ws/install/scara_gazebo/share/scara_gazebo/environment/ament_prefix_path.dsv
-- Symlinking: /home/omkar/two_scara_ws/install/scara_gazebo/share/scara_gazebo/environment/path.sh
-- Symlinking: /home/omkar/two_scara_ws/install/scara_gazebo/share/scara_gazebo/environment/path.dsv
-- Symlinking: /home/omkar/two_scara_ws/install/scara_gazebo/share/scara_gazebo/local_setup.bash
-- Symlinking: /home/omkar/two_scara_ws/install/scara_gazebo/share/scara_gazebo/local_setup.sh
-- Symlinking: /home/omkar/two_scara_ws/install/scara_gazebo/share/scara_gazebo/local_setup.zsh
-- Symlinking: /home/omkar/two_scara_ws/install/scara_gazebo/share/scara_gazebo/local_setup.dsv
-- Symlinking: /home/omkar/two_scara_ws/install/scara_gazebo/share/scara_gazebo/package.dsv
-- Symlinking: /home/omkar/two_scara_ws/install/scara_gazebo/share/ament_index/resource_index/packages/scara_gazebo
-- Symlinking: /home/omkar/two_scara_ws/install/scara_gazebo/share/scara_gazebo/cmake/scara_gazeboConfig.cmake
-- Symlinking: /home/omkar/two_scara_ws/install/scara_gazebo/share/scara_gazebo/cmake/scara_gazeboConfig-version.cmake
-- Symlinking: /home/omkar/two_scara_ws/install/scara_gazebo/share/scara_gazebo/package.xml
