-- Found ament_cmake: 1.3.11 (/opt/ros/humble/share/ament_cmake/cmake)
-- Override CMake install command with custom implementation using symlinks instead of copying resources
-- Configuring done
-- Generating done
-- Build files have been written to: /home/omkar/two_scara_ws/build/scara_description
-- Install configuration: ""
-- Execute custom install script
-- Up-to-date symlink: /home/omkar/two_scara_ws/install/scara_description/share/scara_description/urdf/scara1.urdf.xacro
-- Up-to-date symlink: /home/omkar/two_scara_ws/install/scara_description/share/scara_description/launch/spawn_scara.launch.py
-- Up-to-date symlink: /home/omkar/two_scara_ws/install/scara_description/share/ament_index/resource_index/package_run_dependencies/scara_description
-- Up-to-date symlink: /home/omkar/two_scara_ws/install/scara_description/share/ament_index/resource_index/parent_prefix_path/scara_description
-- Up-to-date symlink: /home/omkar/two_scara_ws/install/scara_description/share/scara_description/environment/ament_prefix_path.sh
-- Up-to-date symlink: /home/omkar/two_scara_ws/install/scara_description/share/scara_description/environment/ament_prefix_path.dsv
-- Up-to-date symlink: /home/omkar/two_scara_ws/install/scara_description/share/scara_description/environment/path.sh
-- Up-to-date symlink: /home/omkar/two_scara_ws/install/scara_description/share/scara_description/environment/path.dsv
-- Up-to-date symlink: /home/omkar/two_scara_ws/install/scara_description/share/scara_description/local_setup.bash
-- Up-to-date symlink: /home/omkar/two_scara_ws/install/scara_description/share/scara_description/local_setup.sh
-- Up-to-date symlink: /home/omkar/two_scara_ws/install/scara_description/share/scara_description/local_setup.zsh
-- Up-to-date symlink: /home/omkar/two_scara_ws/install/scara_description/share/scara_description/local_setup.dsv
-- Symlinking: /home/omkar/two_scara_ws/install/scara_description/share/scara_description/package.dsv
-- Up-to-date symlink: /home/omkar/two_scara_ws/install/scara_description/share/ament_index/resource_index/packages/scara_description
-- Up-to-date symlink: /home/omkar/two_scara_ws/install/scara_description/share/scara_description/cmake/scara_descriptionConfig.cmake
-- Up-to-date symlink: /home/omkar/two_scara_ws/install/scara_description/share/scara_description/cmake/scara_descriptionConfig-version.cmake
-- Up-to-date symlink: /home/omkar/two_scara_ws/install/scara_description/share/scara_description/package.xml
