-- Install configuration: ""
-- Up-to-date: /home/omkar/two_scara_ws/install/scara_gazebo/share/scara_gazebo/launch
-- Up-to-date: /home/omkar/two_scara_ws/install/scara_gazebo/share/scara_gazebo/launch/scara_world.launch.py
-- Up-to-date: /home/omkar/two_scara_ws/install/scara_gazebo/share/scara_gazebo/worlds
-- Up-to-date: /home/omkar/two_scara_ws/install/scara_gazebo/share/scara_gazebo/worlds/scara_world.world
-- Up-to-date: /home/omkar/two_scara_ws/install/scara_gazebo/share/ament_index/resource_index/package_run_dependencies/scara_gazebo
-- Up-to-date: /home/omkar/two_scara_ws/install/scara_gazebo/share/ament_index/resource_index/parent_prefix_path/scara_gazebo
-- Up-to-date: /home/omkar/two_scara_ws/install/scara_gazebo/share/scara_gazebo/environment/ament_prefix_path.sh
-- Up-to-date: /home/omkar/two_scara_ws/install/scara_gazebo/share/scara_gazebo/environment/ament_prefix_path.dsv
-- Up-to-date: /home/omkar/two_scara_ws/install/scara_gazebo/share/scara_gazebo/environment/path.sh
-- Up-to-date: /home/omkar/two_scara_ws/install/scara_gazebo/share/scara_gazebo/environment/path.dsv
-- Up-to-date: /home/omkar/two_scara_ws/install/scara_gazebo/share/scara_gazebo/local_setup.bash
-- Up-to-date: /home/omkar/two_scara_ws/install/scara_gazebo/share/scara_gazebo/local_setup.sh
-- Up-to-date: /home/omkar/two_scara_ws/install/scara_gazebo/share/scara_gazebo/local_setup.zsh
-- Up-to-date: /home/omkar/two_scara_ws/install/scara_gazebo/share/scara_gazebo/local_setup.dsv
-- Installing: /home/omkar/two_scara_ws/install/scara_gazebo/share/scara_gazebo/package.dsv
-- Up-to-date: /home/omkar/two_scara_ws/install/scara_gazebo/share/ament_index/resource_index/packages/scara_gazebo
-- Up-to-date: /home/omkar/two_scara_ws/install/scara_gazebo/share/scara_gazebo/cmake/scara_gazeboConfig.cmake
-- Up-to-date: /home/omkar/two_scara_ws/install/scara_gazebo/share/scara_gazebo/cmake/scara_gazeboConfig-version.cmake
-- Up-to-date: /home/omkar/two_scara_ws/install/scara_gazebo/share/scara_gazebo/package.xml
