[35m[1mConsolidate compiler generated dependencies of target coordination_node[0m
[100%] Built target coordination_node
-- Install configuration: ""
-- Up-to-date: /home/omkar/two_scara_ws/install/scara_control/lib/scara_control/coordination_node
-- Up-to-date: /home/omkar/two_scara_ws/install/scara_control/lib/scara_control/target_generator.py
-- Up-to-date: /home/omkar/two_scara_ws/install/scara_control/lib/scara_control/spawn_objects.py
-- Up-to-date: /home/omkar/two_scara_ws/install/scara_control/lib/scara_control/gripper_control.py
-- Up-to-date: /home/omkar/two_scara_ws/install/scara_control/lib/scara_control/conveyor_control.py
-- Up-to-date: /home/omkar/two_scara_ws/install/scara_control/lib/scara_control/ik_solver.py
-- Up-to-date: /home/omkar/two_scara_ws/install/scara_control/lib/scara_control/joint_publisher.py
-- Up-to-date: /home/omkar/two_scara_ws/install/scara_control/share/scara_control//launch
-- Up-to-date: /home/omkar/two_scara_ws/install/scara_control/share/scara_control//launch/full_system.launch.py
-- Up-to-date: /home/omkar/two_scara_ws/install/scara_control/share/scara_control//launch/scara_control.launch.py
-- Up-to-date: /home/omkar/two_scara_ws/install/scara_control/share/scara_control//config
-- Up-to-date: /home/omkar/two_scara_ws/install/scara_control/share/scara_control//config/scara_controllers.yaml
-- Up-to-date: /home/omkar/two_scara_ws/install/scara_control/share/ament_index/resource_index/package_run_dependencies/scara_control
-- Up-to-date: /home/omkar/two_scara_ws/install/scara_control/share/ament_index/resource_index/parent_prefix_path/scara_control
-- Up-to-date: /home/omkar/two_scara_ws/install/scara_control/share/scara_control/environment/ament_prefix_path.sh
-- Up-to-date: /home/omkar/two_scara_ws/install/scara_control/share/scara_control/environment/ament_prefix_path.dsv
-- Up-to-date: /home/omkar/two_scara_ws/install/scara_control/share/scara_control/environment/path.sh
-- Up-to-date: /home/omkar/two_scara_ws/install/scara_control/share/scara_control/environment/path.dsv
-- Up-to-date: /home/omkar/two_scara_ws/install/scara_control/share/scara_control/local_setup.bash
-- Up-to-date: /home/omkar/two_scara_ws/install/scara_control/share/scara_control/local_setup.sh
-- Up-to-date: /home/omkar/two_scara_ws/install/scara_control/share/scara_control/local_setup.zsh
-- Up-to-date: /home/omkar/two_scara_ws/install/scara_control/share/scara_control/local_setup.dsv
-- Installing: /home/omkar/two_scara_ws/install/scara_control/share/scara_control/package.dsv
-- Up-to-date: /home/omkar/two_scara_ws/install/scara_control/share/ament_index/resource_index/packages/scara_control
-- Up-to-date: /home/omkar/two_scara_ws/install/scara_control/share/scara_control/cmake/scara_controlConfig.cmake
-- Up-to-date: /home/omkar/two_scara_ws/install/scara_control/share/scara_control/cmake/scara_controlConfig-version.cmake
-- Up-to-date: /home/omkar/two_scara_ws/install/scara_control/share/scara_control/package.xml
