[0.014s] Invoking command in '/home/omkar/two_scara_ws/build/scara_control': CMAKE_PREFIX_PATH=${CMAKE_PREFIX_PATH}:/opt/ros/humble /usr/bin/cmake /home/omkar/two_scara_ws/src/scara_control -DAMENT_CMAKE_SYMLINK_INSTALL=1 -DCMAKE_INSTALL_PREFIX=/home/omkar/two_scara_ws/install/scara_control
[0.029s] -- Found ament_cmake: 1.3.11 (/opt/ros/humble/share/ament_cmake/cmake)
[0.182s] -- Override CMake install command with custom implementation using symlinks instead of copying resources
[0.191s] -- Found rclcpp: 16.0.12 (/opt/ros/humble/share/rclcpp/cmake)
[0.230s] -- Found rosidl_generator_c: 3.1.6 (/opt/ros/humble/share/rosidl_generator_c/cmake)
[0.237s] -- Found rosidl_adapter: 3.1.6 (/opt/ros/humble/share/rosidl_adapter/cmake)
[0.245s] -- Found rosidl_generator_cpp: 3.1.6 (/opt/ros/humble/share/rosidl_generator_cpp/cmake)
[0.262s] -- Using all available rosidl_typesupport_c: rosidl_typesupport_fastrtps_c;rosidl_typesupport_introspection_c
[0.279s] -- Using all available rosidl_typesupport_cpp: rosidl_typesupport_fastrtps_cpp;rosidl_typesupport_introspection_cpp
[0.317s] -- Found rmw_implementation_cmake: 6.1.2 (/opt/ros/humble/share/rmw_implementation_cmake/cmake)
[0.319s] -- Found rmw_fastrtps_cpp: 6.2.7 (/opt/ros/humble/share/rmw_fastrtps_cpp/cmake)
[0.438s] -- Using RMW implementation 'rmw_fastrtps_cpp' as default
[0.496s] -- Found sensor_msgs: 4.8.0 (/opt/ros/humble/share/sensor_msgs/cmake)
[0.530s] -- Found rclpy: 3.3.16 (/opt/ros/humble/share/rclpy/cmake)
[0.530s] -- Found controller_manager: 2.49.0 (/opt/ros/humble/share/controller_manager/cmake)
[0.687s] -- Found ros2_control: 2.49.0 (/opt/ros/humble/share/ros2_control/cmake)
[0.688s] -- Found xacro: 2.0.13 (/opt/ros/humble/share/xacro/cmake)
[0.688s] -- Found robot_state_publisher: 3.0.3 (/opt/ros/humble/share/robot_state_publisher/cmake)
[0.692s] -- Found eigen3_cmake_module: 0.1.1 (/opt/ros/humble/share/eigen3_cmake_module/cmake)
[0.693s] -- Ensuring Eigen3 include directory is part of orocos-kdl CMake target
[0.757s] -- Found gazebo_ros: 3.9.0 (/opt/ros/humble/share/gazebo_ros/cmake)
[0.787s] -- Found DART: /usr/include (Required is at least version "6.6") found components: dart 
[0.815s] -- Found Protobuf: /usr/lib/x86_64-linux-gnu/libprotobuf.so (found version "3.12.4") 
[0.816s] -- Looking for ignition-math6 -- found version 6.15.1
[0.820s] -- Searching for dependencies of ignition-math6
[0.821s] -- Looking for OGRE...
[0.827s] -- Found Ogre Ghadamon (1.9.0)
[0.828s] -- Found OGRE: optimized;/usr/lib/x86_64-linux-gnu/libOgreMain.so;debug;/usr/lib/x86_64-linux-gnu/libOgreMain.so
[0.849s] -- Looking for OGRE_Paging...
[0.849s] -- Found OGRE_Paging: optimized;/usr/lib/x86_64-linux-gnu/libOgrePaging.so;debug;/usr/lib/x86_64-linux-gnu/libOgrePaging.so
[0.849s] -- Looking for OGRE_Terrain...
[0.849s] -- Found OGRE_Terrain: optimized;/usr/lib/x86_64-linux-gnu/libOgreTerrain.so;debug;/usr/lib/x86_64-linux-gnu/libOgreTerrain.so
[0.849s] -- Looking for OGRE_Property...
[0.849s] -- Found OGRE_Property: optimized;/usr/lib/x86_64-linux-gnu/libOgreProperty.so;debug;/usr/lib/x86_64-linux-gnu/libOgreProperty.so
[0.850s] -- Looking for OGRE_RTShaderSystem...
[0.850s] -- Found OGRE_RTShaderSystem: optimized;/usr/lib/x86_64-linux-gnu/libOgreRTShaderSystem.so;debug;/usr/lib/x86_64-linux-gnu/libOgreRTShaderSystem.so
[0.850s] -- Looking for OGRE_Volume...
[0.850s] -- Found OGRE_Volume: optimized;/usr/lib/x86_64-linux-gnu/libOgreVolume.so;debug;/usr/lib/x86_64-linux-gnu/libOgreVolume.so
[0.850s] -- Looking for OGRE_Overlay...
[0.850s] -- Found OGRE_Overlay: optimized;/usr/lib/x86_64-linux-gnu/libOgreOverlay.so;debug;/usr/lib/x86_64-linux-gnu/libOgreOverlay.so
[0.994s] -- Looking for ignition-math6 -- found version 6.15.1
[0.995s] -- Looking for ignition-transport8 -- found version 8.2.1
[0.995s] -- Searching for dependencies of ignition-transport8
[1.014s] -- Found Protobuf: /usr/lib/x86_64-linux-gnu/libprotobuf.so (found suitable version "3.12.4", minimum required is "3") 
[1.026s] -- Config-file not installed for ZeroMQ -- checking for pkg-config
[1.033s] -- Checking for module 'libzmq >= 4'
[1.053s] --   Found libzmq , version 4.3.4
[1.094s] -- Checking for module 'uuid'
[1.108s] --   Found uuid, version 2.37.2
[1.141s] -- Looking for ignition-msgs5 -- found version 5.8.1
[1.141s] -- Searching for dependencies of ignition-msgs5
[1.161s] -- Looking for ignition-math6 -- found version 6.15.1
[1.168s] -- Looking for ignition-msgs5 -- found version 5.8.1
[1.168s] -- Looking for ignition-common3 -- found version 3.14.0
[1.169s] -- Searching for dependencies of ignition-common3
[1.169s] -- Looking for dlfcn.h - found
[1.169s] -- Looking for libdl - found
[1.180s] -- Searching for <ignition-common3> component [graphics]
[1.180s] -- Looking for ignition-common3-graphics -- found version 3.14.0
[1.181s] -- Searching for dependencies of ignition-common3-graphics
[1.181s] -- Looking for ignition-math6 -- found version 6.15.1
[1.184s] -- Looking for ignition-fuel_tools4 -- found version 4.4.0
[1.185s] -- Searching for dependencies of ignition-fuel_tools4
[1.229s] -- Checking for module 'jsoncpp'
[1.245s] --   Found jsoncpp, version 1.9.5
[1.283s] -- Checking for module 'libzip'
[1.295s] --   Found libzip, version 1.7.3
[1.330s] -- Looking for ignition-common3 -- found version 3.14.0
[1.330s] -- Looking for ignition-math6 -- found version 6.15.1
[1.330s] -- Looking for ignition-msgs5 -- found version 5.8.1
[1.332s] -- Gazebo version: 11.10
[1.408s] -- Configuring done
[1.418s] -- Generating done
[1.423s] -- Build files have been written to: /home/omkar/two_scara_ws/build/scara_control
[1.445s] Invoked command in '/home/omkar/two_scara_ws/build/scara_control' returned '0': CMAKE_PREFIX_PATH=${CMAKE_PREFIX_PATH}:/opt/ros/humble /usr/bin/cmake /home/omkar/two_scara_ws/src/scara_control -DAMENT_CMAKE_SYMLINK_INSTALL=1 -DCMAKE_INSTALL_PREFIX=/home/omkar/two_scara_ws/install/scara_control
[1.446s] Invoking command in '/home/omkar/two_scara_ws/build/scara_control': CMAKE_PREFIX_PATH=${CMAKE_PREFIX_PATH}:/opt/ros/humble /usr/bin/cmake --build /home/omkar/two_scara_ws/build/scara_control -- -j8 -l8
[1.487s] [35m[1mConsolidate compiler generated dependencies of target coordination_node[0m
[1.503s] [ 50%] [32m[1mLinking CXX executable coordination_node[0m
[2.019s] [100%] Built target coordination_node
[2.029s] Invoked command in '/home/omkar/two_scara_ws/build/scara_control' returned '0': CMAKE_PREFIX_PATH=${CMAKE_PREFIX_PATH}:/opt/ros/humble /usr/bin/cmake --build /home/omkar/two_scara_ws/build/scara_control -- -j8 -l8
[2.033s] Invoking command in '/home/omkar/two_scara_ws/build/scara_control': CMAKE_PREFIX_PATH=${CMAKE_PREFIX_PATH}:/opt/ros/humble /usr/bin/cmake --install /home/omkar/two_scara_ws/build/scara_control
[2.040s] -- Install configuration: ""
[2.040s] -- Execute custom install script
[2.040s] -- Symlinking: /home/omkar/two_scara_ws/install/scara_control/lib/scara_control/coordination_node
[2.052s] -- Symlinking: /home/omkar/two_scara_ws/install/scara_control/lib/scara_control/target_generator.py
[2.060s] -- Symlinking: /home/omkar/two_scara_ws/install/scara_control/lib/scara_control/spawn_objects.py
[2.068s] -- Symlinking: /home/omkar/two_scara_ws/install/scara_control/lib/scara_control/gripper_control.py
[2.076s] -- Symlinking: /home/omkar/two_scara_ws/install/scara_control/lib/scara_control/conveyor_control.py
[2.085s] -- Symlinking: /home/omkar/two_scara_ws/install/scara_control/lib/scara_control/ik_solver.py
[2.093s] -- Symlinking: /home/omkar/two_scara_ws/install/scara_control/lib/scara_control/joint_publisher.py
[2.101s] -- Symlinking: /home/omkar/two_scara_ws/install/scara_control/share/scara_control//launch/full_system.launch.py
[2.108s] -- Symlinking: /home/omkar/two_scara_ws/install/scara_control/share/scara_control//launch/scara_control.launch.py
[2.116s] -- Symlinking: /home/omkar/two_scara_ws/install/scara_control/share/scara_control//config/scara_controllers.yaml
[2.124s] -- Symlinking: /home/omkar/two_scara_ws/install/scara_control/share/ament_index/resource_index/package_run_dependencies/scara_control
[2.135s] -- Symlinking: /home/omkar/two_scara_ws/install/scara_control/share/ament_index/resource_index/parent_prefix_path/scara_control
[2.143s] -- Symlinking: /home/omkar/two_scara_ws/install/scara_control/share/scara_control/environment/ament_prefix_path.sh
[2.154s] -- Symlinking: /home/omkar/two_scara_ws/install/scara_control/share/scara_control/environment/ament_prefix_path.dsv
[2.161s] -- Symlinking: /home/omkar/two_scara_ws/install/scara_control/share/scara_control/environment/path.sh
[2.170s] -- Symlinking: /home/omkar/two_scara_ws/install/scara_control/share/scara_control/environment/path.dsv
[2.177s] -- Symlinking: /home/omkar/two_scara_ws/install/scara_control/share/scara_control/local_setup.bash
[2.185s] -- Symlinking: /home/omkar/two_scara_ws/install/scara_control/share/scara_control/local_setup.sh
[2.193s] -- Symlinking: /home/omkar/two_scara_ws/install/scara_control/share/scara_control/local_setup.zsh
[2.203s] -- Symlinking: /home/omkar/two_scara_ws/install/scara_control/share/scara_control/local_setup.dsv
[2.211s] -- Symlinking: /home/omkar/two_scara_ws/install/scara_control/share/scara_control/package.dsv
[2.219s] -- Symlinking: /home/omkar/two_scara_ws/install/scara_control/share/ament_index/resource_index/packages/scara_control
[2.227s] -- Symlinking: /home/omkar/two_scara_ws/install/scara_control/share/scara_control/cmake/scara_controlConfig.cmake
[2.242s] -- Symlinking: /home/omkar/two_scara_ws/install/scara_control/share/scara_control/cmake/scara_controlConfig-version.cmake
[2.253s] -- Symlinking: /home/omkar/two_scara_ws/install/scara_control/share/scara_control/package.xml
[2.263s] Invoked command in '/home/omkar/two_scara_ws/build/scara_control' returned '0': CMAKE_PREFIX_PATH=${CMAKE_PREFIX_PATH}:/opt/ros/humble /usr/bin/cmake --install /home/omkar/two_scara_ws/build/scara_control
