[0.060s] Invoking command in '/home/omkar/two_scara_ws/build/scara_gazebo': CMAKE_PREFIX_PATH=${CMAKE_PREFIX_PATH}:/opt/ros/humble /usr/bin/cmake --build /home/omkar/two_scara_ws/build/scara_gazebo -- -j8 -l8
[0.164s] Invoked command in '/home/omkar/two_scara_ws/build/scara_gazebo' returned '0': CMAKE_PREFIX_PATH=${CMAKE_PREFIX_PATH}:/opt/ros/humble /usr/bin/cmake --build /home/omkar/two_scara_ws/build/scara_gazebo -- -j8 -l8
[0.174s] Invoking command in '/home/omkar/two_scara_ws/build/scara_gazebo': CMAKE_PREFIX_PATH=${CMAKE_PREFIX_PATH}:/opt/ros/humble /usr/bin/cmake --install /home/omkar/two_scara_ws/build/scara_gazebo
[0.189s] -- Install configuration: ""
[0.190s] -- Execute custom install script
[0.191s] -- Up-to-date symlink: /home/omkar/two_scara_ws/install/scara_gazebo/share/scara_gazebo/launch/scara_world.launch.py
[0.192s] -- Up-to-date symlink: /home/omkar/two_scara_ws/install/scara_gazebo/share/scara_gazebo/worlds/scara_world.world
[0.193s] -- Up-to-date symlink: /home/omkar/two_scara_ws/install/scara_gazebo/share/ament_index/resource_index/package_run_dependencies/scara_gazebo
[0.194s] -- Up-to-date symlink: /home/omkar/two_scara_ws/install/scara_gazebo/share/ament_index/resource_index/parent_prefix_path/scara_gazebo
[0.194s] -- Up-to-date symlink: /home/omkar/two_scara_ws/install/scara_gazebo/share/scara_gazebo/environment/ament_prefix_path.sh
[0.195s] -- Up-to-date symlink: /home/omkar/two_scara_ws/install/scara_gazebo/share/scara_gazebo/environment/ament_prefix_path.dsv
[0.196s] -- Up-to-date symlink: /home/omkar/two_scara_ws/install/scara_gazebo/share/scara_gazebo/environment/path.sh
[0.196s] -- Up-to-date symlink: /home/omkar/two_scara_ws/install/scara_gazebo/share/scara_gazebo/environment/path.dsv
[0.197s] -- Up-to-date symlink: /home/omkar/two_scara_ws/install/scara_gazebo/share/scara_gazebo/local_setup.bash
[0.202s] -- Up-to-date symlink: /home/omkar/two_scara_ws/install/scara_gazebo/share/scara_gazebo/local_setup.sh
[0.202s] -- Up-to-date symlink: /home/omkar/two_scara_ws/install/scara_gazebo/share/scara_gazebo/local_setup.zsh
[0.202s] -- Up-to-date symlink: /home/omkar/two_scara_ws/install/scara_gazebo/share/scara_gazebo/local_setup.dsv
[0.202s] -- Symlinking: /home/omkar/two_scara_ws/install/scara_gazebo/share/scara_gazebo/package.dsv
[0.226s] -- Up-to-date symlink: /home/omkar/two_scara_ws/install/scara_gazebo/share/ament_index/resource_index/packages/scara_gazebo
[0.227s] -- Up-to-date symlink: /home/omkar/two_scara_ws/install/scara_gazebo/share/scara_gazebo/cmake/scara_gazeboConfig.cmake
[0.227s] -- Up-to-date symlink: /home/omkar/two_scara_ws/install/scara_gazebo/share/scara_gazebo/cmake/scara_gazeboConfig-version.cmake
[0.228s] -- Up-to-date symlink: /home/omkar/two_scara_ws/install/scara_gazebo/share/scara_gazebo/package.xml
[0.310s] Invoked command in '/home/omkar/two_scara_ws/build/scara_gazebo' returned '0': CMAKE_PREFIX_PATH=${CMAKE_PREFIX_PATH}:/opt/ros/humble /usr/bin/cmake --install /home/omkar/two_scara_ws/build/scara_gazebo
