[0.062s] Invoking command in '/home/omkar/two_scara_ws/build/scara_description': CMAKE_PREFIX_PATH=${CMAKE_PREFIX_PATH}:/opt/ros/humble /usr/bin/cmake --build /home/omkar/two_scara_ws/build/scara_description -- -j8 -l8
[0.169s] Invoked command in '/home/omkar/two_scara_ws/build/scara_description' returned '0': CMAKE_PREFIX_PATH=${CMAKE_PREFIX_PATH}:/opt/ros/humble /usr/bin/cmake --build /home/omkar/two_scara_ws/build/scara_description -- -j8 -l8
[0.174s] Invoking command in '/home/omkar/two_scara_ws/build/scara_description': CMAKE_PREFIX_PATH=${CMAKE_PREFIX_PATH}:/opt/ros/humble /usr/bin/cmake --install /home/omkar/two_scara_ws/build/scara_description
[0.193s] -- Install configuration: ""
[0.194s] -- Execute custom install script
[0.195s] -- Up-to-date symlink: /home/omkar/two_scara_ws/install/scara_description/share/scara_description/urdf/scara1.urdf.xacro
[0.195s] -- Up-to-date symlink: /home/omkar/two_scara_ws/install/scara_description/share/scara_description/launch/spawn_scara.launch.py
[0.196s] -- Up-to-date symlink: /home/omkar/two_scara_ws/install/scara_description/share/ament_index/resource_index/package_run_dependencies/scara_description
[0.196s] -- Up-to-date symlink: /home/omkar/two_scara_ws/install/scara_description/share/ament_index/resource_index/parent_prefix_path/scara_description
[0.197s] -- Up-to-date symlink: /home/omkar/two_scara_ws/install/scara_description/share/scara_description/environment/ament_prefix_path.sh
[0.198s] -- Up-to-date symlink: /home/omkar/two_scara_ws/install/scara_description/share/scara_description/environment/ament_prefix_path.dsv
[0.198s] -- Up-to-date symlink: /home/omkar/two_scara_ws/install/scara_description/share/scara_description/environment/path.sh
[0.199s] -- Up-to-date symlink: /home/omkar/two_scara_ws/install/scara_description/share/scara_description/environment/path.dsv
[0.199s] -- Up-to-date symlink: /home/omkar/two_scara_ws/install/scara_description/share/scara_description/local_setup.bash
[0.200s] -- Up-to-date symlink: /home/omkar/two_scara_ws/install/scara_description/share/scara_description/local_setup.sh
[0.200s] -- Up-to-date symlink: /home/omkar/two_scara_ws/install/scara_description/share/scara_description/local_setup.zsh
[0.201s] -- Up-to-date symlink: /home/omkar/two_scara_ws/install/scara_description/share/scara_description/local_setup.dsv
[0.201s] -- Symlinking: /home/omkar/two_scara_ws/install/scara_description/share/scara_description/package.dsv
[0.229s] -- Up-to-date symlink: /home/omkar/two_scara_ws/install/scara_description/share/ament_index/resource_index/packages/scara_description
[0.229s] -- Up-to-date symlink: /home/omkar/two_scara_ws/install/scara_description/share/scara_description/cmake/scara_descriptionConfig.cmake
[0.230s] -- Up-to-date symlink: /home/omkar/two_scara_ws/install/scara_description/share/scara_description/cmake/scara_descriptionConfig-version.cmake
[0.230s] -- Up-to-date symlink: /home/omkar/two_scara_ws/install/scara_description/share/scara_description/package.xml
[0.283s] Invoked command in '/home/omkar/two_scara_ws/build/scara_description' returned '0': CMAKE_PREFIX_PATH=${CMAKE_PREFIX_PATH}:/opt/ros/humble /usr/bin/cmake --install /home/omkar/two_scara_ws/build/scara_description
