-- Found ament_cmake: 1.3.11 (/opt/ros/humble/share/ament_cmake/cmake)
-- Override CMake install command with custom implementation using symlinks instead of copying resources
-- Found xacro: 2.0.13 (/opt/ros/humble/share/xacro/cmake)
-- Configuring done
-- Generating done
-- Build files have been written to: /home/omkar/two_scara_ws/build/conveyor_description
-- Install configuration: ""
-- Execute custom install script
-- Symlinking: /home/omkar/two_scara_ws/install/conveyor_description/share/conveyor_description/urdf/conveyor.urdf.xacro
-- Symlinking: /home/omkar/two_scara_ws/install/conveyor_description/share/conveyor_description/launch/conveyor_gz.launch.py
-- Symlinking: /home/omkar/two_scara_ws/install/conveyor_description/share/ament_index/resource_index/package_run_dependencies/conveyor_description
-- Symlinking: /home/omkar/two_scara_ws/install/conveyor_description/share/ament_index/resource_index/parent_prefix_path/conveyor_description
-- Symlinking: /home/omkar/two_scara_ws/install/conveyor_description/share/conveyor_description/environment/ament_prefix_path.sh
-- Symlinking: /home/omkar/two_scara_ws/install/conveyor_description/share/conveyor_description/environment/ament_prefix_path.dsv
-- Symlinking: /home/omkar/two_scara_ws/install/conveyor_description/share/conveyor_description/environment/path.sh
-- Symlinking: /home/omkar/two_scara_ws/install/conveyor_description/share/conveyor_description/environment/path.dsv
-- Symlinking: /home/omkar/two_scara_ws/install/conveyor_description/share/conveyor_description/local_setup.bash
-- Symlinking: /home/omkar/two_scara_ws/install/conveyor_description/share/conveyor_description/local_setup.sh
-- Symlinking: /home/omkar/two_scara_ws/install/conveyor_description/share/conveyor_description/local_setup.zsh
-- Symlinking: /home/omkar/two_scara_ws/install/conveyor_description/share/conveyor_description/local_setup.dsv
-- Symlinking: /home/omkar/two_scara_ws/install/conveyor_description/share/conveyor_description/package.dsv
-- Symlinking: /home/omkar/two_scara_ws/install/conveyor_description/share/ament_index/resource_index/packages/conveyor_description
-- Symlinking: /home/omkar/two_scara_ws/install/conveyor_description/share/conveyor_description/cmake/conveyor_descriptionConfig.cmake
-- Symlinking: /home/omkar/two_scara_ws/install/conveyor_description/share/conveyor_description/cmake/conveyor_descriptionConfig-version.cmake
-- Symlinking: /home/omkar/two_scara_ws/install/conveyor_description/share/conveyor_description/package.xml
