[0.257s] DEBUG:colcon:Command line arguments: ['/usr/bin/colcon', 'build', '--symlink-install']
[0.257s] DEBUG:colcon:Parsed command line arguments: Namespace(log_base=None, log_level=None, verb_name='build', build_base='build', install_base='install', merge_install=False, symlink_install=True, test_result_base=None, continue_on_error=False, executor='parallel', parallel_workers=8, event_handlers=None, ignore_user_meta=False, metas=['./colcon.meta'], base_paths=['.'], packages_ignore=None, packages_ignore_regex=None, paths=None, packages_up_to=None, packages_up_to_regex=None, packages_above=None, packages_above_and_dependencies=None, packages_above_depth=None, packages_select_by_dep=None, packages_skip_by_dep=None, packages_skip_up_to=None, packages_select_build_failed=False, packages_skip_build_finished=False, packages_select_test_failures=False, packages_skip_test_passed=False, packages_select=None, packages_skip=None, packages_select_regex=None, packages_skip_regex=None, packages_start=None, packages_end=None, allow_overriding=[], cmake_args=None, cmake_target=None, cmake_target_skip_unavailable=False, cmake_clean_cache=False, cmake_clean_first=False, cmake_force_configure=False, ament_cmake_args=None, catkin_cmake_args=None, catkin_skip_building_tests=False, mixin_files=None, mixin=None, verb_parser=<colcon_mixin.mixin.mixin_argument.MixinArgumentDecorator object at 0x77d99c7f1f60>, verb_extension=<colcon_core.verb.build.BuildVerb object at 0x77d99c966ef0>, main=<bound method BuildVerb.main of <colcon_core.verb.build.BuildVerb object at 0x77d99c966ef0>>, mixin_verb=('build',))
[0.626s] Level 1:colcon.colcon_core.package_discovery:discover_packages(colcon_meta) check parameters
[0.627s] Level 1:colcon.colcon_core.package_discovery:discover_packages(recursive) check parameters
[0.627s] Level 1:colcon.colcon_core.package_discovery:discover_packages(ignore) check parameters
[0.627s] Level 1:colcon.colcon_core.package_discovery:discover_packages(path) check parameters
[0.627s] Level 1:colcon.colcon_core.package_discovery:discover_packages(colcon_meta) discover
[0.627s] Level 1:colcon.colcon_core.package_discovery:discover_packages(recursive) discover
[0.627s] INFO:colcon.colcon_core.package_discovery:Crawling recursively for packages in '/home/omkar/two_scara_ws'
[0.627s] Level 1:colcon.colcon_core.package_identification:_identify(.) by extensions ['ignore', 'ignore_ament_install']
[0.628s] Level 1:colcon.colcon_core.package_identification:_identify(.) by extension 'ignore'
[0.628s] Level 1:colcon.colcon_core.package_identification:_identify(.) by extension 'ignore_ament_install'
[0.628s] Level 1:colcon.colcon_core.package_identification:_identify(.) by extensions ['colcon_pkg']
[0.628s] Level 1:colcon.colcon_core.package_identification:_identify(.) by extension 'colcon_pkg'
[0.628s] Level 1:colcon.colcon_core.package_identification:_identify(.) by extensions ['colcon_meta']
[0.628s] Level 1:colcon.colcon_core.package_identification:_identify(.) by extension 'colcon_meta'
[0.628s] Level 1:colcon.colcon_core.package_identification:_identify(.) by extensions ['ros']
[0.628s] Level 1:colcon.colcon_core.package_identification:_identify(.) by extension 'ros'
[0.651s] Level 1:colcon.colcon_core.package_identification:_identify(.) by extensions ['cmake', 'python']
[0.651s] Level 1:colcon.colcon_core.package_identification:_identify(.) by extension 'cmake'
[0.651s] Level 1:colcon.colcon_core.package_identification:_identify(.) by extension 'python'
[0.651s] Level 1:colcon.colcon_core.package_identification:_identify(.) by extensions ['python_setup_py']
[0.651s] Level 1:colcon.colcon_core.package_identification:_identify(.) by extension 'python_setup_py'
[0.652s] Level 1:colcon.colcon_core.package_identification:_identify(build) by extensions ['ignore', 'ignore_ament_install']
[0.652s] Level 1:colcon.colcon_core.package_identification:_identify(build) by extension 'ignore'
[0.652s] Level 1:colcon.colcon_core.package_identification:_identify(build) ignored
[0.652s] Level 1:colcon.colcon_core.package_identification:_identify(install) by extensions ['ignore', 'ignore_ament_install']
[0.652s] Level 1:colcon.colcon_core.package_identification:_identify(install) by extension 'ignore'
[0.653s] Level 1:colcon.colcon_core.package_identification:_identify(install) ignored
[0.653s] Level 1:colcon.colcon_core.package_identification:_identify(log) by extensions ['ignore', 'ignore_ament_install']
[0.653s] Level 1:colcon.colcon_core.package_identification:_identify(log) by extension 'ignore'
[0.653s] Level 1:colcon.colcon_core.package_identification:_identify(log) ignored
[0.653s] Level 1:colcon.colcon_core.package_identification:_identify(src) by extensions ['ignore', 'ignore_ament_install']
[0.654s] Level 1:colcon.colcon_core.package_identification:_identify(src) by extension 'ignore'
[0.654s] Level 1:colcon.colcon_core.package_identification:_identify(src) by extension 'ignore_ament_install'
[0.654s] Level 1:colcon.colcon_core.package_identification:_identify(src) by extensions ['colcon_pkg']
[0.654s] Level 1:colcon.colcon_core.package_identification:_identify(src) by extension 'colcon_pkg'
[0.654s] Level 1:colcon.colcon_core.package_identification:_identify(src) by extensions ['colcon_meta']
[0.654s] Level 1:colcon.colcon_core.package_identification:_identify(src) by extension 'colcon_meta'
[0.654s] Level 1:colcon.colcon_core.package_identification:_identify(src) by extensions ['ros']
[0.654s] Level 1:colcon.colcon_core.package_identification:_identify(src) by extension 'ros'
[0.654s] Level 1:colcon.colcon_core.package_identification:_identify(src) by extensions ['cmake', 'python']
[0.654s] Level 1:colcon.colcon_core.package_identification:_identify(src) by extension 'cmake'
[0.654s] Level 1:colcon.colcon_core.package_identification:_identify(src) by extension 'python'
[0.655s] Level 1:colcon.colcon_core.package_identification:_identify(src) by extensions ['python_setup_py']
[0.655s] Level 1:colcon.colcon_core.package_identification:_identify(src) by extension 'python_setup_py'
[0.655s] Level 1:colcon.colcon_core.package_identification:_identify(src/conveyor_description) by extensions ['ignore', 'ignore_ament_install']
[0.655s] Level 1:colcon.colcon_core.package_identification:_identify(src/conveyor_description) by extension 'ignore'
[0.655s] Level 1:colcon.colcon_core.package_identification:_identify(src/conveyor_description) by extension 'ignore_ament_install'
[0.655s] Level 1:colcon.colcon_core.package_identification:_identify(src/conveyor_description) by extensions ['colcon_pkg']
[0.655s] Level 1:colcon.colcon_core.package_identification:_identify(src/conveyor_description) by extension 'colcon_pkg'
[0.655s] Level 1:colcon.colcon_core.package_identification:_identify(src/conveyor_description) by extensions ['colcon_meta']
[0.655s] Level 1:colcon.colcon_core.package_identification:_identify(src/conveyor_description) by extension 'colcon_meta'
[0.656s] Level 1:colcon.colcon_core.package_identification:_identify(src/conveyor_description) by extensions ['ros']
[0.656s] Level 1:colcon.colcon_core.package_identification:_identify(src/conveyor_description) by extension 'ros'
[0.661s] DEBUG:colcon.colcon_core.package_identification:Package 'src/conveyor_description' with type 'ros.ament_cmake' and name 'conveyor_description'
[0.661s] Level 1:colcon.colcon_core.package_identification:_identify(src/scara_control) by extensions ['ignore', 'ignore_ament_install']
[0.661s] Level 1:colcon.colcon_core.package_identification:_identify(src/scara_control) by extension 'ignore'
[0.661s] Level 1:colcon.colcon_core.package_identification:_identify(src/scara_control) by extension 'ignore_ament_install'
[0.661s] Level 1:colcon.colcon_core.package_identification:_identify(src/scara_control) by extensions ['colcon_pkg']
[0.661s] Level 1:colcon.colcon_core.package_identification:_identify(src/scara_control) by extension 'colcon_pkg'
[0.662s] Level 1:colcon.colcon_core.package_identification:_identify(src/scara_control) by extensions ['colcon_meta']
[0.662s] Level 1:colcon.colcon_core.package_identification:_identify(src/scara_control) by extension 'colcon_meta'
[0.662s] Level 1:colcon.colcon_core.package_identification:_identify(src/scara_control) by extensions ['ros']
[0.662s] Level 1:colcon.colcon_core.package_identification:_identify(src/scara_control) by extension 'ros'
[0.664s] DEBUG:colcon.colcon_core.package_identification:Package 'src/scara_control' with type 'ros.ament_cmake' and name 'scara_control'
[0.664s] Level 1:colcon.colcon_core.package_identification:_identify(src/scara_description) by extensions ['ignore', 'ignore_ament_install']
[0.664s] Level 1:colcon.colcon_core.package_identification:_identify(src/scara_description) by extension 'ignore'
[0.664s] Level 1:colcon.colcon_core.package_identification:_identify(src/scara_description) by extension 'ignore_ament_install'
[0.664s] Level 1:colcon.colcon_core.package_identification:_identify(src/scara_description) by extensions ['colcon_pkg']
[0.664s] Level 1:colcon.colcon_core.package_identification:_identify(src/scara_description) by extension 'colcon_pkg'
[0.665s] Level 1:colcon.colcon_core.package_identification:_identify(src/scara_description) by extensions ['colcon_meta']
[0.665s] Level 1:colcon.colcon_core.package_identification:_identify(src/scara_description) by extension 'colcon_meta'
[0.665s] Level 1:colcon.colcon_core.package_identification:_identify(src/scara_description) by extensions ['ros']
[0.665s] Level 1:colcon.colcon_core.package_identification:_identify(src/scara_description) by extension 'ros'
[0.668s] DEBUG:colcon.colcon_core.package_identification:Package 'src/scara_description' with type 'ros.ament_cmake' and name 'scara_description'
[0.668s] Level 1:colcon.colcon_core.package_identification:_identify(src/scara_gazebo) by extensions ['ignore', 'ignore_ament_install']
[0.669s] Level 1:colcon.colcon_core.package_identification:_identify(src/scara_gazebo) by extension 'ignore'
[0.669s] Level 1:colcon.colcon_core.package_identification:_identify(src/scara_gazebo) by extension 'ignore_ament_install'
[0.669s] Level 1:colcon.colcon_core.package_identification:_identify(src/scara_gazebo) by extensions ['colcon_pkg']
[0.669s] Level 1:colcon.colcon_core.package_identification:_identify(src/scara_gazebo) by extension 'colcon_pkg'
[0.669s] Level 1:colcon.colcon_core.package_identification:_identify(src/scara_gazebo) by extensions ['colcon_meta']
[0.669s] Level 1:colcon.colcon_core.package_identification:_identify(src/scara_gazebo) by extension 'colcon_meta'
[0.669s] Level 1:colcon.colcon_core.package_identification:_identify(src/scara_gazebo) by extensions ['ros']
[0.669s] Level 1:colcon.colcon_core.package_identification:_identify(src/scara_gazebo) by extension 'ros'
[0.670s] DEBUG:colcon.colcon_core.package_identification:Package 'src/scara_gazebo' with type 'ros.ament_cmake' and name 'scara_gazebo'
[0.670s] Level 1:colcon.colcon_core.package_discovery:discover_packages(recursive) using defaults
[0.670s] Level 1:colcon.colcon_core.package_discovery:discover_packages(ignore) discover
[0.670s] Level 1:colcon.colcon_core.package_discovery:discover_packages(ignore) using defaults
[0.670s] Level 1:colcon.colcon_core.package_discovery:discover_packages(path) discover
[0.671s] Level 1:colcon.colcon_core.package_discovery:discover_packages(path) using defaults
[0.730s] Level 1:colcon.colcon_core.package_discovery:discover_packages(prefix_path) check parameters
[0.730s] Level 1:colcon.colcon_core.package_discovery:discover_packages(prefix_path) discover
[0.734s] DEBUG:colcon.colcon_installed_package_information.package_discovery:Found 4 installed packages in /home/omkar/two_scara_ws/install
[0.737s] DEBUG:colcon.colcon_installed_package_information.package_discovery:Found 380 installed packages in /opt/ros/humble
[0.741s] Level 1:colcon.colcon_core.package_discovery:discover_packages(prefix_path) using defaults
[0.838s] Level 5:colcon.colcon_core.verb:set package 'conveyor_description' build argument 'cmake_args' from command line to 'None'
[0.838s] Level 5:colcon.colcon_core.verb:set package 'conveyor_description' build argument 'cmake_target' from command line to 'None'
[0.839s] Level 5:colcon.colcon_core.verb:set package 'conveyor_description' build argument 'cmake_target_skip_unavailable' from command line to 'False'
[0.839s] Level 5:colcon.colcon_core.verb:set package 'conveyor_description' build argument 'cmake_clean_cache' from command line to 'False'
[0.839s] Level 5:colcon.colcon_core.verb:set package 'conveyor_description' build argument 'cmake_clean_first' from command line to 'False'
[0.839s] Level 5:colcon.colcon_core.verb:set package 'conveyor_description' build argument 'cmake_force_configure' from command line to 'False'
[0.839s] Level 5:colcon.colcon_core.verb:set package 'conveyor_description' build argument 'ament_cmake_args' from command line to 'None'
[0.839s] Level 5:colcon.colcon_core.verb:set package 'conveyor_description' build argument 'catkin_cmake_args' from command line to 'None'
[0.839s] Level 5:colcon.colcon_core.verb:set package 'conveyor_description' build argument 'catkin_skip_building_tests' from command line to 'False'
[0.839s] DEBUG:colcon.colcon_core.verb:Building package 'conveyor_description' with the following arguments: {'ament_cmake_args': None, 'build_base': '/home/omkar/two_scara_ws/build/conveyor_description', 'catkin_cmake_args': None, 'catkin_skip_building_tests': False, 'cmake_args': None, 'cmake_clean_cache': False, 'cmake_clean_first': False, 'cmake_force_configure': False, 'cmake_target': None, 'cmake_target_skip_unavailable': False, 'install_base': '/home/omkar/two_scara_ws/install/conveyor_description', 'merge_install': False, 'path': '/home/omkar/two_scara_ws/src/conveyor_description', 'symlink_install': True, 'test_result_base': None}
[0.840s] Level 5:colcon.colcon_core.verb:set package 'scara_control' build argument 'cmake_args' from command line to 'None'
[0.840s] Level 5:colcon.colcon_core.verb:set package 'scara_control' build argument 'cmake_target' from command line to 'None'
[0.840s] Level 5:colcon.colcon_core.verb:set package 'scara_control' build argument 'cmake_target_skip_unavailable' from command line to 'False'
[0.840s] Level 5:colcon.colcon_core.verb:set package 'scara_control' build argument 'cmake_clean_cache' from command line to 'False'
[0.840s] Level 5:colcon.colcon_core.verb:set package 'scara_control' build argument 'cmake_clean_first' from command line to 'False'
[0.840s] Level 5:colcon.colcon_core.verb:set package 'scara_control' build argument 'cmake_force_configure' from command line to 'False'
[0.840s] Level 5:colcon.colcon_core.verb:set package 'scara_control' build argument 'ament_cmake_args' from command line to 'None'
[0.840s] Level 5:colcon.colcon_core.verb:set package 'scara_control' build argument 'catkin_cmake_args' from command line to 'None'
[0.840s] Level 5:colcon.colcon_core.verb:set package 'scara_control' build argument 'catkin_skip_building_tests' from command line to 'False'
[0.840s] DEBUG:colcon.colcon_core.verb:Building package 'scara_control' with the following arguments: {'ament_cmake_args': None, 'build_base': '/home/omkar/two_scara_ws/build/scara_control', 'catkin_cmake_args': None, 'catkin_skip_building_tests': False, 'cmake_args': None, 'cmake_clean_cache': False, 'cmake_clean_first': False, 'cmake_force_configure': False, 'cmake_target': None, 'cmake_target_skip_unavailable': False, 'install_base': '/home/omkar/two_scara_ws/install/scara_control', 'merge_install': False, 'path': '/home/omkar/two_scara_ws/src/scara_control', 'symlink_install': True, 'test_result_base': None}
[0.841s] Level 5:colcon.colcon_core.verb:set package 'scara_description' build argument 'cmake_args' from command line to 'None'
[0.841s] Level 5:colcon.colcon_core.verb:set package 'scara_description' build argument 'cmake_target' from command line to 'None'
[0.841s] Level 5:colcon.colcon_core.verb:set package 'scara_description' build argument 'cmake_target_skip_unavailable' from command line to 'False'
[0.841s] Level 5:colcon.colcon_core.verb:set package 'scara_description' build argument 'cmake_clean_cache' from command line to 'False'
[0.841s] Level 5:colcon.colcon_core.verb:set package 'scara_description' build argument 'cmake_clean_first' from command line to 'False'
[0.841s] Level 5:colcon.colcon_core.verb:set package 'scara_description' build argument 'cmake_force_configure' from command line to 'False'
[0.841s] Level 5:colcon.colcon_core.verb:set package 'scara_description' build argument 'ament_cmake_args' from command line to 'None'
[0.841s] Level 5:colcon.colcon_core.verb:set package 'scara_description' build argument 'catkin_cmake_args' from command line to 'None'
[0.841s] Level 5:colcon.colcon_core.verb:set package 'scara_description' build argument 'catkin_skip_building_tests' from command line to 'False'
[0.841s] DEBUG:colcon.colcon_core.verb:Building package 'scara_description' with the following arguments: {'ament_cmake_args': None, 'build_base': '/home/omkar/two_scara_ws/build/scara_description', 'catkin_cmake_args': None, 'catkin_skip_building_tests': False, 'cmake_args': None, 'cmake_clean_cache': False, 'cmake_clean_first': False, 'cmake_force_configure': False, 'cmake_target': None, 'cmake_target_skip_unavailable': False, 'install_base': '/home/omkar/two_scara_ws/install/scara_description', 'merge_install': False, 'path': '/home/omkar/two_scara_ws/src/scara_description', 'symlink_install': True, 'test_result_base': None}
[0.842s] Level 5:colcon.colcon_core.verb:set package 'scara_gazebo' build argument 'cmake_args' from command line to 'None'
[0.842s] Level 5:colcon.colcon_core.verb:set package 'scara_gazebo' build argument 'cmake_target' from command line to 'None'
[0.842s] Level 5:colcon.colcon_core.verb:set package 'scara_gazebo' build argument 'cmake_target_skip_unavailable' from command line to 'False'
[0.842s] Level 5:colcon.colcon_core.verb:set package 'scara_gazebo' build argument 'cmake_clean_cache' from command line to 'False'
[0.842s] Level 5:colcon.colcon_core.verb:set package 'scara_gazebo' build argument 'cmake_clean_first' from command line to 'False'
[0.842s] Level 5:colcon.colcon_core.verb:set package 'scara_gazebo' build argument 'cmake_force_configure' from command line to 'False'
[0.842s] Level 5:colcon.colcon_core.verb:set package 'scara_gazebo' build argument 'ament_cmake_args' from command line to 'None'
[0.842s] Level 5:colcon.colcon_core.verb:set package 'scara_gazebo' build argument 'catkin_cmake_args' from command line to 'None'
[0.842s] Level 5:colcon.colcon_core.verb:set package 'scara_gazebo' build argument 'catkin_skip_building_tests' from command line to 'False'
[0.842s] DEBUG:colcon.colcon_core.verb:Building package 'scara_gazebo' with the following arguments: {'ament_cmake_args': None, 'build_base': '/home/omkar/two_scara_ws/build/scara_gazebo', 'catkin_cmake_args': None, 'catkin_skip_building_tests': False, 'cmake_args': None, 'cmake_clean_cache': False, 'cmake_clean_first': False, 'cmake_force_configure': False, 'cmake_target': None, 'cmake_target_skip_unavailable': False, 'install_base': '/home/omkar/two_scara_ws/install/scara_gazebo', 'merge_install': False, 'path': '/home/omkar/two_scara_ws/src/scara_gazebo', 'symlink_install': True, 'test_result_base': None}
[0.843s] INFO:colcon.colcon_core.executor:Executing jobs using 'parallel' executor
[0.844s] DEBUG:colcon.colcon_parallel_executor.executor.parallel:run_until_complete
[0.845s] INFO:colcon.colcon_ros.task.ament_cmake.build:Building ROS package in '/home/omkar/two_scara_ws/src/conveyor_description' with build type 'ament_cmake'
[0.845s] INFO:colcon.colcon_cmake.task.cmake.build:Building CMake package in '/home/omkar/two_scara_ws/src/conveyor_description'
[0.849s] INFO:colcon.colcon_core.plugin_system:Skipping extension 'colcon_core.shell.bat': Not used on non-Windows systems
[0.849s] INFO:colcon.colcon_core.shell:Skip shell extension 'powershell' for command environment: Not usable outside of PowerShell
[0.850s] DEBUG:colcon.colcon_core.shell:Skip shell extension 'dsv' for command environment
[0.857s] INFO:colcon.colcon_ros.task.ament_cmake.build:Building ROS package in '/home/omkar/two_scara_ws/src/scara_control' with build type 'ament_cmake'
[0.857s] INFO:colcon.colcon_cmake.task.cmake.build:Building CMake package in '/home/omkar/two_scara_ws/src/scara_control'
[0.858s] INFO:colcon.colcon_core.shell:Skip shell extension 'powershell' for command environment: Not usable outside of PowerShell
[0.858s] DEBUG:colcon.colcon_core.shell:Skip shell extension 'dsv' for command environment
[0.866s] INFO:colcon.colcon_ros.task.ament_cmake.build:Building ROS package in '/home/omkar/two_scara_ws/src/scara_description' with build type 'ament_cmake'
[0.867s] INFO:colcon.colcon_cmake.task.cmake.build:Building CMake package in '/home/omkar/two_scara_ws/src/scara_description'
[0.867s] INFO:colcon.colcon_core.shell:Skip shell extension 'powershell' for command environment: Not usable outside of PowerShell
[0.867s] DEBUG:colcon.colcon_core.shell:Skip shell extension 'dsv' for command environment
[0.874s] INFO:colcon.colcon_ros.task.ament_cmake.build:Building ROS package in '/home/omkar/two_scara_ws/src/scara_gazebo' with build type 'ament_cmake'
[0.875s] INFO:colcon.colcon_cmake.task.cmake.build:Building CMake package in '/home/omkar/two_scara_ws/src/scara_gazebo'
[0.875s] INFO:colcon.colcon_core.shell:Skip shell extension 'powershell' for command environment: Not usable outside of PowerShell
[0.875s] DEBUG:colcon.colcon_core.shell:Skip shell extension 'dsv' for command environment
[0.895s] DEBUG:colcon.colcon_core.event_handler.log_command:Invoking command in '/home/omkar/two_scara_ws/build/conveyor_description': CMAKE_PREFIX_PATH=${CMAKE_PREFIX_PATH}:/opt/ros/humble /usr/bin/cmake --build /home/omkar/two_scara_ws/build/conveyor_description -- -j8 -l8
[0.903s] DEBUG:colcon.colcon_core.event_handler.log_command:Invoking command in '/home/omkar/two_scara_ws/build/scara_control': CMAKE_PREFIX_PATH=${CMAKE_PREFIX_PATH}:/opt/ros/humble /usr/bin/cmake --build /home/omkar/two_scara_ws/build/scara_control -- -j8 -l8
[0.913s] DEBUG:colcon.colcon_core.event_handler.log_command:Invoking command in '/home/omkar/two_scara_ws/build/scara_description': CMAKE_PREFIX_PATH=${CMAKE_PREFIX_PATH}:/opt/ros/humble /usr/bin/cmake --build /home/omkar/two_scara_ws/build/scara_description -- -j8 -l8
[0.922s] DEBUG:colcon.colcon_core.event_handler.log_command:Invoking command in '/home/omkar/two_scara_ws/build/scara_gazebo': CMAKE_PREFIX_PATH=${CMAKE_PREFIX_PATH}:/opt/ros/humble /usr/bin/cmake --build /home/omkar/two_scara_ws/build/scara_gazebo -- -j8 -l8
[0.981s] DEBUG:colcon.colcon_core.event_handler.log_command:Invoked command in '/home/omkar/two_scara_ws/build/conveyor_description' returned '0': CMAKE_PREFIX_PATH=${CMAKE_PREFIX_PATH}:/opt/ros/humble /usr/bin/cmake --build /home/omkar/two_scara_ws/build/conveyor_description -- -j8 -l8
[1.003s] DEBUG:colcon.colcon_core.event_handler.log_command:Invoking command in '/home/omkar/two_scara_ws/build/conveyor_description': CMAKE_PREFIX_PATH=${CMAKE_PREFIX_PATH}:/opt/ros/humble /usr/bin/cmake --install /home/omkar/two_scara_ws/build/conveyor_description
[1.007s] DEBUG:colcon.colcon_core.event_handler.log_command:Invoked command in '/home/omkar/two_scara_ws/build/scara_gazebo' returned '0': CMAKE_PREFIX_PATH=${CMAKE_PREFIX_PATH}:/opt/ros/humble /usr/bin/cmake --build /home/omkar/two_scara_ws/build/scara_gazebo -- -j8 -l8
[1.012s] DEBUG:colcon.colcon_core.event_handler.log_command:Invoking command in '/home/omkar/two_scara_ws/build/scara_gazebo': CMAKE_PREFIX_PATH=${CMAKE_PREFIX_PATH}:/opt/ros/humble /usr/bin/cmake --install /home/omkar/two_scara_ws/build/scara_gazebo
[1.013s] DEBUG:colcon.colcon_core.event_handler.log_command:Invoked command in '/home/omkar/two_scara_ws/build/scara_description' returned '0': CMAKE_PREFIX_PATH=${CMAKE_PREFIX_PATH}:/opt/ros/humble /usr/bin/cmake --build /home/omkar/two_scara_ws/build/scara_description -- -j8 -l8
[1.018s] DEBUG:colcon.colcon_core.event_handler.log_command:Invoking command in '/home/omkar/two_scara_ws/build/scara_description': CMAKE_PREFIX_PATH=${CMAKE_PREFIX_PATH}:/opt/ros/humble /usr/bin/cmake --install /home/omkar/two_scara_ws/build/scara_description
[1.054s] Level 1:colcon.colcon_core.environment:create_environment_scripts_only(conveyor_description)
[1.055s] DEBUG:colcon.colcon_core.event_handler.log_command:Invoked command in '/home/omkar/two_scara_ws/build/conveyor_description' returned '0': CMAKE_PREFIX_PATH=${CMAKE_PREFIX_PATH}:/opt/ros/humble /usr/bin/cmake --install /home/omkar/two_scara_ws/build/conveyor_description
[1.062s] Level 1:colcon.colcon_core.environment:checking '/home/omkar/two_scara_ws/install/conveyor_description' for CMake module files
[1.065s] Level 1:colcon.colcon_core.environment:checking '/home/omkar/two_scara_ws/install/conveyor_description' for CMake config files
[1.066s] Level 1:colcon.colcon_core.shell:create_environment_hook('conveyor_description', 'cmake_prefix_path')
[1.066s] INFO:colcon.colcon_core.shell:Creating environment hook '/home/omkar/two_scara_ws/install/conveyor_description/share/conveyor_description/hook/cmake_prefix_path.ps1'
[1.068s] INFO:colcon.colcon_core.shell:Creating environment descriptor '/home/omkar/two_scara_ws/install/conveyor_description/share/conveyor_description/hook/cmake_prefix_path.dsv'
[1.069s] INFO:colcon.colcon_core.shell:Creating environment hook '/home/omkar/two_scara_ws/install/conveyor_description/share/conveyor_description/hook/cmake_prefix_path.sh'
[1.071s] Level 1:colcon.colcon_core.environment:checking '/home/omkar/two_scara_ws/install/conveyor_description/bin'
[1.071s] Level 1:colcon.colcon_core.environment:checking '/home/omkar/two_scara_ws/install/conveyor_description/lib/pkgconfig/conveyor_description.pc'
[1.072s] Level 1:colcon.colcon_core.environment:checking '/home/omkar/two_scara_ws/install/conveyor_description/lib/python3.10/site-packages'
[1.072s] Level 1:colcon.colcon_core.environment:checking '/home/omkar/two_scara_ws/install/conveyor_description/bin'
[1.073s] INFO:colcon.colcon_core.shell:Creating package script '/home/omkar/two_scara_ws/install/conveyor_description/share/conveyor_description/package.ps1'
[1.075s] INFO:colcon.colcon_core.shell:Creating package descriptor '/home/omkar/two_scara_ws/install/conveyor_description/share/conveyor_description/package.dsv'
[1.076s] INFO:colcon.colcon_core.shell:Creating package script '/home/omkar/two_scara_ws/install/conveyor_description/share/conveyor_description/package.sh'
[1.079s] INFO:colcon.colcon_core.shell:Creating package script '/home/omkar/two_scara_ws/install/conveyor_description/share/conveyor_description/package.bash'
[1.081s] INFO:colcon.colcon_core.shell:Creating package script '/home/omkar/two_scara_ws/install/conveyor_description/share/conveyor_description/package.zsh'
[1.082s] Level 1:colcon.colcon_core.environment:create_file_with_runtime_dependencies(/home/omkar/two_scara_ws/install/conveyor_description/share/colcon-core/packages/conveyor_description)
[1.084s] Level 1:colcon.colcon_core.environment:create_environment_scripts_only(conveyor_description)
[1.084s] Level 1:colcon.colcon_core.environment:checking '/home/omkar/two_scara_ws/install/conveyor_description' for CMake module files
[1.086s] Level 1:colcon.colcon_core.environment:checking '/home/omkar/two_scara_ws/install/conveyor_description' for CMake config files
[1.087s] Level 1:colcon.colcon_core.shell:create_environment_hook('conveyor_description', 'cmake_prefix_path')
[1.088s] INFO:colcon.colcon_core.shell:Creating environment hook '/home/omkar/two_scara_ws/install/conveyor_description/share/conveyor_description/hook/cmake_prefix_path.ps1'
[1.089s] INFO:colcon.colcon_core.shell:Creating environment descriptor '/home/omkar/two_scara_ws/install/conveyor_description/share/conveyor_description/hook/cmake_prefix_path.dsv'
[1.090s] INFO:colcon.colcon_core.shell:Creating environment hook '/home/omkar/two_scara_ws/install/conveyor_description/share/conveyor_description/hook/cmake_prefix_path.sh'
[1.091s] Level 1:colcon.colcon_core.environment:checking '/home/omkar/two_scara_ws/install/conveyor_description/bin'
[1.091s] Level 1:colcon.colcon_core.environment:checking '/home/omkar/two_scara_ws/install/conveyor_description/lib/pkgconfig/conveyor_description.pc'
[1.092s] Level 1:colcon.colcon_core.environment:checking '/home/omkar/two_scara_ws/install/conveyor_description/lib/python3.10/site-packages'
[1.092s] Level 1:colcon.colcon_core.environment:checking '/home/omkar/two_scara_ws/install/conveyor_description/bin'
[1.093s] INFO:colcon.colcon_core.shell:Creating package script '/home/omkar/two_scara_ws/install/conveyor_description/share/conveyor_description/package.ps1'
[1.094s] INFO:colcon.colcon_core.shell:Creating package descriptor '/home/omkar/two_scara_ws/install/conveyor_description/share/conveyor_description/package.dsv'
[1.095s] INFO:colcon.colcon_core.shell:Creating package script '/home/omkar/two_scara_ws/install/conveyor_description/share/conveyor_description/package.sh'
[1.096s] INFO:colcon.colcon_core.shell:Creating package script '/home/omkar/two_scara_ws/install/conveyor_description/share/conveyor_description/package.bash'
[1.097s] INFO:colcon.colcon_core.shell:Creating package script '/home/omkar/two_scara_ws/install/conveyor_description/share/conveyor_description/package.zsh'
[1.098s] Level 1:colcon.colcon_core.environment:create_file_with_runtime_dependencies(/home/omkar/two_scara_ws/install/conveyor_description/share/colcon-core/packages/conveyor_description)
[1.101s] Level 1:colcon.colcon_core.environment:create_environment_scripts_only(scara_gazebo)
[1.102s] Level 1:colcon.colcon_core.environment:checking '/home/omkar/two_scara_ws/install/scara_gazebo' for CMake module files
[1.103s] DEBUG:colcon.colcon_core.event_handler.log_command:Invoked command in '/home/omkar/two_scara_ws/build/scara_gazebo' returned '0': CMAKE_PREFIX_PATH=${CMAKE_PREFIX_PATH}:/opt/ros/humble /usr/bin/cmake --install /home/omkar/two_scara_ws/build/scara_gazebo
[1.104s] Level 1:colcon.colcon_core.environment:checking '/home/omkar/two_scara_ws/install/scara_gazebo' for CMake config files
[1.104s] Level 1:colcon.colcon_core.shell:create_environment_hook('scara_gazebo', 'cmake_prefix_path')
[1.105s] INFO:colcon.colcon_core.shell:Creating environment hook '/home/omkar/two_scara_ws/install/scara_gazebo/share/scara_gazebo/hook/cmake_prefix_path.ps1'
[1.106s] INFO:colcon.colcon_core.shell:Creating environment descriptor '/home/omkar/two_scara_ws/install/scara_gazebo/share/scara_gazebo/hook/cmake_prefix_path.dsv'
[1.107s] INFO:colcon.colcon_core.shell:Creating environment hook '/home/omkar/two_scara_ws/install/scara_gazebo/share/scara_gazebo/hook/cmake_prefix_path.sh'
[1.108s] Level 1:colcon.colcon_core.environment:checking '/home/omkar/two_scara_ws/install/scara_gazebo/bin'
[1.108s] Level 1:colcon.colcon_core.environment:checking '/home/omkar/two_scara_ws/install/scara_gazebo/lib/pkgconfig/scara_gazebo.pc'
[1.108s] Level 1:colcon.colcon_core.environment:checking '/home/omkar/two_scara_ws/install/scara_gazebo/lib/python3.10/site-packages'
[1.109s] Level 1:colcon.colcon_core.environment:checking '/home/omkar/two_scara_ws/install/scara_gazebo/bin'
[1.110s] INFO:colcon.colcon_core.shell:Creating package script '/home/omkar/two_scara_ws/install/scara_gazebo/share/scara_gazebo/package.ps1'
[1.111s] INFO:colcon.colcon_core.shell:Creating package descriptor '/home/omkar/two_scara_ws/install/scara_gazebo/share/scara_gazebo/package.dsv'
[1.112s] INFO:colcon.colcon_core.shell:Creating package script '/home/omkar/two_scara_ws/install/scara_gazebo/share/scara_gazebo/package.sh'
[1.113s] INFO:colcon.colcon_core.shell:Creating package script '/home/omkar/two_scara_ws/install/scara_gazebo/share/scara_gazebo/package.bash'
[1.113s] INFO:colcon.colcon_core.shell:Creating package script '/home/omkar/two_scara_ws/install/scara_gazebo/share/scara_gazebo/package.zsh'
[1.114s] Level 1:colcon.colcon_core.environment:create_file_with_runtime_dependencies(/home/omkar/two_scara_ws/install/scara_gazebo/share/colcon-core/packages/scara_gazebo)
[1.115s] Level 1:colcon.colcon_core.environment:create_environment_scripts_only(scara_gazebo)
[1.116s] Level 1:colcon.colcon_core.environment:checking '/home/omkar/two_scara_ws/install/scara_gazebo' for CMake module files
[1.117s] Level 1:colcon.colcon_core.environment:checking '/home/omkar/two_scara_ws/install/scara_gazebo' for CMake config files
[1.118s] Level 1:colcon.colcon_core.shell:create_environment_hook('scara_gazebo', 'cmake_prefix_path')
[1.119s] INFO:colcon.colcon_core.shell:Creating environment hook '/home/omkar/two_scara_ws/install/scara_gazebo/share/scara_gazebo/hook/cmake_prefix_path.ps1'
[1.120s] INFO:colcon.colcon_core.shell:Creating environment descriptor '/home/omkar/two_scara_ws/install/scara_gazebo/share/scara_gazebo/hook/cmake_prefix_path.dsv'
[1.121s] INFO:colcon.colcon_core.shell:Creating environment hook '/home/omkar/two_scara_ws/install/scara_gazebo/share/scara_gazebo/hook/cmake_prefix_path.sh'
[1.122s] Level 1:colcon.colcon_core.environment:checking '/home/omkar/two_scara_ws/install/scara_gazebo/bin'
[1.122s] Level 1:colcon.colcon_core.environment:checking '/home/omkar/two_scara_ws/install/scara_gazebo/lib/pkgconfig/scara_gazebo.pc'
[1.123s] Level 1:colcon.colcon_core.environment:checking '/home/omkar/two_scara_ws/install/scara_gazebo/lib/python3.10/site-packages'
[1.123s] Level 1:colcon.colcon_core.environment:checking '/home/omkar/two_scara_ws/install/scara_gazebo/bin'
[1.124s] INFO:colcon.colcon_core.shell:Creating package script '/home/omkar/two_scara_ws/install/scara_gazebo/share/scara_gazebo/package.ps1'
[1.125s] INFO:colcon.colcon_core.shell:Creating package descriptor '/home/omkar/two_scara_ws/install/scara_gazebo/share/scara_gazebo/package.dsv'
[1.126s] INFO:colcon.colcon_core.shell:Creating package script '/home/omkar/two_scara_ws/install/scara_gazebo/share/scara_gazebo/package.sh'
[1.127s] INFO:colcon.colcon_core.shell:Creating package script '/home/omkar/two_scara_ws/install/scara_gazebo/share/scara_gazebo/package.bash'
[1.127s] INFO:colcon.colcon_core.shell:Creating package script '/home/omkar/two_scara_ws/install/scara_gazebo/share/scara_gazebo/package.zsh'
[1.128s] Level 1:colcon.colcon_core.environment:create_file_with_runtime_dependencies(/home/omkar/two_scara_ws/install/scara_gazebo/share/colcon-core/packages/scara_gazebo)
[1.131s] DEBUG:colcon.colcon_core.event_handler.log_command:Invoked command in '/home/omkar/two_scara_ws/build/scara_control' returned '0': CMAKE_PREFIX_PATH=${CMAKE_PREFIX_PATH}:/opt/ros/humble /usr/bin/cmake --build /home/omkar/two_scara_ws/build/scara_control -- -j8 -l8
[1.134s] Level 1:colcon.colcon_core.environment:create_environment_scripts_only(scara_description)
[1.135s] Level 1:colcon.colcon_core.environment:checking '/home/omkar/two_scara_ws/install/scara_description' for CMake module files
[1.136s] DEBUG:colcon.colcon_core.event_handler.log_command:Invoking command in '/home/omkar/two_scara_ws/build/scara_control': CMAKE_PREFIX_PATH=${CMAKE_PREFIX_PATH}:/opt/ros/humble /usr/bin/cmake --install /home/omkar/two_scara_ws/build/scara_control
[1.137s] DEBUG:colcon.colcon_core.event_handler.log_command:Invoked command in '/home/omkar/two_scara_ws/build/scara_description' returned '0': CMAKE_PREFIX_PATH=${CMAKE_PREFIX_PATH}:/opt/ros/humble /usr/bin/cmake --install /home/omkar/two_scara_ws/build/scara_description
[1.137s] Level 1:colcon.colcon_core.environment:checking '/home/omkar/two_scara_ws/install/scara_description' for CMake config files
[1.138s] Level 1:colcon.colcon_core.shell:create_environment_hook('scara_description', 'cmake_prefix_path')
[1.138s] INFO:colcon.colcon_core.shell:Creating environment hook '/home/omkar/two_scara_ws/install/scara_description/share/scara_description/hook/cmake_prefix_path.ps1'
[1.139s] INFO:colcon.colcon_core.shell:Creating environment descriptor '/home/omkar/two_scara_ws/install/scara_description/share/scara_description/hook/cmake_prefix_path.dsv'
[1.140s] INFO:colcon.colcon_core.shell:Creating environment hook '/home/omkar/two_scara_ws/install/scara_description/share/scara_description/hook/cmake_prefix_path.sh'
[1.141s] Level 1:colcon.colcon_core.environment:checking '/home/omkar/two_scara_ws/install/scara_description/bin'
[1.142s] Level 1:colcon.colcon_core.environment:checking '/home/omkar/two_scara_ws/install/scara_description/lib/pkgconfig/scara_description.pc'
[1.142s] Level 1:colcon.colcon_core.environment:checking '/home/omkar/two_scara_ws/install/scara_description/lib/python3.10/site-packages'
[1.143s] Level 1:colcon.colcon_core.environment:checking '/home/omkar/two_scara_ws/install/scara_description/bin'
[1.144s] INFO:colcon.colcon_core.shell:Creating package script '/home/omkar/two_scara_ws/install/scara_description/share/scara_description/package.ps1'
[1.145s] INFO:colcon.colcon_core.shell:Creating package descriptor '/home/omkar/two_scara_ws/install/scara_description/share/scara_description/package.dsv'
[1.146s] INFO:colcon.colcon_core.shell:Creating package script '/home/omkar/two_scara_ws/install/scara_description/share/scara_description/package.sh'
[1.147s] INFO:colcon.colcon_core.shell:Creating package script '/home/omkar/two_scara_ws/install/scara_description/share/scara_description/package.bash'
[1.148s] INFO:colcon.colcon_core.shell:Creating package script '/home/omkar/two_scara_ws/install/scara_description/share/scara_description/package.zsh'
[1.148s] Level 1:colcon.colcon_core.environment:create_file_with_runtime_dependencies(/home/omkar/two_scara_ws/install/scara_description/share/colcon-core/packages/scara_description)
[1.150s] Level 1:colcon.colcon_core.environment:create_environment_scripts_only(scara_description)
[1.150s] Level 1:colcon.colcon_core.environment:checking '/home/omkar/two_scara_ws/install/scara_description' for CMake module files
[1.152s] Level 1:colcon.colcon_core.environment:checking '/home/omkar/two_scara_ws/install/scara_description' for CMake config files
[1.153s] Level 1:colcon.colcon_core.shell:create_environment_hook('scara_description', 'cmake_prefix_path')
[1.154s] INFO:colcon.colcon_core.shell:Creating environment hook '/home/omkar/two_scara_ws/install/scara_description/share/scara_description/hook/cmake_prefix_path.ps1'
[1.155s] INFO:colcon.colcon_core.shell:Creating environment descriptor '/home/omkar/two_scara_ws/install/scara_description/share/scara_description/hook/cmake_prefix_path.dsv'
[1.156s] INFO:colcon.colcon_core.shell:Creating environment hook '/home/omkar/two_scara_ws/install/scara_description/share/scara_description/hook/cmake_prefix_path.sh'
[1.157s] Level 1:colcon.colcon_core.environment:checking '/home/omkar/two_scara_ws/install/scara_description/bin'
[1.158s] Level 1:colcon.colcon_core.environment:checking '/home/omkar/two_scara_ws/install/scara_description/lib/pkgconfig/scara_description.pc'
[1.158s] Level 1:colcon.colcon_core.environment:checking '/home/omkar/two_scara_ws/install/scara_description/lib/python3.10/site-packages'
[1.159s] Level 1:colcon.colcon_core.environment:checking '/home/omkar/two_scara_ws/install/scara_description/bin'
[1.159s] INFO:colcon.colcon_core.shell:Creating package script '/home/omkar/two_scara_ws/install/scara_description/share/scara_description/package.ps1'
[1.160s] INFO:colcon.colcon_core.shell:Creating package descriptor '/home/omkar/two_scara_ws/install/scara_description/share/scara_description/package.dsv'
[1.161s] INFO:colcon.colcon_core.shell:Creating package script '/home/omkar/two_scara_ws/install/scara_description/share/scara_description/package.sh'
[1.162s] INFO:colcon.colcon_core.shell:Creating package script '/home/omkar/two_scara_ws/install/scara_description/share/scara_description/package.bash'
[1.163s] INFO:colcon.colcon_core.shell:Creating package script '/home/omkar/two_scara_ws/install/scara_description/share/scara_description/package.zsh'
[1.164s] Level 1:colcon.colcon_core.environment:create_file_with_runtime_dependencies(/home/omkar/two_scara_ws/install/scara_description/share/colcon-core/packages/scara_description)
[1.181s] Level 1:colcon.colcon_core.environment:create_environment_scripts_only(scara_control)
[1.182s] Level 1:colcon.colcon_core.environment:checking '/home/omkar/two_scara_ws/install/scara_control' for CMake module files
[1.182s] DEBUG:colcon.colcon_core.event_handler.log_command:Invoked command in '/home/omkar/two_scara_ws/build/scara_control' returned '0': CMAKE_PREFIX_PATH=${CMAKE_PREFIX_PATH}:/opt/ros/humble /usr/bin/cmake --install /home/omkar/two_scara_ws/build/scara_control
[1.185s] Level 1:colcon.colcon_core.environment:checking '/home/omkar/two_scara_ws/install/scara_control' for CMake config files
[1.186s] Level 1:colcon.colcon_core.shell:create_environment_hook('scara_control', 'cmake_prefix_path')
[1.186s] INFO:colcon.colcon_core.shell:Creating environment hook '/home/omkar/two_scara_ws/install/scara_control/share/scara_control/hook/cmake_prefix_path.ps1'
[1.188s] INFO:colcon.colcon_core.shell:Creating environment descriptor '/home/omkar/two_scara_ws/install/scara_control/share/scara_control/hook/cmake_prefix_path.dsv'
[1.189s] INFO:colcon.colcon_core.shell:Creating environment hook '/home/omkar/two_scara_ws/install/scara_control/share/scara_control/hook/cmake_prefix_path.sh'
[1.190s] Level 1:colcon.colcon_core.environment:checking '/home/omkar/two_scara_ws/install/scara_control/lib'
[1.190s] Level 1:colcon.colcon_core.environment:checking '/home/omkar/two_scara_ws/install/scara_control/bin'
[1.191s] Level 1:colcon.colcon_core.environment:checking '/home/omkar/two_scara_ws/install/scara_control/lib/pkgconfig/scara_control.pc'
[1.191s] Level 1:colcon.colcon_core.environment:checking '/home/omkar/two_scara_ws/install/scara_control/lib/python3.10/site-packages'
[1.192s] Level 1:colcon.colcon_core.environment:checking '/home/omkar/two_scara_ws/install/scara_control/bin'
[1.192s] INFO:colcon.colcon_core.shell:Creating package script '/home/omkar/two_scara_ws/install/scara_control/share/scara_control/package.ps1'
[1.193s] INFO:colcon.colcon_core.shell:Creating package descriptor '/home/omkar/two_scara_ws/install/scara_control/share/scara_control/package.dsv'
[1.194s] INFO:colcon.colcon_core.shell:Creating package script '/home/omkar/two_scara_ws/install/scara_control/share/scara_control/package.sh'
[1.195s] INFO:colcon.colcon_core.shell:Creating package script '/home/omkar/two_scara_ws/install/scara_control/share/scara_control/package.bash'
[1.196s] INFO:colcon.colcon_core.shell:Creating package script '/home/omkar/two_scara_ws/install/scara_control/share/scara_control/package.zsh'
[1.196s] Level 1:colcon.colcon_core.environment:create_file_with_runtime_dependencies(/home/omkar/two_scara_ws/install/scara_control/share/colcon-core/packages/scara_control)
[1.198s] Level 1:colcon.colcon_core.environment:create_environment_scripts_only(scara_control)
[1.198s] Level 1:colcon.colcon_core.environment:checking '/home/omkar/two_scara_ws/install/scara_control' for CMake module files
[1.199s] Level 1:colcon.colcon_core.environment:checking '/home/omkar/two_scara_ws/install/scara_control' for CMake config files
[1.200s] Level 1:colcon.colcon_core.shell:create_environment_hook('scara_control', 'cmake_prefix_path')
[1.200s] INFO:colcon.colcon_core.shell:Creating environment hook '/home/omkar/two_scara_ws/install/scara_control/share/scara_control/hook/cmake_prefix_path.ps1'
[1.201s] INFO:colcon.colcon_core.shell:Creating environment descriptor '/home/omkar/two_scara_ws/install/scara_control/share/scara_control/hook/cmake_prefix_path.dsv'
[1.202s] INFO:colcon.colcon_core.shell:Creating environment hook '/home/omkar/two_scara_ws/install/scara_control/share/scara_control/hook/cmake_prefix_path.sh'
[1.203s] Level 1:colcon.colcon_core.environment:checking '/home/omkar/two_scara_ws/install/scara_control/lib'
[1.204s] Level 1:colcon.colcon_core.environment:checking '/home/omkar/two_scara_ws/install/scara_control/bin'
[1.204s] Level 1:colcon.colcon_core.environment:checking '/home/omkar/two_scara_ws/install/scara_control/lib/pkgconfig/scara_control.pc'
[1.204s] Level 1:colcon.colcon_core.environment:checking '/home/omkar/two_scara_ws/install/scara_control/lib/python3.10/site-packages'
[1.205s] Level 1:colcon.colcon_core.environment:checking '/home/omkar/two_scara_ws/install/scara_control/bin'
[1.206s] INFO:colcon.colcon_core.shell:Creating package script '/home/omkar/two_scara_ws/install/scara_control/share/scara_control/package.ps1'
[1.208s] INFO:colcon.colcon_core.shell:Creating package descriptor '/home/omkar/two_scara_ws/install/scara_control/share/scara_control/package.dsv'
[1.209s] INFO:colcon.colcon_core.shell:Creating package script '/home/omkar/two_scara_ws/install/scara_control/share/scara_control/package.sh'
[1.210s] INFO:colcon.colcon_core.shell:Creating package script '/home/omkar/two_scara_ws/install/scara_control/share/scara_control/package.bash'
[1.211s] INFO:colcon.colcon_core.shell:Creating package script '/home/omkar/two_scara_ws/install/scara_control/share/scara_control/package.zsh'
[1.211s] Level 1:colcon.colcon_core.environment:create_file_with_runtime_dependencies(/home/omkar/two_scara_ws/install/scara_control/share/colcon-core/packages/scara_control)
[1.212s] DEBUG:colcon.colcon_parallel_executor.executor.parallel:closing loop
[1.212s] DEBUG:colcon.colcon_parallel_executor.executor.parallel:loop closed
[1.212s] DEBUG:colcon.colcon_parallel_executor.executor.parallel:run_until_complete finished with '0'
[1.213s] DEBUG:colcon.colcon_core.event_reactor:joining thread
[1.225s] INFO:colcon.colcon_core.plugin_system:Skipping extension 'colcon_notification.desktop_notification.terminal_notifier': Not used on non-Darwin systems
[1.225s] INFO:colcon.colcon_core.plugin_system:Skipping extension 'colcon_notification.desktop_notification.win32': Not used on non-Windows systems
[1.225s] INFO:colcon.colcon_notification.desktop_notification:Sending desktop notification using 'notify2'
[1.248s] DEBUG:colcon.colcon_core.event_reactor:joined thread
[1.249s] INFO:colcon.colcon_core.shell:Creating prefix script '/home/omkar/two_scara_ws/install/local_setup.ps1'
[1.251s] INFO:colcon.colcon_core.shell:Creating prefix util module '/home/omkar/two_scara_ws/install/_local_setup_util_ps1.py'
[1.254s] INFO:colcon.colcon_core.shell:Creating prefix chain script '/home/omkar/two_scara_ws/install/setup.ps1'
[1.258s] INFO:colcon.colcon_core.shell:Creating prefix script '/home/omkar/two_scara_ws/install/local_setup.sh'
[1.259s] INFO:colcon.colcon_core.shell:Creating prefix util module '/home/omkar/two_scara_ws/install/_local_setup_util_sh.py'
[1.260s] INFO:colcon.colcon_core.shell:Creating prefix chain script '/home/omkar/two_scara_ws/install/setup.sh'
[1.263s] INFO:colcon.colcon_core.shell:Creating prefix script '/home/omkar/two_scara_ws/install/local_setup.bash'
[1.264s] INFO:colcon.colcon_core.shell:Creating prefix chain script '/home/omkar/two_scara_ws/install/setup.bash'
[1.266s] INFO:colcon.colcon_core.shell:Creating prefix script '/home/omkar/two_scara_ws/install/local_setup.zsh'
[1.267s] INFO:colcon.colcon_core.shell:Creating prefix chain script '/home/omkar/two_scara_ws/install/setup.zsh'
