[0.020s] Invoking command in '/home/omkar/two_scara_ws/build/scara_control': CMAKE_PREFIX_PATH=${CMAKE_PREFIX_PATH}:/opt/ros/humble /usr/bin/cmake /home/omkar/two_scara_ws/src/scara_control -DCMAKE_INSTALL_PREFIX=/home/omkar/two_scara_ws/install/scara_control
[0.042s] -- Found ament_cmake: 1.3.11 (/opt/ros/humble/share/ament_cmake/cmake)
[0.241s] -- Override CMake install command with custom implementation using symlinks instead of copying resources
[0.247s] -- Found rclcpp: 16.0.12 (/opt/ros/humble/share/rclcpp/cmake)
[0.276s] -- Found rosidl_generator_c: 3.1.6 (/opt/ros/humble/share/rosidl_generator_c/cmake)
[0.278s] -- Found rosidl_adapter: 3.1.6 (/opt/ros/humble/share/rosidl_adapter/cmake)
[0.285s] -- Found rosidl_generator_cpp: 3.1.6 (/opt/ros/humble/share/rosidl_generator_cpp/cmake)
[0.296s] -- Using all available rosidl_typesupport_c: rosidl_typesupport_fastrtps_c;rosidl_typesupport_introspection_c
[0.310s] -- Using all available rosidl_typesupport_cpp: rosidl_typesupport_fastrtps_cpp;rosidl_typesupport_introspection_cpp
[0.352s] -- Found rmw_implementation_cmake: 6.1.2 (/opt/ros/humble/share/rmw_implementation_cmake/cmake)
[0.353s] -- Found rmw_fastrtps_cpp: 6.2.7 (/opt/ros/humble/share/rmw_fastrtps_cpp/cmake)
[0.462s] -- Using RMW implementation 'rmw_fastrtps_cpp' as default
[0.511s] -- Found sensor_msgs: 4.8.0 (/opt/ros/humble/share/sensor_msgs/cmake)
[0.543s] -- Found rclpy: 3.3.16 (/opt/ros/humble/share/rclpy/cmake)
[0.543s] -- Found controller_manager: 2.49.0 (/opt/ros/humble/share/controller_manager/cmake)
[0.687s] -- Found ros2_control: 2.49.0 (/opt/ros/humble/share/ros2_control/cmake)
[0.687s] -- Found xacro: 2.0.13 (/opt/ros/humble/share/xacro/cmake)
[0.688s] -- Found robot_state_publisher: 3.0.3 (/opt/ros/humble/share/robot_state_publisher/cmake)
[0.692s] -- Found eigen3_cmake_module: 0.1.1 (/opt/ros/humble/share/eigen3_cmake_module/cmake)
[0.693s] -- Ensuring Eigen3 include directory is part of orocos-kdl CMake target
[0.757s] -- Found gazebo_ros: 3.9.0 (/opt/ros/humble/share/gazebo_ros/cmake)
[0.787s] -- Found DART: /usr/include (Required is at least version "6.6") found components: dart 
[0.815s] -- Found Protobuf: /usr/lib/x86_64-linux-gnu/libprotobuf.so (found version "3.12.4") 
[0.816s] -- Looking for ignition-math6 -- found version 6.15.1
[0.821s] -- Searching for dependencies of ignition-math6
[0.822s] -- Looking for OGRE...
[0.829s] -- Found Ogre Ghadamon (1.9.0)
[0.829s] -- Found OGRE: optimized;/usr/lib/x86_64-linux-gnu/libOgreMain.so;debug;/usr/lib/x86_64-linux-gnu/libOgreMain.so
[0.842s] -- Looking for OGRE_Paging...
[0.842s] -- Found OGRE_Paging: optimized;/usr/lib/x86_64-linux-gnu/libOgrePaging.so;debug;/usr/lib/x86_64-linux-gnu/libOgrePaging.so
[0.842s] -- Looking for OGRE_Terrain...
[0.842s] -- Found OGRE_Terrain: optimized;/usr/lib/x86_64-linux-gnu/libOgreTerrain.so;debug;/usr/lib/x86_64-linux-gnu/libOgreTerrain.so
[0.842s] -- Looking for OGRE_Property...
[0.842s] -- Found OGRE_Property: optimized;/usr/lib/x86_64-linux-gnu/libOgreProperty.so;debug;/usr/lib/x86_64-linux-gnu/libOgreProperty.so
[0.842s] -- Looking for OGRE_RTShaderSystem...
[0.842s] -- Found OGRE_RTShaderSystem: optimized;/usr/lib/x86_64-linux-gnu/libOgreRTShaderSystem.so;debug;/usr/lib/x86_64-linux-gnu/libOgreRTShaderSystem.so
[0.842s] -- Looking for OGRE_Volume...
[0.842s] -- Found OGRE_Volume: optimized;/usr/lib/x86_64-linux-gnu/libOgreVolume.so;debug;/usr/lib/x86_64-linux-gnu/libOgreVolume.so
[0.842s] -- Looking for OGRE_Overlay...
[0.842s] -- Found OGRE_Overlay: optimized;/usr/lib/x86_64-linux-gnu/libOgreOverlay.so;debug;/usr/lib/x86_64-linux-gnu/libOgreOverlay.so
[0.961s] -- Looking for ignition-math6 -- found version 6.15.1
[0.961s] -- Looking for ignition-transport8 -- found version 8.2.1
[0.961s] -- Searching for dependencies of ignition-transport8
[0.979s] -- Found Protobuf: /usr/lib/x86_64-linux-gnu/libprotobuf.so (found suitable version "3.12.4", minimum required is "3") 
[0.989s] -- Config-file not installed for ZeroMQ -- checking for pkg-config
[0.994s] -- Checking for module 'libzmq >= 4'
[1.006s] --   Found libzmq , version 4.3.4
[1.053s] -- Checking for module 'uuid'
[1.065s] --   Found uuid, version 2.37.2
[1.095s] -- Looking for ignition-msgs5 -- found version 5.8.1
[1.095s] -- Searching for dependencies of ignition-msgs5
[1.114s] -- Looking for ignition-math6 -- found version 6.15.1
[1.122s] -- Looking for ignition-msgs5 -- found version 5.8.1
[1.123s] -- Looking for ignition-common3 -- found version 3.14.0
[1.123s] -- Searching for dependencies of ignition-common3
[1.123s] -- Looking for dlfcn.h - found
[1.124s] -- Looking for libdl - found
[1.139s] -- Searching for <ignition-common3> component [graphics]
[1.139s] -- Looking for ignition-common3-graphics -- found version 3.14.0
[1.140s] -- Searching for dependencies of ignition-common3-graphics
[1.140s] -- Looking for ignition-math6 -- found version 6.15.1
[1.141s] -- Looking for ignition-fuel_tools4 -- found version 4.4.0
[1.142s] -- Searching for dependencies of ignition-fuel_tools4
[1.181s] -- Checking for module 'jsoncpp'
[1.193s] --   Found jsoncpp, version 1.9.5
[1.234s] -- Checking for module 'libzip'
[1.246s] --   Found libzip, version 1.7.3
[1.277s] -- Looking for ignition-common3 -- found version 3.14.0
[1.277s] -- Looking for ignition-math6 -- found version 6.15.1
[1.278s] -- Looking for ignition-msgs5 -- found version 5.8.1
[1.279s] -- Gazebo version: 11.10
[1.354s] -- Configuring done
[1.365s] -- Generating done
[1.370s] -- Build files have been written to: /home/omkar/two_scara_ws/build/scara_control
[1.384s] Invoked command in '/home/omkar/two_scara_ws/build/scara_control' returned '0': CMAKE_PREFIX_PATH=${CMAKE_PREFIX_PATH}:/opt/ros/humble /usr/bin/cmake /home/omkar/two_scara_ws/src/scara_control -DCMAKE_INSTALL_PREFIX=/home/omkar/two_scara_ws/install/scara_control
[1.386s] Invoking command in '/home/omkar/two_scara_ws/build/scara_control': CMAKE_PREFIX_PATH=${CMAKE_PREFIX_PATH}:/opt/ros/humble /usr/bin/cmake --build /home/omkar/two_scara_ws/build/scara_control -- -j8 -l8
[1.439s] [35m[1mConsolidate compiler generated dependencies of target coordination_node[0m
[1.455s] [100%] Built target coordination_node
[1.467s] Invoked command in '/home/omkar/two_scara_ws/build/scara_control' returned '0': CMAKE_PREFIX_PATH=${CMAKE_PREFIX_PATH}:/opt/ros/humble /usr/bin/cmake --build /home/omkar/two_scara_ws/build/scara_control -- -j8 -l8
[1.469s] Invoking command in '/home/omkar/two_scara_ws/build/scara_control': CMAKE_PREFIX_PATH=${CMAKE_PREFIX_PATH}:/opt/ros/humble /usr/bin/cmake --install /home/omkar/two_scara_ws/build/scara_control
[1.475s] -- Install configuration: ""
[1.476s] -- Execute custom install script
[1.476s] -- Up-to-date symlink: /home/omkar/two_scara_ws/install/scara_control/lib/scara_control/coordination_node
[1.476s] -- Up-to-date symlink: /home/omkar/two_scara_ws/install/scara_control/lib/scara_control/target_generator.py
[1.476s] -- Up-to-date symlink: /home/omkar/two_scara_ws/install/scara_control/lib/scara_control/spawn_objects.py
[1.476s] -- Up-to-date symlink: /home/omkar/two_scara_ws/install/scara_control/lib/scara_control/gripper_control.py
[1.476s] -- Up-to-date symlink: /home/omkar/two_scara_ws/install/scara_control/lib/scara_control/conveyor_control.py
[1.477s] -- Up-to-date symlink: /home/omkar/two_scara_ws/install/scara_control/lib/scara_control/ik_solver.py
[1.477s] -- Up-to-date symlink: /home/omkar/two_scara_ws/install/scara_control/lib/scara_control/joint_publisher.py
[1.477s] -- Up-to-date symlink: /home/omkar/two_scara_ws/install/scara_control/share/scara_control//launch/full_system.launch.py
[1.477s] -- Up-to-date symlink: /home/omkar/two_scara_ws/install/scara_control/share/scara_control//launch/scara_control.launch.py
[1.477s] -- Up-to-date symlink: /home/omkar/two_scara_ws/install/scara_control/share/scara_control//config/scara_controllers.yaml
[1.477s] -- Up-to-date symlink: /home/omkar/two_scara_ws/install/scara_control/share/ament_index/resource_index/package_run_dependencies/scara_control
[1.478s] -- Up-to-date symlink: /home/omkar/two_scara_ws/install/scara_control/share/ament_index/resource_index/parent_prefix_path/scara_control
[1.478s] -- Up-to-date symlink: /home/omkar/two_scara_ws/install/scara_control/share/scara_control/environment/ament_prefix_path.sh
[1.478s] -- Up-to-date symlink: /home/omkar/two_scara_ws/install/scara_control/share/scara_control/environment/ament_prefix_path.dsv
[1.478s] -- Up-to-date symlink: /home/omkar/two_scara_ws/install/scara_control/share/scara_control/environment/path.sh
[1.478s] -- Up-to-date symlink: /home/omkar/two_scara_ws/install/scara_control/share/scara_control/environment/path.dsv
[1.478s] -- Up-to-date symlink: /home/omkar/two_scara_ws/install/scara_control/share/scara_control/local_setup.bash
[1.478s] -- Up-to-date symlink: /home/omkar/two_scara_ws/install/scara_control/share/scara_control/local_setup.sh
[1.478s] -- Up-to-date symlink: /home/omkar/two_scara_ws/install/scara_control/share/scara_control/local_setup.zsh
[1.479s] -- Up-to-date symlink: /home/omkar/two_scara_ws/install/scara_control/share/scara_control/local_setup.dsv
[1.479s] -- Symlinking: /home/omkar/two_scara_ws/install/scara_control/share/scara_control/package.dsv
[1.488s] -- Up-to-date symlink: /home/omkar/two_scara_ws/install/scara_control/share/ament_index/resource_index/packages/scara_control
[1.488s] -- Up-to-date symlink: /home/omkar/two_scara_ws/install/scara_control/share/scara_control/cmake/scara_controlConfig.cmake
[1.488s] -- Up-to-date symlink: /home/omkar/two_scara_ws/install/scara_control/share/scara_control/cmake/scara_controlConfig-version.cmake
[1.488s] -- Up-to-date symlink: /home/omkar/two_scara_ws/install/scara_control/share/scara_control/package.xml
[1.491s] Invoked command in '/home/omkar/two_scara_ws/build/scara_control' returned '0': CMAKE_PREFIX_PATH=${CMAKE_PREFIX_PATH}:/opt/ros/humble /usr/bin/cmake --install /home/omkar/two_scara_ws/build/scara_control
