[0.030s] Invoking command in '/home/omkar/two_scara_ws/build/scara_description': CMAKE_PREFIX_PATH=${CMAKE_PREFIX_PATH}:/opt/ros/humble /usr/bin/cmake --build /home/omkar/two_scara_ws/build/scara_description -- -j8 -l8
[0.084s] Invoked command in '/home/omkar/two_scara_ws/build/scara_description' returned '0': CMAKE_PREFIX_PATH=${CMAKE_PREFIX_PATH}:/opt/ros/humble /usr/bin/cmake --build /home/omkar/two_scara_ws/build/scara_description -- -j8 -l8
[0.085s] Invoking command in '/home/omkar/two_scara_ws/build/scara_description': CMAKE_PREFIX_PATH=${CMAKE_PREFIX_PATH}:/opt/ros/humble /usr/bin/cmake --install /home/omkar/two_scara_ws/build/scara_description
[0.097s] -- Install configuration: ""
[0.098s] -- Up-to-date: /home/omkar/two_scara_ws/install/scara_description/share/scara_description/urdf
[0.098s] -- Installing: /home/omkar/two_scara_ws/install/scara_description/share/scara_description/urdf/scara1.urdf.xacro
[0.098s] -- Up-to-date: /home/omkar/two_scara_ws/install/scara_description/share/scara_description/launch
[0.098s] -- Installing: /home/omkar/two_scara_ws/install/scara_description/share/scara_description/launch/spawn_scara.launch.py
[0.099s] -- Up-to-date: /home/omkar/two_scara_ws/install/scara_description/share/ament_index/resource_index/package_run_dependencies/scara_description
[0.099s] -- Up-to-date: /home/omkar/two_scara_ws/install/scara_description/share/ament_index/resource_index/parent_prefix_path/scara_description
[0.099s] -- Up-to-date: /home/omkar/two_scara_ws/install/scara_description/share/scara_description/environment/ament_prefix_path.sh
[0.099s] -- Up-to-date: /home/omkar/two_scara_ws/install/scara_description/share/scara_description/environment/ament_prefix_path.dsv
[0.099s] -- Up-to-date: /home/omkar/two_scara_ws/install/scara_description/share/scara_description/environment/path.sh
[0.099s] -- Up-to-date: /home/omkar/two_scara_ws/install/scara_description/share/scara_description/environment/path.dsv
[0.099s] -- Up-to-date: /home/omkar/two_scara_ws/install/scara_description/share/scara_description/local_setup.bash
[0.100s] -- Up-to-date: /home/omkar/two_scara_ws/install/scara_description/share/scara_description/local_setup.sh
[0.100s] -- Up-to-date: /home/omkar/two_scara_ws/install/scara_description/share/scara_description/local_setup.zsh
[0.100s] -- Up-to-date: /home/omkar/two_scara_ws/install/scara_description/share/scara_description/local_setup.dsv
[0.100s] -- Installing: /home/omkar/two_scara_ws/install/scara_description/share/scara_description/package.dsv
[0.101s] -- Up-to-date: /home/omkar/two_scara_ws/install/scara_description/share/ament_index/resource_index/packages/scara_description
[0.101s] -- Up-to-date: /home/omkar/two_scara_ws/install/scara_description/share/scara_description/cmake/scara_descriptionConfig.cmake
[0.101s] -- Up-to-date: /home/omkar/two_scara_ws/install/scara_description/share/scara_description/cmake/scara_descriptionConfig-version.cmake
[0.101s] -- Up-to-date: /home/omkar/two_scara_ws/install/scara_description/share/scara_description/package.xml
[0.127s] Invoked command in '/home/omkar/two_scara_ws/build/scara_description' returned '0': CMAKE_PREFIX_PATH=${CMAKE_PREFIX_PATH}:/opt/ros/humble /usr/bin/cmake --install /home/omkar/two_scara_ws/build/scara_description
