[0.028s] Invoking command in '/home/omkar/two_scara_ws/build/scara_description': CMAKE_PREFIX_PATH=${CMAKE_PREFIX_PATH}:/opt/ros/humble /usr/bin/cmake --build /home/omkar/two_scara_ws/build/scara_description -- -j8 -l8
[0.068s] Invoked command in '/home/omkar/two_scara_ws/build/scara_description' returned '0': CMAKE_PREFIX_PATH=${CMAKE_PREFIX_PATH}:/opt/ros/humble /usr/bin/cmake --build /home/omkar/two_scara_ws/build/scara_description -- -j8 -l8
[0.070s] Invoking command in '/home/omkar/two_scara_ws/build/scara_description': CMAKE_PREFIX_PATH=${CMAKE_PREFIX_PATH}:/opt/ros/humble /usr/bin/cmake --install /home/omkar/two_scara_ws/build/scara_description
[0.078s] -- Install configuration: ""
[0.078s] -- Execute custom install script
[0.079s] -- Up-to-date symlink: /home/omkar/two_scara_ws/install/scara_description/share/scara_description/urdf/scara1.urdf.xacro
[0.079s] -- Up-to-date symlink: /home/omkar/two_scara_ws/install/scara_description/share/scara_description/launch/spawn_scara.launch.py
[0.079s] -- Up-to-date symlink: /home/omkar/two_scara_ws/install/scara_description/share/ament_index/resource_index/package_run_dependencies/scara_description
[0.079s] -- Up-to-date symlink: /home/omkar/two_scara_ws/install/scara_description/share/ament_index/resource_index/parent_prefix_path/scara_description
[0.079s] -- Up-to-date symlink: /home/omkar/two_scara_ws/install/scara_description/share/scara_description/environment/ament_prefix_path.sh
[0.079s] -- Up-to-date symlink: /home/omkar/two_scara_ws/install/scara_description/share/scara_description/environment/ament_prefix_path.dsv
[0.079s] -- Up-to-date symlink: /home/omkar/two_scara_ws/install/scara_description/share/scara_description/environment/path.sh
[0.080s] -- Up-to-date symlink: /home/omkar/two_scara_ws/install/scara_description/share/scara_description/environment/path.dsv
[0.080s] -- Up-to-date symlink: /home/omkar/two_scara_ws/install/scara_description/share/scara_description/local_setup.bash
[0.080s] -- Up-to-date symlink: /home/omkar/two_scara_ws/install/scara_description/share/scara_description/local_setup.sh
[0.080s] -- Up-to-date symlink: /home/omkar/two_scara_ws/install/scara_description/share/scara_description/local_setup.zsh
[0.080s] -- Up-to-date symlink: /home/omkar/two_scara_ws/install/scara_description/share/scara_description/local_setup.dsv
[0.080s] -- Symlinking: /home/omkar/two_scara_ws/install/scara_description/share/scara_description/package.dsv
[0.089s] -- Up-to-date symlink: /home/omkar/two_scara_ws/install/scara_description/share/ament_index/resource_index/packages/scara_description
[0.089s] -- Up-to-date symlink: /home/omkar/two_scara_ws/install/scara_description/share/scara_description/cmake/scara_descriptionConfig.cmake
[0.089s] -- Up-to-date symlink: /home/omkar/two_scara_ws/install/scara_description/share/scara_description/cmake/scara_descriptionConfig-version.cmake
[0.089s] -- Up-to-date symlink: /home/omkar/two_scara_ws/install/scara_description/share/scara_description/package.xml
[0.108s] Invoked command in '/home/omkar/two_scara_ws/build/scara_description' returned '0': CMAKE_PREFIX_PATH=${CMAKE_PREFIX_PATH}:/opt/ros/humble /usr/bin/cmake --install /home/omkar/two_scara_ws/build/scara_description
