[0.805s] DEBUG:colcon:Command line arguments: ['/usr/bin/colcon', 'build']
[0.805s] DEBUG:colcon:Parsed command line arguments: Namespace(log_base=None, log_level=None, verb_name='build', build_base='build', install_base='install', merge_install=False, symlink_install=False, test_result_base=None, continue_on_error=False, executor='parallel', parallel_workers=8, event_handlers=None, ignore_user_meta=False, metas=['./colcon.meta'], base_paths=['.'], packages_ignore=None, packages_ignore_regex=None, paths=None, packages_up_to=None, packages_up_to_regex=None, packages_above=None, packages_above_and_dependencies=None, packages_above_depth=None, packages_select_by_dep=None, packages_skip_by_dep=None, packages_skip_up_to=None, packages_select_build_failed=False, packages_skip_build_finished=False, packages_select_test_failures=False, packages_skip_test_passed=False, packages_select=None, packages_skip=None, packages_select_regex=None, packages_skip_regex=None, packages_start=None, packages_end=None, allow_overriding=[], cmake_args=None, cmake_target=None, cmake_target_skip_unavailable=False, cmake_clean_cache=False, cmake_clean_first=False, cmake_force_configure=False, ament_cmake_args=None, catkin_cmake_args=None, catkin_skip_building_tests=False, mixin_files=None, mixin=None, verb_parser=<colcon_mixin.mixin.mixin_argument.MixinArgumentDecorator object at 0x7cad9ec5df90>, verb_extension=<colcon_core.verb.build.BuildVerb object at 0x7cad9ed7af20>, main=<bound method BuildVerb.main of <colcon_core.verb.build.BuildVerb object at 0x7cad9ed7af20>>, mixin_verb=('build',))
[1.894s] Level 1:colcon.colcon_core.package_discovery:discover_packages(colcon_meta) check parameters
[1.894s] Level 1:colcon.colcon_core.package_discovery:discover_packages(recursive) check parameters
[1.894s] Level 1:colcon.colcon_core.package_discovery:discover_packages(ignore) check parameters
[1.894s] Level 1:colcon.colcon_core.package_discovery:discover_packages(path) check parameters
[1.894s] Level 1:colcon.colcon_core.package_discovery:discover_packages(colcon_meta) discover
[1.894s] Level 1:colcon.colcon_core.package_discovery:discover_packages(recursive) discover
[1.894s] INFO:colcon.colcon_core.package_discovery:Crawling recursively for packages in '/home/omkar/two_scara_ws'
[1.894s] Level 1:colcon.colcon_core.package_identification:_identify(.) by extensions ['ignore', 'ignore_ament_install']
[1.895s] Level 1:colcon.colcon_core.package_identification:_identify(.) by extension 'ignore'
[1.898s] Level 1:colcon.colcon_core.package_identification:_identify(.) by extension 'ignore_ament_install'
[1.902s] Level 1:colcon.colcon_core.package_identification:_identify(.) by extensions ['colcon_pkg']
[1.903s] Level 1:colcon.colcon_core.package_identification:_identify(.) by extension 'colcon_pkg'
[1.904s] Level 1:colcon.colcon_core.package_identification:_identify(.) by extensions ['colcon_meta']
[1.904s] Level 1:colcon.colcon_core.package_identification:_identify(.) by extension 'colcon_meta'
[1.905s] Level 1:colcon.colcon_core.package_identification:_identify(.) by extensions ['ros']
[1.905s] Level 1:colcon.colcon_core.package_identification:_identify(.) by extension 'ros'
[1.971s] Level 1:colcon.colcon_core.package_identification:_identify(.) by extensions ['cmake', 'python']
[1.972s] Level 1:colcon.colcon_core.package_identification:_identify(.) by extension 'cmake'
[1.972s] Level 1:colcon.colcon_core.package_identification:_identify(.) by extension 'python'
[1.972s] Level 1:colcon.colcon_core.package_identification:_identify(.) by extensions ['python_setup_py']
[1.972s] Level 1:colcon.colcon_core.package_identification:_identify(.) by extension 'python_setup_py'
[1.972s] Level 1:colcon.colcon_core.package_identification:_identify(build) by extensions ['ignore', 'ignore_ament_install']
[1.972s] Level 1:colcon.colcon_core.package_identification:_identify(build) by extension 'ignore'
[1.972s] Level 1:colcon.colcon_core.package_identification:_identify(build) ignored
[1.973s] Level 1:colcon.colcon_core.package_identification:_identify(install) by extensions ['ignore', 'ignore_ament_install']
[1.973s] Level 1:colcon.colcon_core.package_identification:_identify(install) by extension 'ignore'
[1.973s] Level 1:colcon.colcon_core.package_identification:_identify(install) ignored
[1.973s] Level 1:colcon.colcon_core.package_identification:_identify(log) by extensions ['ignore', 'ignore_ament_install']
[1.973s] Level 1:colcon.colcon_core.package_identification:_identify(log) by extension 'ignore'
[1.973s] Level 1:colcon.colcon_core.package_identification:_identify(log) ignored
[1.973s] Level 1:colcon.colcon_core.package_identification:_identify(src) by extensions ['ignore', 'ignore_ament_install']
[1.974s] Level 1:colcon.colcon_core.package_identification:_identify(src) by extension 'ignore'
[1.974s] Level 1:colcon.colcon_core.package_identification:_identify(src) by extension 'ignore_ament_install'
[1.974s] Level 1:colcon.colcon_core.package_identification:_identify(src) by extensions ['colcon_pkg']
[1.974s] Level 1:colcon.colcon_core.package_identification:_identify(src) by extension 'colcon_pkg'
[1.974s] Level 1:colcon.colcon_core.package_identification:_identify(src) by extensions ['colcon_meta']
[1.974s] Level 1:colcon.colcon_core.package_identification:_identify(src) by extension 'colcon_meta'
[1.974s] Level 1:colcon.colcon_core.package_identification:_identify(src) by extensions ['ros']
[1.974s] Level 1:colcon.colcon_core.package_identification:_identify(src) by extension 'ros'
[1.974s] Level 1:colcon.colcon_core.package_identification:_identify(src) by extensions ['cmake', 'python']
[1.974s] Level 1:colcon.colcon_core.package_identification:_identify(src) by extension 'cmake'
[1.976s] Level 1:colcon.colcon_core.package_identification:_identify(src) by extension 'python'
[1.979s] Level 1:colcon.colcon_core.package_identification:_identify(src) by extensions ['python_setup_py']
[1.981s] Level 1:colcon.colcon_core.package_identification:_identify(src) by extension 'python_setup_py'
[1.983s] Level 1:colcon.colcon_core.package_identification:_identify(src/conveyor_description) by extensions ['ignore', 'ignore_ament_install']
[1.984s] Level 1:colcon.colcon_core.package_identification:_identify(src/conveyor_description) by extension 'ignore'
[1.986s] Level 1:colcon.colcon_core.package_identification:_identify(src/conveyor_description) by extension 'ignore_ament_install'
[1.986s] Level 1:colcon.colcon_core.package_identification:_identify(src/conveyor_description) by extensions ['colcon_pkg']
[1.987s] Level 1:colcon.colcon_core.package_identification:_identify(src/conveyor_description) by extension 'colcon_pkg'
[1.987s] Level 1:colcon.colcon_core.package_identification:_identify(src/conveyor_description) by extensions ['colcon_meta']
[1.987s] Level 1:colcon.colcon_core.package_identification:_identify(src/conveyor_description) by extension 'colcon_meta'
[1.987s] Level 1:colcon.colcon_core.package_identification:_identify(src/conveyor_description) by extensions ['ros']
[1.987s] Level 1:colcon.colcon_core.package_identification:_identify(src/conveyor_description) by extension 'ros'
[2.000s] DEBUG:colcon.colcon_core.package_identification:Package 'src/conveyor_description' with type 'ros.ament_cmake' and name 'conveyor_description'
[2.002s] Level 1:colcon.colcon_core.package_identification:_identify(src/scara_control) by extensions ['ignore', 'ignore_ament_install']
[2.003s] Level 1:colcon.colcon_core.package_identification:_identify(src/scara_control) by extension 'ignore'
[2.003s] Level 1:colcon.colcon_core.package_identification:_identify(src/scara_control) by extension 'ignore_ament_install'
[2.004s] Level 1:colcon.colcon_core.package_identification:_identify(src/scara_control) by extensions ['colcon_pkg']
[2.004s] Level 1:colcon.colcon_core.package_identification:_identify(src/scara_control) by extension 'colcon_pkg'
[2.004s] Level 1:colcon.colcon_core.package_identification:_identify(src/scara_control) by extensions ['colcon_meta']
[2.004s] Level 1:colcon.colcon_core.package_identification:_identify(src/scara_control) by extension 'colcon_meta'
[2.004s] Level 1:colcon.colcon_core.package_identification:_identify(src/scara_control) by extensions ['ros']
[2.004s] Level 1:colcon.colcon_core.package_identification:_identify(src/scara_control) by extension 'ros'
[2.005s] DEBUG:colcon.colcon_core.package_identification:Package 'src/scara_control' with type 'ros.ament_cmake' and name 'scara_control'
[2.006s] Level 1:colcon.colcon_core.package_identification:_identify(src/scara_description) by extensions ['ignore', 'ignore_ament_install']
[2.006s] Level 1:colcon.colcon_core.package_identification:_identify(src/scara_description) by extension 'ignore'
[2.006s] Level 1:colcon.colcon_core.package_identification:_identify(src/scara_description) by extension 'ignore_ament_install'
[2.006s] Level 1:colcon.colcon_core.package_identification:_identify(src/scara_description) by extensions ['colcon_pkg']
[2.006s] Level 1:colcon.colcon_core.package_identification:_identify(src/scara_description) by extension 'colcon_pkg'
[2.006s] Level 1:colcon.colcon_core.package_identification:_identify(src/scara_description) by extensions ['colcon_meta']
[2.006s] Level 1:colcon.colcon_core.package_identification:_identify(src/scara_description) by extension 'colcon_meta'
[2.006s] Level 1:colcon.colcon_core.package_identification:_identify(src/scara_description) by extensions ['ros']
[2.006s] Level 1:colcon.colcon_core.package_identification:_identify(src/scara_description) by extension 'ros'
[2.021s] DEBUG:colcon.colcon_core.package_identification:Package 'src/scara_description' with type 'ros.ament_cmake' and name 'scara_description'
[2.021s] Level 1:colcon.colcon_core.package_identification:_identify(src/scara_gazebo) by extensions ['ignore', 'ignore_ament_install']
[2.021s] Level 1:colcon.colcon_core.package_identification:_identify(src/scara_gazebo) by extension 'ignore'
[2.021s] Level 1:colcon.colcon_core.package_identification:_identify(src/scara_gazebo) by extension 'ignore_ament_install'
[2.022s] Level 1:colcon.colcon_core.package_identification:_identify(src/scara_gazebo) by extensions ['colcon_pkg']
[2.022s] Level 1:colcon.colcon_core.package_identification:_identify(src/scara_gazebo) by extension 'colcon_pkg'
[2.022s] Level 1:colcon.colcon_core.package_identification:_identify(src/scara_gazebo) by extensions ['colcon_meta']
[2.022s] Level 1:colcon.colcon_core.package_identification:_identify(src/scara_gazebo) by extension 'colcon_meta'
[2.022s] Level 1:colcon.colcon_core.package_identification:_identify(src/scara_gazebo) by extensions ['ros']
[2.022s] Level 1:colcon.colcon_core.package_identification:_identify(src/scara_gazebo) by extension 'ros'
[2.023s] DEBUG:colcon.colcon_core.package_identification:Package 'src/scara_gazebo' with type 'ros.ament_cmake' and name 'scara_gazebo'
[2.024s] Level 1:colcon.colcon_core.package_discovery:discover_packages(recursive) using defaults
[2.027s] Level 1:colcon.colcon_core.package_discovery:discover_packages(ignore) discover
[2.029s] Level 1:colcon.colcon_core.package_discovery:discover_packages(ignore) using defaults
[2.031s] Level 1:colcon.colcon_core.package_discovery:discover_packages(path) discover
[2.031s] Level 1:colcon.colcon_core.package_discovery:discover_packages(path) using defaults
[2.223s] Level 1:colcon.colcon_core.package_discovery:discover_packages(prefix_path) check parameters
[2.224s] Level 1:colcon.colcon_core.package_discovery:discover_packages(prefix_path) discover
[2.231s] DEBUG:colcon.colcon_installed_package_information.package_discovery:Found 380 installed packages in /opt/ros/humble
[2.244s] Level 1:colcon.colcon_core.package_discovery:discover_packages(prefix_path) using defaults
[2.518s] Level 5:colcon.colcon_core.verb:set package 'conveyor_description' build argument 'cmake_args' from command line to 'None'
[2.519s] Level 5:colcon.colcon_core.verb:set package 'conveyor_description' build argument 'cmake_target' from command line to 'None'
[2.519s] Level 5:colcon.colcon_core.verb:set package 'conveyor_description' build argument 'cmake_target_skip_unavailable' from command line to 'False'
[2.519s] Level 5:colcon.colcon_core.verb:set package 'conveyor_description' build argument 'cmake_clean_cache' from command line to 'False'
[2.519s] Level 5:colcon.colcon_core.verb:set package 'conveyor_description' build argument 'cmake_clean_first' from command line to 'False'
[2.521s] Level 5:colcon.colcon_core.verb:set package 'conveyor_description' build argument 'cmake_force_configure' from command line to 'False'
[2.523s] Level 5:colcon.colcon_core.verb:set package 'conveyor_description' build argument 'ament_cmake_args' from command line to 'None'
[2.524s] Level 5:colcon.colcon_core.verb:set package 'conveyor_description' build argument 'catkin_cmake_args' from command line to 'None'
[2.526s] Level 5:colcon.colcon_core.verb:set package 'conveyor_description' build argument 'catkin_skip_building_tests' from command line to 'False'
[2.527s] DEBUG:colcon.colcon_core.verb:Building package 'conveyor_description' with the following arguments: {'ament_cmake_args': None, 'build_base': '/home/omkar/two_scara_ws/build/conveyor_description', 'catkin_cmake_args': None, 'catkin_skip_building_tests': False, 'cmake_args': None, 'cmake_clean_cache': False, 'cmake_clean_first': False, 'cmake_force_configure': False, 'cmake_target': None, 'cmake_target_skip_unavailable': False, 'install_base': '/home/omkar/two_scara_ws/install/conveyor_description', 'merge_install': False, 'path': '/home/omkar/two_scara_ws/src/conveyor_description', 'symlink_install': False, 'test_result_base': None}
[2.531s] Level 5:colcon.colcon_core.verb:set package 'scara_control' build argument 'cmake_args' from command line to 'None'
[2.531s] Level 5:colcon.colcon_core.verb:set package 'scara_control' build argument 'cmake_target' from command line to 'None'
[2.531s] Level 5:colcon.colcon_core.verb:set package 'scara_control' build argument 'cmake_target_skip_unavailable' from command line to 'False'
[2.531s] Level 5:colcon.colcon_core.verb:set package 'scara_control' build argument 'cmake_clean_cache' from command line to 'False'
[2.531s] Level 5:colcon.colcon_core.verb:set package 'scara_control' build argument 'cmake_clean_first' from command line to 'False'
[2.531s] Level 5:colcon.colcon_core.verb:set package 'scara_control' build argument 'cmake_force_configure' from command line to 'False'
[2.531s] Level 5:colcon.colcon_core.verb:set package 'scara_control' build argument 'ament_cmake_args' from command line to 'None'
[2.531s] Level 5:colcon.colcon_core.verb:set package 'scara_control' build argument 'catkin_cmake_args' from command line to 'None'
[2.532s] Level 5:colcon.colcon_core.verb:set package 'scara_control' build argument 'catkin_skip_building_tests' from command line to 'False'
[2.532s] DEBUG:colcon.colcon_core.verb:Building package 'scara_control' with the following arguments: {'ament_cmake_args': None, 'build_base': '/home/omkar/two_scara_ws/build/scara_control', 'catkin_cmake_args': None, 'catkin_skip_building_tests': False, 'cmake_args': None, 'cmake_clean_cache': False, 'cmake_clean_first': False, 'cmake_force_configure': False, 'cmake_target': None, 'cmake_target_skip_unavailable': False, 'install_base': '/home/omkar/two_scara_ws/install/scara_control', 'merge_install': False, 'path': '/home/omkar/two_scara_ws/src/scara_control', 'symlink_install': False, 'test_result_base': None}
[2.532s] Level 5:colcon.colcon_core.verb:set package 'scara_description' build argument 'cmake_args' from command line to 'None'
[2.532s] Level 5:colcon.colcon_core.verb:set package 'scara_description' build argument 'cmake_target' from command line to 'None'
[2.532s] Level 5:colcon.colcon_core.verb:set package 'scara_description' build argument 'cmake_target_skip_unavailable' from command line to 'False'
[2.532s] Level 5:colcon.colcon_core.verb:set package 'scara_description' build argument 'cmake_clean_cache' from command line to 'False'
[2.532s] Level 5:colcon.colcon_core.verb:set package 'scara_description' build argument 'cmake_clean_first' from command line to 'False'
[2.532s] Level 5:colcon.colcon_core.verb:set package 'scara_description' build argument 'cmake_force_configure' from command line to 'False'
[2.532s] Level 5:colcon.colcon_core.verb:set package 'scara_description' build argument 'ament_cmake_args' from command line to 'None'
[2.532s] Level 5:colcon.colcon_core.verb:set package 'scara_description' build argument 'catkin_cmake_args' from command line to 'None'
[2.532s] Level 5:colcon.colcon_core.verb:set package 'scara_description' build argument 'catkin_skip_building_tests' from command line to 'False'
[2.532s] DEBUG:colcon.colcon_core.verb:Building package 'scara_description' with the following arguments: {'ament_cmake_args': None, 'build_base': '/home/omkar/two_scara_ws/build/scara_description', 'catkin_cmake_args': None, 'catkin_skip_building_tests': False, 'cmake_args': None, 'cmake_clean_cache': False, 'cmake_clean_first': False, 'cmake_force_configure': False, 'cmake_target': None, 'cmake_target_skip_unavailable': False, 'install_base': '/home/omkar/two_scara_ws/install/scara_description', 'merge_install': False, 'path': '/home/omkar/two_scara_ws/src/scara_description', 'symlink_install': False, 'test_result_base': None}
[2.533s] Level 5:colcon.colcon_core.verb:set package 'scara_gazebo' build argument 'cmake_args' from command line to 'None'
[2.533s] Level 5:colcon.colcon_core.verb:set package 'scara_gazebo' build argument 'cmake_target' from command line to 'None'
[2.533s] Level 5:colcon.colcon_core.verb:set package 'scara_gazebo' build argument 'cmake_target_skip_unavailable' from command line to 'False'
[2.533s] Level 5:colcon.colcon_core.verb:set package 'scara_gazebo' build argument 'cmake_clean_cache' from command line to 'False'
[2.533s] Level 5:colcon.colcon_core.verb:set package 'scara_gazebo' build argument 'cmake_clean_first' from command line to 'False'
[2.533s] Level 5:colcon.colcon_core.verb:set package 'scara_gazebo' build argument 'cmake_force_configure' from command line to 'False'
[2.533s] Level 5:colcon.colcon_core.verb:set package 'scara_gazebo' build argument 'ament_cmake_args' from command line to 'None'
[2.533s] Level 5:colcon.colcon_core.verb:set package 'scara_gazebo' build argument 'catkin_cmake_args' from command line to 'None'
[2.533s] Level 5:colcon.colcon_core.verb:set package 'scara_gazebo' build argument 'catkin_skip_building_tests' from command line to 'False'
[2.533s] DEBUG:colcon.colcon_core.verb:Building package 'scara_gazebo' with the following arguments: {'ament_cmake_args': None, 'build_base': '/home/omkar/two_scara_ws/build/scara_gazebo', 'catkin_cmake_args': None, 'catkin_skip_building_tests': False, 'cmake_args': None, 'cmake_clean_cache': False, 'cmake_clean_first': False, 'cmake_force_configure': False, 'cmake_target': None, 'cmake_target_skip_unavailable': False, 'install_base': '/home/omkar/two_scara_ws/install/scara_gazebo', 'merge_install': False, 'path': '/home/omkar/two_scara_ws/src/scara_gazebo', 'symlink_install': False, 'test_result_base': None}
[2.534s] INFO:colcon.colcon_core.executor:Executing jobs using 'parallel' executor
[2.542s] DEBUG:colcon.colcon_parallel_executor.executor.parallel:run_until_complete
[2.546s] INFO:colcon.colcon_ros.task.ament_cmake.build:Building ROS package in '/home/omkar/two_scara_ws/src/conveyor_description' with build type 'ament_cmake'
[2.548s] INFO:colcon.colcon_cmake.task.cmake.build:Building CMake package in '/home/omkar/two_scara_ws/src/conveyor_description'
[2.561s] INFO:colcon.colcon_core.plugin_system:Skipping extension 'colcon_core.shell.bat': Not used on non-Windows systems
[2.564s] INFO:colcon.colcon_core.shell:Skip shell extension 'powershell' for command environment: Not usable outside of PowerShell
[2.564s] DEBUG:colcon.colcon_core.shell:Skip shell extension 'dsv' for command environment
[2.584s] INFO:colcon.colcon_ros.task.ament_cmake.build:Building ROS package in '/home/omkar/two_scara_ws/src/scara_control' with build type 'ament_cmake'
[2.584s] INFO:colcon.colcon_cmake.task.cmake.build:Building CMake package in '/home/omkar/two_scara_ws/src/scara_control'
[2.595s] INFO:colcon.colcon_core.shell:Skip shell extension 'powershell' for command environment: Not usable outside of PowerShell
[2.596s] DEBUG:colcon.colcon_core.shell:Skip shell extension 'dsv' for command environment
[2.616s] INFO:colcon.colcon_ros.task.ament_cmake.build:Building ROS package in '/home/omkar/two_scara_ws/src/scara_description' with build type 'ament_cmake'
[2.617s] INFO:colcon.colcon_cmake.task.cmake.build:Building CMake package in '/home/omkar/two_scara_ws/src/scara_description'
[2.629s] INFO:colcon.colcon_core.shell:Skip shell extension 'powershell' for command environment: Not usable outside of PowerShell
[2.630s] DEBUG:colcon.colcon_core.shell:Skip shell extension 'dsv' for command environment
[2.663s] INFO:colcon.colcon_ros.task.ament_cmake.build:Building ROS package in '/home/omkar/two_scara_ws/src/scara_gazebo' with build type 'ament_cmake'
[2.666s] INFO:colcon.colcon_cmake.task.cmake.build:Building CMake package in '/home/omkar/two_scara_ws/src/scara_gazebo'
[2.668s] INFO:colcon.colcon_core.shell:Skip shell extension 'powershell' for command environment: Not usable outside of PowerShell
[2.668s] DEBUG:colcon.colcon_core.shell:Skip shell extension 'dsv' for command environment
[2.744s] DEBUG:colcon.colcon_core.event_handler.log_command:Invoking command in '/home/omkar/two_scara_ws/build/conveyor_description': CMAKE_PREFIX_PATH=/opt/ros/humble /usr/bin/cmake --build /home/omkar/two_scara_ws/build/conveyor_description -- -j8 -l8
[2.798s] DEBUG:colcon.colcon_core.event_handler.log_command:Invoking command in '/home/omkar/two_scara_ws/build/scara_control': CMAKE_PREFIX_PATH=/opt/ros/humble /usr/bin/cmake --build /home/omkar/two_scara_ws/build/scara_control -- -j8 -l8
[2.842s] DEBUG:colcon.colcon_core.event_handler.log_command:Invoking command in '/home/omkar/two_scara_ws/build/scara_description': CMAKE_PREFIX_PATH=/opt/ros/humble /usr/bin/cmake --build /home/omkar/two_scara_ws/build/scara_description -- -j8 -l8
[2.897s] DEBUG:colcon.colcon_core.event_handler.log_command:Invoking command in '/home/omkar/two_scara_ws/build/scara_gazebo': CMAKE_PREFIX_PATH=/opt/ros/humble /usr/bin/cmake --build /home/omkar/two_scara_ws/build/scara_gazebo -- -j8 -l8
[3.198s] DEBUG:colcon.colcon_core.event_handler.log_command:Invoked command in '/home/omkar/two_scara_ws/build/conveyor_description' returned '0': CMAKE_PREFIX_PATH=/opt/ros/humble /usr/bin/cmake --build /home/omkar/two_scara_ws/build/conveyor_description -- -j8 -l8
[3.325s] DEBUG:colcon.colcon_core.event_handler.log_command:Invoking command in '/home/omkar/two_scara_ws/build/conveyor_description': CMAKE_PREFIX_PATH=/opt/ros/humble /usr/bin/cmake --install /home/omkar/two_scara_ws/build/conveyor_description
[3.342s] DEBUG:colcon.colcon_core.event_handler.log_command:Invoked command in '/home/omkar/two_scara_ws/build/scara_description' returned '0': CMAKE_PREFIX_PATH=/opt/ros/humble /usr/bin/cmake --build /home/omkar/two_scara_ws/build/scara_description -- -j8 -l8
[3.359s] DEBUG:colcon.colcon_core.event_handler.log_command:Invoking command in '/home/omkar/two_scara_ws/build/scara_description': CMAKE_PREFIX_PATH=/opt/ros/humble /usr/bin/cmake --install /home/omkar/two_scara_ws/build/scara_description
[3.377s] DEBUG:colcon.colcon_core.event_handler.log_command:Invoked command in '/home/omkar/two_scara_ws/build/scara_gazebo' returned '0': CMAKE_PREFIX_PATH=/opt/ros/humble /usr/bin/cmake --build /home/omkar/two_scara_ws/build/scara_gazebo -- -j8 -l8
[3.459s] DEBUG:colcon.colcon_core.event_handler.log_command:Invoking command in '/home/omkar/two_scara_ws/build/scara_gazebo': CMAKE_PREFIX_PATH=/opt/ros/humble /usr/bin/cmake --install /home/omkar/two_scara_ws/build/scara_gazebo
[3.477s] Level 1:colcon.colcon_core.environment:create_environment_scripts_only(conveyor_description)
[3.525s] DEBUG:colcon.colcon_core.event_handler.log_command:Invoked command in '/home/omkar/two_scara_ws/build/conveyor_description' returned '0': CMAKE_PREFIX_PATH=/opt/ros/humble /usr/bin/cmake --install /home/omkar/two_scara_ws/build/conveyor_description
[3.583s] Level 1:colcon.colcon_core.environment:checking '/home/omkar/two_scara_ws/install/conveyor_description' for CMake module files
[3.587s] Level 1:colcon.colcon_core.environment:checking '/home/omkar/two_scara_ws/install/conveyor_description' for CMake config files
[3.589s] Level 1:colcon.colcon_core.shell:create_environment_hook('conveyor_description', 'cmake_prefix_path')
[3.597s] INFO:colcon.colcon_core.shell:Creating environment hook '/home/omkar/two_scara_ws/install/conveyor_description/share/conveyor_description/hook/cmake_prefix_path.ps1'
[3.604s] INFO:colcon.colcon_core.shell:Creating environment descriptor '/home/omkar/two_scara_ws/install/conveyor_description/share/conveyor_description/hook/cmake_prefix_path.dsv'
[3.614s] INFO:colcon.colcon_core.shell:Creating environment hook '/home/omkar/two_scara_ws/install/conveyor_description/share/conveyor_description/hook/cmake_prefix_path.sh'
[3.630s] Level 1:colcon.colcon_core.environment:checking '/home/omkar/two_scara_ws/install/conveyor_description/bin'
[3.630s] Level 1:colcon.colcon_core.environment:checking '/home/omkar/two_scara_ws/install/conveyor_description/lib/pkgconfig/conveyor_description.pc'
[3.635s] Level 1:colcon.colcon_core.environment:checking '/home/omkar/two_scara_ws/install/conveyor_description/lib/python3.10/site-packages'
[3.640s] Level 1:colcon.colcon_core.environment:checking '/home/omkar/two_scara_ws/install/conveyor_description/bin'
[3.643s] INFO:colcon.colcon_core.shell:Creating package script '/home/omkar/two_scara_ws/install/conveyor_description/share/conveyor_description/package.ps1'
[3.657s] INFO:colcon.colcon_core.shell:Creating package descriptor '/home/omkar/two_scara_ws/install/conveyor_description/share/conveyor_description/package.dsv'
[3.662s] INFO:colcon.colcon_core.shell:Creating package script '/home/omkar/two_scara_ws/install/conveyor_description/share/conveyor_description/package.sh'
[3.671s] INFO:colcon.colcon_core.shell:Creating package script '/home/omkar/two_scara_ws/install/conveyor_description/share/conveyor_description/package.bash'
[3.673s] INFO:colcon.colcon_core.shell:Creating package script '/home/omkar/two_scara_ws/install/conveyor_description/share/conveyor_description/package.zsh'
[3.686s] Level 1:colcon.colcon_core.environment:create_file_with_runtime_dependencies(/home/omkar/two_scara_ws/install/conveyor_description/share/colcon-core/packages/conveyor_description)
[3.688s] Level 1:colcon.colcon_core.environment:create_environment_scripts_only(conveyor_description)
[3.688s] Level 1:colcon.colcon_core.environment:checking '/home/omkar/two_scara_ws/install/conveyor_description' for CMake module files
[3.689s] Level 1:colcon.colcon_core.environment:checking '/home/omkar/two_scara_ws/install/conveyor_description' for CMake config files
[3.690s] Level 1:colcon.colcon_core.shell:create_environment_hook('conveyor_description', 'cmake_prefix_path')
[3.690s] INFO:colcon.colcon_core.shell:Creating environment hook '/home/omkar/two_scara_ws/install/conveyor_description/share/conveyor_description/hook/cmake_prefix_path.ps1'
[3.701s] INFO:colcon.colcon_core.shell:Creating environment descriptor '/home/omkar/two_scara_ws/install/conveyor_description/share/conveyor_description/hook/cmake_prefix_path.dsv'
[3.705s] INFO:colcon.colcon_core.shell:Creating environment hook '/home/omkar/two_scara_ws/install/conveyor_description/share/conveyor_description/hook/cmake_prefix_path.sh'
[3.706s] Level 1:colcon.colcon_core.environment:checking '/home/omkar/two_scara_ws/install/conveyor_description/bin'
[3.706s] Level 1:colcon.colcon_core.environment:checking '/home/omkar/two_scara_ws/install/conveyor_description/lib/pkgconfig/conveyor_description.pc'
[3.711s] Level 1:colcon.colcon_core.environment:checking '/home/omkar/two_scara_ws/install/conveyor_description/lib/python3.10/site-packages'
[3.715s] Level 1:colcon.colcon_core.environment:checking '/home/omkar/two_scara_ws/install/conveyor_description/bin'
[3.720s] INFO:colcon.colcon_core.shell:Creating package script '/home/omkar/two_scara_ws/install/conveyor_description/share/conveyor_description/package.ps1'
[3.722s] INFO:colcon.colcon_core.shell:Creating package descriptor '/home/omkar/two_scara_ws/install/conveyor_description/share/conveyor_description/package.dsv'
[3.724s] INFO:colcon.colcon_core.shell:Creating package script '/home/omkar/two_scara_ws/install/conveyor_description/share/conveyor_description/package.sh'
[3.734s] INFO:colcon.colcon_core.shell:Creating package script '/home/omkar/two_scara_ws/install/conveyor_description/share/conveyor_description/package.bash'
[3.738s] INFO:colcon.colcon_core.shell:Creating package script '/home/omkar/two_scara_ws/install/conveyor_description/share/conveyor_description/package.zsh'
[3.739s] Level 1:colcon.colcon_core.environment:create_file_with_runtime_dependencies(/home/omkar/two_scara_ws/install/conveyor_description/share/colcon-core/packages/conveyor_description)
[3.754s] Level 1:colcon.colcon_core.environment:create_environment_scripts_only(scara_description)
[3.754s] Level 1:colcon.colcon_core.environment:checking '/home/omkar/two_scara_ws/install/scara_description' for CMake module files
[3.765s] DEBUG:colcon.colcon_core.event_handler.log_command:Invoked command in '/home/omkar/two_scara_ws/build/scara_description' returned '0': CMAKE_PREFIX_PATH=/opt/ros/humble /usr/bin/cmake --install /home/omkar/two_scara_ws/build/scara_description
[3.769s] Level 1:colcon.colcon_core.environment:checking '/home/omkar/two_scara_ws/install/scara_description' for CMake config files
[3.769s] Level 1:colcon.colcon_core.shell:create_environment_hook('scara_description', 'cmake_prefix_path')
[3.770s] INFO:colcon.colcon_core.shell:Creating environment hook '/home/omkar/two_scara_ws/install/scara_description/share/scara_description/hook/cmake_prefix_path.ps1'
[3.771s] INFO:colcon.colcon_core.shell:Creating environment descriptor '/home/omkar/two_scara_ws/install/scara_description/share/scara_description/hook/cmake_prefix_path.dsv'
[3.781s] INFO:colcon.colcon_core.shell:Creating environment hook '/home/omkar/two_scara_ws/install/scara_description/share/scara_description/hook/cmake_prefix_path.sh'
[3.787s] Level 1:colcon.colcon_core.environment:checking '/home/omkar/two_scara_ws/install/scara_description/bin'
[3.789s] Level 1:colcon.colcon_core.environment:checking '/home/omkar/two_scara_ws/install/scara_description/lib/pkgconfig/scara_description.pc'
[3.796s] Level 1:colcon.colcon_core.environment:checking '/home/omkar/two_scara_ws/install/scara_description/lib/python3.10/site-packages'
[3.797s] Level 1:colcon.colcon_core.environment:checking '/home/omkar/two_scara_ws/install/scara_description/bin'
[3.800s] INFO:colcon.colcon_core.shell:Creating package script '/home/omkar/two_scara_ws/install/scara_description/share/scara_description/package.ps1'
[3.802s] INFO:colcon.colcon_core.shell:Creating package descriptor '/home/omkar/two_scara_ws/install/scara_description/share/scara_description/package.dsv'
[3.803s] INFO:colcon.colcon_core.shell:Creating package script '/home/omkar/two_scara_ws/install/scara_description/share/scara_description/package.sh'
[3.816s] INFO:colcon.colcon_core.shell:Creating package script '/home/omkar/two_scara_ws/install/scara_description/share/scara_description/package.bash'
[3.818s] INFO:colcon.colcon_core.shell:Creating package script '/home/omkar/two_scara_ws/install/scara_description/share/scara_description/package.zsh'
[3.819s] Level 1:colcon.colcon_core.environment:create_file_with_runtime_dependencies(/home/omkar/two_scara_ws/install/scara_description/share/colcon-core/packages/scara_description)
[3.832s] Level 1:colcon.colcon_core.environment:create_environment_scripts_only(scara_description)
[3.834s] Level 1:colcon.colcon_core.environment:checking '/home/omkar/two_scara_ws/install/scara_description' for CMake module files
[3.835s] Level 1:colcon.colcon_core.environment:checking '/home/omkar/two_scara_ws/install/scara_description' for CMake config files
[3.835s] Level 1:colcon.colcon_core.shell:create_environment_hook('scara_description', 'cmake_prefix_path')
[3.836s] INFO:colcon.colcon_core.shell:Creating environment hook '/home/omkar/two_scara_ws/install/scara_description/share/scara_description/hook/cmake_prefix_path.ps1'
[3.847s] INFO:colcon.colcon_core.shell:Creating environment descriptor '/home/omkar/two_scara_ws/install/scara_description/share/scara_description/hook/cmake_prefix_path.dsv'
[3.850s] INFO:colcon.colcon_core.shell:Creating environment hook '/home/omkar/two_scara_ws/install/scara_description/share/scara_description/hook/cmake_prefix_path.sh'
[3.854s] Level 1:colcon.colcon_core.environment:checking '/home/omkar/two_scara_ws/install/scara_description/bin'
[3.858s] Level 1:colcon.colcon_core.environment:checking '/home/omkar/two_scara_ws/install/scara_description/lib/pkgconfig/scara_description.pc'
[3.861s] Level 1:colcon.colcon_core.environment:checking '/home/omkar/two_scara_ws/install/scara_description/lib/python3.10/site-packages'
[3.863s] Level 1:colcon.colcon_core.environment:checking '/home/omkar/two_scara_ws/install/scara_description/bin'
[3.864s] INFO:colcon.colcon_core.shell:Creating package script '/home/omkar/two_scara_ws/install/scara_description/share/scara_description/package.ps1'
[3.865s] INFO:colcon.colcon_core.shell:Creating package descriptor '/home/omkar/two_scara_ws/install/scara_description/share/scara_description/package.dsv'
[3.875s] INFO:colcon.colcon_core.shell:Creating package script '/home/omkar/two_scara_ws/install/scara_description/share/scara_description/package.sh'
[3.880s] INFO:colcon.colcon_core.shell:Creating package script '/home/omkar/two_scara_ws/install/scara_description/share/scara_description/package.bash'
[3.880s] INFO:colcon.colcon_core.shell:Creating package script '/home/omkar/two_scara_ws/install/scara_description/share/scara_description/package.zsh'
[3.881s] Level 1:colcon.colcon_core.environment:create_file_with_runtime_dependencies(/home/omkar/two_scara_ws/install/scara_description/share/colcon-core/packages/scara_description)
[3.896s] DEBUG:colcon.colcon_core.event_handler.log_command:Invoked command in '/home/omkar/two_scara_ws/build/scara_control' returned '0': CMAKE_PREFIX_PATH=/opt/ros/humble /usr/bin/cmake --build /home/omkar/two_scara_ws/build/scara_control -- -j8 -l8
[3.906s] DEBUG:colcon.colcon_core.event_handler.log_command:Invoking command in '/home/omkar/two_scara_ws/build/scara_control': CMAKE_PREFIX_PATH=/opt/ros/humble /usr/bin/cmake --install /home/omkar/two_scara_ws/build/scara_control
[3.912s] Level 1:colcon.colcon_core.environment:create_environment_scripts_only(scara_gazebo)
[3.913s] Level 1:colcon.colcon_core.environment:checking '/home/omkar/two_scara_ws/install/scara_gazebo' for CMake module files
[3.914s] DEBUG:colcon.colcon_core.event_handler.log_command:Invoked command in '/home/omkar/two_scara_ws/build/scara_gazebo' returned '0': CMAKE_PREFIX_PATH=/opt/ros/humble /usr/bin/cmake --install /home/omkar/two_scara_ws/build/scara_gazebo
[3.923s] Level 1:colcon.colcon_core.environment:checking '/home/omkar/two_scara_ws/install/scara_gazebo' for CMake config files
[3.929s] Level 1:colcon.colcon_core.shell:create_environment_hook('scara_gazebo', 'cmake_prefix_path')
[3.931s] INFO:colcon.colcon_core.shell:Creating environment hook '/home/omkar/two_scara_ws/install/scara_gazebo/share/scara_gazebo/hook/cmake_prefix_path.ps1'
[3.932s] INFO:colcon.colcon_core.shell:Creating environment descriptor '/home/omkar/two_scara_ws/install/scara_gazebo/share/scara_gazebo/hook/cmake_prefix_path.dsv'
[3.943s] INFO:colcon.colcon_core.shell:Creating environment hook '/home/omkar/two_scara_ws/install/scara_gazebo/share/scara_gazebo/hook/cmake_prefix_path.sh'
[3.949s] Level 1:colcon.colcon_core.environment:checking '/home/omkar/two_scara_ws/install/scara_gazebo/bin'
[3.951s] Level 1:colcon.colcon_core.environment:checking '/home/omkar/two_scara_ws/install/scara_gazebo/lib/pkgconfig/scara_gazebo.pc'
[3.959s] Level 1:colcon.colcon_core.environment:checking '/home/omkar/two_scara_ws/install/scara_gazebo/lib/python3.10/site-packages'
[3.964s] Level 1:colcon.colcon_core.environment:checking '/home/omkar/two_scara_ws/install/scara_gazebo/bin'
[3.965s] INFO:colcon.colcon_core.shell:Creating package script '/home/omkar/two_scara_ws/install/scara_gazebo/share/scara_gazebo/package.ps1'
[3.976s] INFO:colcon.colcon_core.shell:Creating package descriptor '/home/omkar/two_scara_ws/install/scara_gazebo/share/scara_gazebo/package.dsv'
[3.981s] INFO:colcon.colcon_core.shell:Creating package script '/home/omkar/two_scara_ws/install/scara_gazebo/share/scara_gazebo/package.sh'
[3.990s] INFO:colcon.colcon_core.shell:Creating package script '/home/omkar/two_scara_ws/install/scara_gazebo/share/scara_gazebo/package.bash'
[3.996s] INFO:colcon.colcon_core.shell:Creating package script '/home/omkar/two_scara_ws/install/scara_gazebo/share/scara_gazebo/package.zsh'
[4.006s] Level 1:colcon.colcon_core.environment:create_file_with_runtime_dependencies(/home/omkar/two_scara_ws/install/scara_gazebo/share/colcon-core/packages/scara_gazebo)
[4.010s] Level 1:colcon.colcon_core.environment:create_environment_scripts_only(scara_gazebo)
[4.013s] Level 1:colcon.colcon_core.environment:checking '/home/omkar/two_scara_ws/install/scara_gazebo' for CMake module files
[4.023s] Level 1:colcon.colcon_core.environment:checking '/home/omkar/two_scara_ws/install/scara_gazebo' for CMake config files
[4.024s] Level 1:colcon.colcon_core.shell:create_environment_hook('scara_gazebo', 'cmake_prefix_path')
[4.025s] INFO:colcon.colcon_core.shell:Creating environment hook '/home/omkar/two_scara_ws/install/scara_gazebo/share/scara_gazebo/hook/cmake_prefix_path.ps1'
[4.035s] INFO:colcon.colcon_core.shell:Creating environment descriptor '/home/omkar/two_scara_ws/install/scara_gazebo/share/scara_gazebo/hook/cmake_prefix_path.dsv'
[4.039s] INFO:colcon.colcon_core.shell:Creating environment hook '/home/omkar/two_scara_ws/install/scara_gazebo/share/scara_gazebo/hook/cmake_prefix_path.sh'
[4.042s] Level 1:colcon.colcon_core.environment:checking '/home/omkar/two_scara_ws/install/scara_gazebo/bin'
[4.042s] Level 1:colcon.colcon_core.environment:checking '/home/omkar/two_scara_ws/install/scara_gazebo/lib/pkgconfig/scara_gazebo.pc'
[4.043s] Level 1:colcon.colcon_core.environment:checking '/home/omkar/two_scara_ws/install/scara_gazebo/lib/python3.10/site-packages'
[4.046s] Level 1:colcon.colcon_core.environment:checking '/home/omkar/two_scara_ws/install/scara_gazebo/bin'
[4.052s] INFO:colcon.colcon_core.shell:Creating package script '/home/omkar/two_scara_ws/install/scara_gazebo/share/scara_gazebo/package.ps1'
[4.056s] INFO:colcon.colcon_core.shell:Creating package descriptor '/home/omkar/two_scara_ws/install/scara_gazebo/share/scara_gazebo/package.dsv'
[4.058s] INFO:colcon.colcon_core.shell:Creating package script '/home/omkar/two_scara_ws/install/scara_gazebo/share/scara_gazebo/package.sh'
[4.059s] INFO:colcon.colcon_core.shell:Creating package script '/home/omkar/two_scara_ws/install/scara_gazebo/share/scara_gazebo/package.bash'
[4.069s] INFO:colcon.colcon_core.shell:Creating package script '/home/omkar/two_scara_ws/install/scara_gazebo/share/scara_gazebo/package.zsh'
[4.073s] Level 1:colcon.colcon_core.environment:create_file_with_runtime_dependencies(/home/omkar/two_scara_ws/install/scara_gazebo/share/colcon-core/packages/scara_gazebo)
[4.086s] Level 1:colcon.colcon_core.environment:create_environment_scripts_only(scara_control)
[4.088s] Level 1:colcon.colcon_core.environment:checking '/home/omkar/two_scara_ws/install/scara_control' for CMake module files
[4.106s] Level 1:colcon.colcon_core.environment:checking '/home/omkar/two_scara_ws/install/scara_control' for CMake config files
[4.123s] DEBUG:colcon.colcon_core.event_handler.log_command:Invoked command in '/home/omkar/two_scara_ws/build/scara_control' returned '0': CMAKE_PREFIX_PATH=/opt/ros/humble /usr/bin/cmake --install /home/omkar/two_scara_ws/build/scara_control
[4.123s] Level 1:colcon.colcon_core.shell:create_environment_hook('scara_control', 'cmake_prefix_path')
[4.126s] INFO:colcon.colcon_core.shell:Creating environment hook '/home/omkar/two_scara_ws/install/scara_control/share/scara_control/hook/cmake_prefix_path.ps1'
[4.137s] INFO:colcon.colcon_core.shell:Creating environment descriptor '/home/omkar/two_scara_ws/install/scara_control/share/scara_control/hook/cmake_prefix_path.dsv'
[4.138s] INFO:colcon.colcon_core.shell:Creating environment hook '/home/omkar/two_scara_ws/install/scara_control/share/scara_control/hook/cmake_prefix_path.sh'
[4.153s] Level 1:colcon.colcon_core.environment:checking '/home/omkar/two_scara_ws/install/scara_control/lib'
[4.154s] Level 1:colcon.colcon_core.environment:checking '/home/omkar/two_scara_ws/install/scara_control/bin'
[4.154s] Level 1:colcon.colcon_core.environment:checking '/home/omkar/two_scara_ws/install/scara_control/lib/pkgconfig/scara_control.pc'
[4.155s] Level 1:colcon.colcon_core.environment:checking '/home/omkar/two_scara_ws/install/scara_control/lib/python3.10/site-packages'
[4.156s] Level 1:colcon.colcon_core.environment:checking '/home/omkar/two_scara_ws/install/scara_control/bin'
[4.164s] INFO:colcon.colcon_core.shell:Creating package script '/home/omkar/two_scara_ws/install/scara_control/share/scara_control/package.ps1'
[4.168s] INFO:colcon.colcon_core.shell:Creating package descriptor '/home/omkar/two_scara_ws/install/scara_control/share/scara_control/package.dsv'
[4.169s] INFO:colcon.colcon_core.shell:Creating package script '/home/omkar/two_scara_ws/install/scara_control/share/scara_control/package.sh'
[4.170s] INFO:colcon.colcon_core.shell:Creating package script '/home/omkar/two_scara_ws/install/scara_control/share/scara_control/package.bash'
[4.171s] INFO:colcon.colcon_core.shell:Creating package script '/home/omkar/two_scara_ws/install/scara_control/share/scara_control/package.zsh'
[4.181s] Level 1:colcon.colcon_core.environment:create_file_with_runtime_dependencies(/home/omkar/two_scara_ws/install/scara_control/share/colcon-core/packages/scara_control)
[4.184s] Level 1:colcon.colcon_core.environment:create_environment_scripts_only(scara_control)
[4.185s] Level 1:colcon.colcon_core.environment:checking '/home/omkar/two_scara_ws/install/scara_control' for CMake module files
[4.185s] Level 1:colcon.colcon_core.environment:checking '/home/omkar/two_scara_ws/install/scara_control' for CMake config files
[4.186s] Level 1:colcon.colcon_core.shell:create_environment_hook('scara_control', 'cmake_prefix_path')
[4.186s] INFO:colcon.colcon_core.shell:Creating environment hook '/home/omkar/two_scara_ws/install/scara_control/share/scara_control/hook/cmake_prefix_path.ps1'
[4.195s] INFO:colcon.colcon_core.shell:Creating environment descriptor '/home/omkar/two_scara_ws/install/scara_control/share/scara_control/hook/cmake_prefix_path.dsv'
[4.200s] INFO:colcon.colcon_core.shell:Creating environment hook '/home/omkar/two_scara_ws/install/scara_control/share/scara_control/hook/cmake_prefix_path.sh'
[4.201s] Level 1:colcon.colcon_core.environment:checking '/home/omkar/two_scara_ws/install/scara_control/lib'
[4.201s] Level 1:colcon.colcon_core.environment:checking '/home/omkar/two_scara_ws/install/scara_control/bin'
[4.201s] Level 1:colcon.colcon_core.environment:checking '/home/omkar/two_scara_ws/install/scara_control/lib/pkgconfig/scara_control.pc'
[4.202s] Level 1:colcon.colcon_core.environment:checking '/home/omkar/two_scara_ws/install/scara_control/lib/python3.10/site-packages'
[4.207s] Level 1:colcon.colcon_core.environment:checking '/home/omkar/two_scara_ws/install/scara_control/bin'
[4.214s] INFO:colcon.colcon_core.shell:Creating package script '/home/omkar/two_scara_ws/install/scara_control/share/scara_control/package.ps1'
[4.216s] INFO:colcon.colcon_core.shell:Creating package descriptor '/home/omkar/two_scara_ws/install/scara_control/share/scara_control/package.dsv'
[4.216s] INFO:colcon.colcon_core.shell:Creating package script '/home/omkar/two_scara_ws/install/scara_control/share/scara_control/package.sh'
[4.217s] INFO:colcon.colcon_core.shell:Creating package script '/home/omkar/two_scara_ws/install/scara_control/share/scara_control/package.bash'
[4.223s] INFO:colcon.colcon_core.shell:Creating package script '/home/omkar/two_scara_ws/install/scara_control/share/scara_control/package.zsh'
[4.231s] Level 1:colcon.colcon_core.environment:create_file_with_runtime_dependencies(/home/omkar/two_scara_ws/install/scara_control/share/colcon-core/packages/scara_control)
[4.232s] DEBUG:colcon.colcon_parallel_executor.executor.parallel:closing loop
[4.232s] DEBUG:colcon.colcon_parallel_executor.executor.parallel:loop closed
[4.233s] DEBUG:colcon.colcon_parallel_executor.executor.parallel:run_until_complete finished with '0'
[4.233s] DEBUG:colcon.colcon_core.event_reactor:joining thread
[4.281s] INFO:colcon.colcon_core.plugin_system:Skipping extension 'colcon_notification.desktop_notification.terminal_notifier': Not used on non-Darwin systems
[4.281s] INFO:colcon.colcon_core.plugin_system:Skipping extension 'colcon_notification.desktop_notification.win32': Not used on non-Windows systems
[4.282s] INFO:colcon.colcon_notification.desktop_notification:Sending desktop notification using 'notify2'
[4.372s] DEBUG:colcon.colcon_core.event_reactor:joined thread
[4.375s] INFO:colcon.colcon_core.shell:Creating prefix script '/home/omkar/two_scara_ws/install/local_setup.ps1'
[4.377s] INFO:colcon.colcon_core.shell:Creating prefix util module '/home/omkar/two_scara_ws/install/_local_setup_util_ps1.py'
[4.392s] INFO:colcon.colcon_core.shell:Creating prefix chain script '/home/omkar/two_scara_ws/install/setup.ps1'
[4.396s] INFO:colcon.colcon_core.shell:Creating prefix script '/home/omkar/two_scara_ws/install/local_setup.sh'
[4.405s] INFO:colcon.colcon_core.shell:Creating prefix util module '/home/omkar/two_scara_ws/install/_local_setup_util_sh.py'
[4.412s] INFO:colcon.colcon_core.shell:Creating prefix chain script '/home/omkar/two_scara_ws/install/setup.sh'
[4.425s] INFO:colcon.colcon_core.shell:Creating prefix script '/home/omkar/two_scara_ws/install/local_setup.bash'
[4.430s] INFO:colcon.colcon_core.shell:Creating prefix chain script '/home/omkar/two_scara_ws/install/setup.bash'
[4.444s] INFO:colcon.colcon_core.shell:Creating prefix script '/home/omkar/two_scara_ws/install/local_setup.zsh'
[4.449s] INFO:colcon.colcon_core.shell:Creating prefix chain script '/home/omkar/two_scara_ws/install/setup.zsh'
