[0.024s] Invoking command in '/home/omkar/two_scara_ws/build/conveyor_description': CMAKE_PREFIX_PATH=${CMAKE_PREFIX_PATH}:/opt/ros/humble /usr/bin/cmake /home/omkar/two_scara_ws/src/conveyor_description -DCMAKE_INSTALL_PREFIX=/home/omkar/two_scara_ws/install/conveyor_description
[0.142s] -- The C compiler identification is GNU 11.4.0
[0.218s] -- The CXX compiler identification is GNU 11.4.0
[0.227s] -- Detecting C compiler ABI info
[0.318s] -- Detecting C compiler ABI info - done
[0.324s] -- Check for working C compiler: /usr/bin/cc - skipped
[0.325s] -- Detecting C compile features
[0.325s] -- Detecting C compile features - done
[0.328s] -- Detecting CXX compiler ABI info
[0.417s] -- Detecting CXX compiler ABI info - done
[0.424s] -- Check for working CXX compiler: /usr/bin/c++ - skipped
[0.425s] -- Detecting CXX compile features
[0.425s] -- Detecting CXX compile features - done
[0.432s] -- Found ament_cmake: 1.3.11 (/opt/ros/humble/share/ament_cmake/cmake)
[0.624s] -- Found Python3: /usr/bin/python3 (found version "3.10.12") found components: Interpreter 
[0.745s] -- Found xacro: 2.0.13 (/opt/ros/humble/share/xacro/cmake)
[0.826s] -- Configuring done
[0.829s] -- Generating done
[0.833s] -- Build files have been written to: /home/omkar/two_scara_ws/build/conveyor_description
[0.844s] Invoked command in '/home/omkar/two_scara_ws/build/conveyor_description' returned '0': CMAKE_PREFIX_PATH=${CMAKE_PREFIX_PATH}:/opt/ros/humble /usr/bin/cmake /home/omkar/two_scara_ws/src/conveyor_description -DCMAKE_INSTALL_PREFIX=/home/omkar/two_scara_ws/install/conveyor_description
[0.846s] Invoking command in '/home/omkar/two_scara_ws/build/conveyor_description': CMAKE_PREFIX_PATH=${CMAKE_PREFIX_PATH}:/opt/ros/humble /usr/bin/cmake --build /home/omkar/two_scara_ws/build/conveyor_description -- -j8 -l8
[0.885s] Invoked command in '/home/omkar/two_scara_ws/build/conveyor_description' returned '0': CMAKE_PREFIX_PATH=${CMAKE_PREFIX_PATH}:/opt/ros/humble /usr/bin/cmake --build /home/omkar/two_scara_ws/build/conveyor_description -- -j8 -l8
[0.894s] Invoking command in '/home/omkar/two_scara_ws/build/conveyor_description': CMAKE_PREFIX_PATH=${CMAKE_PREFIX_PATH}:/opt/ros/humble /usr/bin/cmake --install /home/omkar/two_scara_ws/build/conveyor_description
[0.902s] -- Install configuration: ""
[0.902s] -- Installing: /home/omkar/two_scara_ws/install/conveyor_description/share/conveyor_description/urdf
[0.902s] -- Installing: /home/omkar/two_scara_ws/install/conveyor_description/share/conveyor_description/urdf/conveyor.urdf.xacro
[0.902s] -- Installing: /home/omkar/two_scara_ws/install/conveyor_description/share/conveyor_description/launch
[0.902s] -- Installing: /home/omkar/two_scara_ws/install/conveyor_description/share/conveyor_description/launch/conveyor_gz.launch.py
[0.903s] -- Installing: /home/omkar/two_scara_ws/install/conveyor_description/share/ament_index/resource_index/package_run_dependencies/conveyor_description
[0.903s] -- Installing: /home/omkar/two_scara_ws/install/conveyor_description/share/ament_index/resource_index/parent_prefix_path/conveyor_description
[0.903s] -- Installing: /home/omkar/two_scara_ws/install/conveyor_description/share/conveyor_description/environment/ament_prefix_path.sh
[0.903s] -- Installing: /home/omkar/two_scara_ws/install/conveyor_description/share/conveyor_description/environment/ament_prefix_path.dsv
[0.903s] -- Installing: /home/omkar/two_scara_ws/install/conveyor_description/share/conveyor_description/environment/path.sh
[0.903s] -- Installing: /home/omkar/two_scara_ws/install/conveyor_description/share/conveyor_description/environment/path.dsv
[0.903s] -- Installing: /home/omkar/two_scara_ws/install/conveyor_description/share/conveyor_description/local_setup.bash
[0.904s] -- Installing: /home/omkar/two_scara_ws/install/conveyor_description/share/conveyor_description/local_setup.sh
[0.904s] -- Installing: /home/omkar/two_scara_ws/install/conveyor_description/share/conveyor_description/local_setup.zsh
[0.904s] -- Installing: /home/omkar/two_scara_ws/install/conveyor_description/share/conveyor_description/local_setup.dsv
[0.904s] -- Installing: /home/omkar/two_scara_ws/install/conveyor_description/share/conveyor_description/package.dsv
[0.904s] -- Installing: /home/omkar/two_scara_ws/install/conveyor_description/share/ament_index/resource_index/packages/conveyor_description
[0.904s] -- Installing: /home/omkar/two_scara_ws/install/conveyor_description/share/conveyor_description/cmake/conveyor_descriptionConfig.cmake
[0.905s] -- Installing: /home/omkar/two_scara_ws/install/conveyor_description/share/conveyor_description/cmake/conveyor_descriptionConfig-version.cmake
[0.905s] -- Installing: /home/omkar/two_scara_ws/install/conveyor_description/share/conveyor_description/package.xml
[0.911s] Invoked command in '/home/omkar/two_scara_ws/build/conveyor_description' returned '0': CMAKE_PREFIX_PATH=${CMAKE_PREFIX_PATH}:/opt/ros/humble /usr/bin/cmake --install /home/omkar/two_scara_ws/build/conveyor_description
