[0.127s] DEBUG:colcon:Command line arguments: ['/usr/bin/colcon', 'build', '--symlink-install']
[0.127s] DEBUG:colcon:Parsed command line arguments: Namespace(log_base=None, log_level=None, verb_name='build', build_base='build', install_base='install', merge_install=False, symlink_install=True, test_result_base=None, continue_on_error=False, executor='parallel', parallel_workers=8, event_handlers=None, ignore_user_meta=False, metas=['./colcon.meta'], base_paths=['.'], packages_ignore=None, packages_ignore_regex=None, paths=None, packages_up_to=None, packages_up_to_regex=None, packages_above=None, packages_above_and_dependencies=None, packages_above_depth=None, packages_select_by_dep=None, packages_skip_by_dep=None, packages_skip_up_to=None, packages_select_build_failed=False, packages_skip_build_finished=False, packages_select_test_failures=False, packages_skip_test_passed=False, packages_select=None, packages_skip=None, packages_select_regex=None, packages_skip_regex=None, packages_start=None, packages_end=None, allow_overriding=[], cmake_args=None, cmake_target=None, cmake_target_skip_unavailable=False, cmake_clean_cache=False, cmake_clean_first=False, cmake_force_configure=False, ament_cmake_args=None, catkin_cmake_args=None, catkin_skip_building_tests=False, mixin_files=None, mixin=None, verb_parser=<colcon_mixin.mixin.mixin_argument.MixinArgumentDecorator object at 0x710a299f5f30>, verb_extension=<colcon_core.verb.build.BuildVerb object at 0x710a29b6eec0>, main=<bound method BuildVerb.main of <colcon_core.verb.build.BuildVerb object at 0x710a29b6eec0>>, mixin_verb=('build',))
[0.316s] Level 1:colcon.colcon_core.package_discovery:discover_packages(colcon_meta) check parameters
[0.317s] Level 1:colcon.colcon_core.package_discovery:discover_packages(recursive) check parameters
[0.317s] Level 1:colcon.colcon_core.package_discovery:discover_packages(ignore) check parameters
[0.317s] Level 1:colcon.colcon_core.package_discovery:discover_packages(path) check parameters
[0.317s] Level 1:colcon.colcon_core.package_discovery:discover_packages(colcon_meta) discover
[0.317s] Level 1:colcon.colcon_core.package_discovery:discover_packages(recursive) discover
[0.317s] INFO:colcon.colcon_core.package_discovery:Crawling recursively for packages in '/home/omkar/two_scara_ws'
[0.317s] Level 1:colcon.colcon_core.package_identification:_identify(.) by extensions ['ignore', 'ignore_ament_install']
[0.317s] Level 1:colcon.colcon_core.package_identification:_identify(.) by extension 'ignore'
[0.317s] Level 1:colcon.colcon_core.package_identification:_identify(.) by extension 'ignore_ament_install'
[0.317s] Level 1:colcon.colcon_core.package_identification:_identify(.) by extensions ['colcon_pkg']
[0.317s] Level 1:colcon.colcon_core.package_identification:_identify(.) by extension 'colcon_pkg'
[0.317s] Level 1:colcon.colcon_core.package_identification:_identify(.) by extensions ['colcon_meta']
[0.317s] Level 1:colcon.colcon_core.package_identification:_identify(.) by extension 'colcon_meta'
[0.317s] Level 1:colcon.colcon_core.package_identification:_identify(.) by extensions ['ros']
[0.317s] Level 1:colcon.colcon_core.package_identification:_identify(.) by extension 'ros'
[0.328s] Level 1:colcon.colcon_core.package_identification:_identify(.) by extensions ['cmake', 'python']
[0.328s] Level 1:colcon.colcon_core.package_identification:_identify(.) by extension 'cmake'
[0.328s] Level 1:colcon.colcon_core.package_identification:_identify(.) by extension 'python'
[0.328s] Level 1:colcon.colcon_core.package_identification:_identify(.) by extensions ['python_setup_py']
[0.328s] Level 1:colcon.colcon_core.package_identification:_identify(.) by extension 'python_setup_py'
[0.328s] Level 1:colcon.colcon_core.package_identification:_identify(build) by extensions ['ignore', 'ignore_ament_install']
[0.329s] Level 1:colcon.colcon_core.package_identification:_identify(build) by extension 'ignore'
[0.329s] Level 1:colcon.colcon_core.package_identification:_identify(build) ignored
[0.329s] Level 1:colcon.colcon_core.package_identification:_identify(install) by extensions ['ignore', 'ignore_ament_install']
[0.329s] Level 1:colcon.colcon_core.package_identification:_identify(install) by extension 'ignore'
[0.329s] Level 1:colcon.colcon_core.package_identification:_identify(install) ignored
[0.329s] Level 1:colcon.colcon_core.package_identification:_identify(log) by extensions ['ignore', 'ignore_ament_install']
[0.329s] Level 1:colcon.colcon_core.package_identification:_identify(log) by extension 'ignore'
[0.329s] Level 1:colcon.colcon_core.package_identification:_identify(log) ignored
[0.329s] Level 1:colcon.colcon_core.package_identification:_identify(src) by extensions ['ignore', 'ignore_ament_install']
[0.329s] Level 1:colcon.colcon_core.package_identification:_identify(src) by extension 'ignore'
[0.329s] Level 1:colcon.colcon_core.package_identification:_identify(src) by extension 'ignore_ament_install'
[0.329s] Level 1:colcon.colcon_core.package_identification:_identify(src) by extensions ['colcon_pkg']
[0.329s] Level 1:colcon.colcon_core.package_identification:_identify(src) by extension 'colcon_pkg'
[0.329s] Level 1:colcon.colcon_core.package_identification:_identify(src) by extensions ['colcon_meta']
[0.329s] Level 1:colcon.colcon_core.package_identification:_identify(src) by extension 'colcon_meta'
[0.329s] Level 1:colcon.colcon_core.package_identification:_identify(src) by extensions ['ros']
[0.329s] Level 1:colcon.colcon_core.package_identification:_identify(src) by extension 'ros'
[0.330s] Level 1:colcon.colcon_core.package_identification:_identify(src) by extensions ['cmake', 'python']
[0.330s] Level 1:colcon.colcon_core.package_identification:_identify(src) by extension 'cmake'
[0.330s] Level 1:colcon.colcon_core.package_identification:_identify(src) by extension 'python'
[0.330s] Level 1:colcon.colcon_core.package_identification:_identify(src) by extensions ['python_setup_py']
[0.330s] Level 1:colcon.colcon_core.package_identification:_identify(src) by extension 'python_setup_py'
[0.330s] Level 1:colcon.colcon_core.package_identification:_identify(src/conveyor_description) by extensions ['ignore', 'ignore_ament_install']
[0.330s] Level 1:colcon.colcon_core.package_identification:_identify(src/conveyor_description) by extension 'ignore'
[0.330s] Level 1:colcon.colcon_core.package_identification:_identify(src/conveyor_description) by extension 'ignore_ament_install'
[0.330s] Level 1:colcon.colcon_core.package_identification:_identify(src/conveyor_description) by extensions ['colcon_pkg']
[0.330s] Level 1:colcon.colcon_core.package_identification:_identify(src/conveyor_description) by extension 'colcon_pkg'
[0.330s] Level 1:colcon.colcon_core.package_identification:_identify(src/conveyor_description) by extensions ['colcon_meta']
[0.330s] Level 1:colcon.colcon_core.package_identification:_identify(src/conveyor_description) by extension 'colcon_meta'
[0.330s] Level 1:colcon.colcon_core.package_identification:_identify(src/conveyor_description) by extensions ['ros']
[0.330s] Level 1:colcon.colcon_core.package_identification:_identify(src/conveyor_description) by extension 'ros'
[0.333s] DEBUG:colcon.colcon_core.package_identification:Package 'src/conveyor_description' with type 'ros.ament_cmake' and name 'conveyor_description'
[0.333s] Level 1:colcon.colcon_core.package_identification:_identify(src/scara_control) by extensions ['ignore', 'ignore_ament_install']
[0.333s] Level 1:colcon.colcon_core.package_identification:_identify(src/scara_control) by extension 'ignore'
[0.333s] Level 1:colcon.colcon_core.package_identification:_identify(src/scara_control) by extension 'ignore_ament_install'
[0.333s] Level 1:colcon.colcon_core.package_identification:_identify(src/scara_control) by extensions ['colcon_pkg']
[0.333s] Level 1:colcon.colcon_core.package_identification:_identify(src/scara_control) by extension 'colcon_pkg'
[0.333s] Level 1:colcon.colcon_core.package_identification:_identify(src/scara_control) by extensions ['colcon_meta']
[0.333s] Level 1:colcon.colcon_core.package_identification:_identify(src/scara_control) by extension 'colcon_meta'
[0.333s] Level 1:colcon.colcon_core.package_identification:_identify(src/scara_control) by extensions ['ros']
[0.333s] Level 1:colcon.colcon_core.package_identification:_identify(src/scara_control) by extension 'ros'
[0.334s] DEBUG:colcon.colcon_core.package_identification:Package 'src/scara_control' with type 'ros.ament_cmake' and name 'scara_control'
[0.334s] Level 1:colcon.colcon_core.package_identification:_identify(src/scara_description) by extensions ['ignore', 'ignore_ament_install']
[0.334s] Level 1:colcon.colcon_core.package_identification:_identify(src/scara_description) by extension 'ignore'
[0.334s] Level 1:colcon.colcon_core.package_identification:_identify(src/scara_description) by extension 'ignore_ament_install'
[0.334s] Level 1:colcon.colcon_core.package_identification:_identify(src/scara_description) by extensions ['colcon_pkg']
[0.334s] Level 1:colcon.colcon_core.package_identification:_identify(src/scara_description) by extension 'colcon_pkg'
[0.334s] Level 1:colcon.colcon_core.package_identification:_identify(src/scara_description) by extensions ['colcon_meta']
[0.334s] Level 1:colcon.colcon_core.package_identification:_identify(src/scara_description) by extension 'colcon_meta'
[0.334s] Level 1:colcon.colcon_core.package_identification:_identify(src/scara_description) by extensions ['ros']
[0.334s] Level 1:colcon.colcon_core.package_identification:_identify(src/scara_description) by extension 'ros'
[0.336s] DEBUG:colcon.colcon_core.package_identification:Package 'src/scara_description' with type 'ros.ament_cmake' and name 'scara_description'
[0.336s] Level 1:colcon.colcon_core.package_identification:_identify(src/scara_gazebo) by extensions ['ignore', 'ignore_ament_install']
[0.337s] Level 1:colcon.colcon_core.package_identification:_identify(src/scara_gazebo) by extension 'ignore'
[0.337s] Level 1:colcon.colcon_core.package_identification:_identify(src/scara_gazebo) by extension 'ignore_ament_install'
[0.337s] Level 1:colcon.colcon_core.package_identification:_identify(src/scara_gazebo) by extensions ['colcon_pkg']
[0.337s] Level 1:colcon.colcon_core.package_identification:_identify(src/scara_gazebo) by extension 'colcon_pkg'
[0.337s] Level 1:colcon.colcon_core.package_identification:_identify(src/scara_gazebo) by extensions ['colcon_meta']
[0.337s] Level 1:colcon.colcon_core.package_identification:_identify(src/scara_gazebo) by extension 'colcon_meta'
[0.337s] Level 1:colcon.colcon_core.package_identification:_identify(src/scara_gazebo) by extensions ['ros']
[0.337s] Level 1:colcon.colcon_core.package_identification:_identify(src/scara_gazebo) by extension 'ros'
[0.337s] DEBUG:colcon.colcon_core.package_identification:Package 'src/scara_gazebo' with type 'ros.ament_cmake' and name 'scara_gazebo'
[0.337s] Level 1:colcon.colcon_core.package_discovery:discover_packages(recursive) using defaults
[0.337s] Level 1:colcon.colcon_core.package_discovery:discover_packages(ignore) discover
[0.338s] Level 1:colcon.colcon_core.package_discovery:discover_packages(ignore) using defaults
[0.338s] Level 1:colcon.colcon_core.package_discovery:discover_packages(path) discover
[0.338s] Level 1:colcon.colcon_core.package_discovery:discover_packages(path) using defaults
[0.368s] Level 1:colcon.colcon_core.package_discovery:discover_packages(prefix_path) check parameters
[0.368s] Level 1:colcon.colcon_core.package_discovery:discover_packages(prefix_path) discover
[0.370s] DEBUG:colcon.colcon_installed_package_information.package_discovery:Found 4 installed packages in /home/omkar/two_scara_ws/install
[0.371s] DEBUG:colcon.colcon_installed_package_information.package_discovery:Found 380 installed packages in /opt/ros/humble
[0.373s] Level 1:colcon.colcon_core.package_discovery:discover_packages(prefix_path) using defaults
[0.421s] Level 5:colcon.colcon_core.verb:set package 'conveyor_description' build argument 'cmake_args' from command line to 'None'
[0.421s] Level 5:colcon.colcon_core.verb:set package 'conveyor_description' build argument 'cmake_target' from command line to 'None'
[0.421s] Level 5:colcon.colcon_core.verb:set package 'conveyor_description' build argument 'cmake_target_skip_unavailable' from command line to 'False'
[0.421s] Level 5:colcon.colcon_core.verb:set package 'conveyor_description' build argument 'cmake_clean_cache' from command line to 'False'
[0.421s] Level 5:colcon.colcon_core.verb:set package 'conveyor_description' build argument 'cmake_clean_first' from command line to 'False'
[0.422s] Level 5:colcon.colcon_core.verb:set package 'conveyor_description' build argument 'cmake_force_configure' from command line to 'False'
[0.422s] Level 5:colcon.colcon_core.verb:set package 'conveyor_description' build argument 'ament_cmake_args' from command line to 'None'
[0.422s] Level 5:colcon.colcon_core.verb:set package 'conveyor_description' build argument 'catkin_cmake_args' from command line to 'None'
[0.422s] Level 5:colcon.colcon_core.verb:set package 'conveyor_description' build argument 'catkin_skip_building_tests' from command line to 'False'
[0.422s] DEBUG:colcon.colcon_core.verb:Building package 'conveyor_description' with the following arguments: {'ament_cmake_args': None, 'build_base': '/home/omkar/two_scara_ws/build/conveyor_description', 'catkin_cmake_args': None, 'catkin_skip_building_tests': False, 'cmake_args': None, 'cmake_clean_cache': False, 'cmake_clean_first': False, 'cmake_force_configure': False, 'cmake_target': None, 'cmake_target_skip_unavailable': False, 'install_base': '/home/omkar/two_scara_ws/install/conveyor_description', 'merge_install': False, 'path': '/home/omkar/two_scara_ws/src/conveyor_description', 'symlink_install': True, 'test_result_base': None}
[0.422s] Level 5:colcon.colcon_core.verb:set package 'scara_control' build argument 'cmake_args' from command line to 'None'
[0.422s] Level 5:colcon.colcon_core.verb:set package 'scara_control' build argument 'cmake_target' from command line to 'None'
[0.422s] Level 5:colcon.colcon_core.verb:set package 'scara_control' build argument 'cmake_target_skip_unavailable' from command line to 'False'
[0.422s] Level 5:colcon.colcon_core.verb:set package 'scara_control' build argument 'cmake_clean_cache' from command line to 'False'
[0.422s] Level 5:colcon.colcon_core.verb:set package 'scara_control' build argument 'cmake_clean_first' from command line to 'False'
[0.422s] Level 5:colcon.colcon_core.verb:set package 'scara_control' build argument 'cmake_force_configure' from command line to 'False'
[0.422s] Level 5:colcon.colcon_core.verb:set package 'scara_control' build argument 'ament_cmake_args' from command line to 'None'
[0.422s] Level 5:colcon.colcon_core.verb:set package 'scara_control' build argument 'catkin_cmake_args' from command line to 'None'
[0.422s] Level 5:colcon.colcon_core.verb:set package 'scara_control' build argument 'catkin_skip_building_tests' from command line to 'False'
[0.422s] DEBUG:colcon.colcon_core.verb:Building package 'scara_control' with the following arguments: {'ament_cmake_args': None, 'build_base': '/home/omkar/two_scara_ws/build/scara_control', 'catkin_cmake_args': None, 'catkin_skip_building_tests': False, 'cmake_args': None, 'cmake_clean_cache': False, 'cmake_clean_first': False, 'cmake_force_configure': False, 'cmake_target': None, 'cmake_target_skip_unavailable': False, 'install_base': '/home/omkar/two_scara_ws/install/scara_control', 'merge_install': False, 'path': '/home/omkar/two_scara_ws/src/scara_control', 'symlink_install': True, 'test_result_base': None}
[0.423s] Level 5:colcon.colcon_core.verb:set package 'scara_description' build argument 'cmake_args' from command line to 'None'
[0.423s] Level 5:colcon.colcon_core.verb:set package 'scara_description' build argument 'cmake_target' from command line to 'None'
[0.423s] Level 5:colcon.colcon_core.verb:set package 'scara_description' build argument 'cmake_target_skip_unavailable' from command line to 'False'
[0.423s] Level 5:colcon.colcon_core.verb:set package 'scara_description' build argument 'cmake_clean_cache' from command line to 'False'
[0.423s] Level 5:colcon.colcon_core.verb:set package 'scara_description' build argument 'cmake_clean_first' from command line to 'False'
[0.423s] Level 5:colcon.colcon_core.verb:set package 'scara_description' build argument 'cmake_force_configure' from command line to 'False'
[0.423s] Level 5:colcon.colcon_core.verb:set package 'scara_description' build argument 'ament_cmake_args' from command line to 'None'
[0.423s] Level 5:colcon.colcon_core.verb:set package 'scara_description' build argument 'catkin_cmake_args' from command line to 'None'
[0.423s] Level 5:colcon.colcon_core.verb:set package 'scara_description' build argument 'catkin_skip_building_tests' from command line to 'False'
[0.423s] DEBUG:colcon.colcon_core.verb:Building package 'scara_description' with the following arguments: {'ament_cmake_args': None, 'build_base': '/home/omkar/two_scara_ws/build/scara_description', 'catkin_cmake_args': None, 'catkin_skip_building_tests': False, 'cmake_args': None, 'cmake_clean_cache': False, 'cmake_clean_first': False, 'cmake_force_configure': False, 'cmake_target': None, 'cmake_target_skip_unavailable': False, 'install_base': '/home/omkar/two_scara_ws/install/scara_description', 'merge_install': False, 'path': '/home/omkar/two_scara_ws/src/scara_description', 'symlink_install': True, 'test_result_base': None}
[0.423s] Level 5:colcon.colcon_core.verb:set package 'scara_gazebo' build argument 'cmake_args' from command line to 'None'
[0.423s] Level 5:colcon.colcon_core.verb:set package 'scara_gazebo' build argument 'cmake_target' from command line to 'None'
[0.423s] Level 5:colcon.colcon_core.verb:set package 'scara_gazebo' build argument 'cmake_target_skip_unavailable' from command line to 'False'
[0.423s] Level 5:colcon.colcon_core.verb:set package 'scara_gazebo' build argument 'cmake_clean_cache' from command line to 'False'
[0.423s] Level 5:colcon.colcon_core.verb:set package 'scara_gazebo' build argument 'cmake_clean_first' from command line to 'False'
[0.423s] Level 5:colcon.colcon_core.verb:set package 'scara_gazebo' build argument 'cmake_force_configure' from command line to 'False'
[0.423s] Level 5:colcon.colcon_core.verb:set package 'scara_gazebo' build argument 'ament_cmake_args' from command line to 'None'
[0.423s] Level 5:colcon.colcon_core.verb:set package 'scara_gazebo' build argument 'catkin_cmake_args' from command line to 'None'
[0.423s] Level 5:colcon.colcon_core.verb:set package 'scara_gazebo' build argument 'catkin_skip_building_tests' from command line to 'False'
[0.423s] DEBUG:colcon.colcon_core.verb:Building package 'scara_gazebo' with the following arguments: {'ament_cmake_args': None, 'build_base': '/home/omkar/two_scara_ws/build/scara_gazebo', 'catkin_cmake_args': None, 'catkin_skip_building_tests': False, 'cmake_args': None, 'cmake_clean_cache': False, 'cmake_clean_first': False, 'cmake_force_configure': False, 'cmake_target': None, 'cmake_target_skip_unavailable': False, 'install_base': '/home/omkar/two_scara_ws/install/scara_gazebo', 'merge_install': False, 'path': '/home/omkar/two_scara_ws/src/scara_gazebo', 'symlink_install': True, 'test_result_base': None}
[0.424s] INFO:colcon.colcon_core.executor:Executing jobs using 'parallel' executor
[0.425s] DEBUG:colcon.colcon_parallel_executor.executor.parallel:run_until_complete
[0.425s] INFO:colcon.colcon_ros.task.ament_cmake.build:Building ROS package in '/home/omkar/two_scara_ws/src/conveyor_description' with build type 'ament_cmake'
[0.425s] INFO:colcon.colcon_cmake.task.cmake.build:Building CMake package in '/home/omkar/two_scara_ws/src/conveyor_description'
[0.427s] INFO:colcon.colcon_core.plugin_system:Skipping extension 'colcon_core.shell.bat': Not used on non-Windows systems
[0.428s] INFO:colcon.colcon_core.shell:Skip shell extension 'powershell' for command environment: Not usable outside of PowerShell
[0.428s] DEBUG:colcon.colcon_core.shell:Skip shell extension 'dsv' for command environment
[0.432s] INFO:colcon.colcon_ros.task.ament_cmake.build:Building ROS package in '/home/omkar/two_scara_ws/src/scara_control' with build type 'ament_cmake'
[0.432s] INFO:colcon.colcon_cmake.task.cmake.build:Building CMake package in '/home/omkar/two_scara_ws/src/scara_control'
[0.432s] INFO:colcon.colcon_core.shell:Skip shell extension 'powershell' for command environment: Not usable outside of PowerShell
[0.432s] DEBUG:colcon.colcon_core.shell:Skip shell extension 'dsv' for command environment
[0.435s] INFO:colcon.colcon_ros.task.ament_cmake.build:Building ROS package in '/home/omkar/two_scara_ws/src/scara_description' with build type 'ament_cmake'
[0.435s] INFO:colcon.colcon_cmake.task.cmake.build:Building CMake package in '/home/omkar/two_scara_ws/src/scara_description'
[0.435s] INFO:colcon.colcon_core.shell:Skip shell extension 'powershell' for command environment: Not usable outside of PowerShell
[0.436s] DEBUG:colcon.colcon_core.shell:Skip shell extension 'dsv' for command environment
[0.439s] INFO:colcon.colcon_ros.task.ament_cmake.build:Building ROS package in '/home/omkar/two_scara_ws/src/scara_gazebo' with build type 'ament_cmake'
[0.439s] INFO:colcon.colcon_cmake.task.cmake.build:Building CMake package in '/home/omkar/two_scara_ws/src/scara_gazebo'
[0.439s] INFO:colcon.colcon_core.shell:Skip shell extension 'powershell' for command environment: Not usable outside of PowerShell
[0.439s] DEBUG:colcon.colcon_core.shell:Skip shell extension 'dsv' for command environment
[0.448s] DEBUG:colcon.colcon_core.event_handler.log_command:Invoking command in '/home/omkar/two_scara_ws/build/conveyor_description': CMAKE_PREFIX_PATH=${CMAKE_PREFIX_PATH}:/opt/ros/humble /usr/bin/cmake /home/omkar/two_scara_ws/src/conveyor_description -DAMENT_CMAKE_SYMLINK_INSTALL=1 -DCMAKE_INSTALL_PREFIX=/home/omkar/two_scara_ws/install/conveyor_description
[0.450s] DEBUG:colcon.colcon_core.event_handler.log_command:Invoking command in '/home/omkar/two_scara_ws/build/scara_control': CMAKE_PREFIX_PATH=${CMAKE_PREFIX_PATH}:/opt/ros/humble /usr/bin/cmake /home/omkar/two_scara_ws/src/scara_control -DAMENT_CMAKE_SYMLINK_INSTALL=1 -DCMAKE_INSTALL_PREFIX=/home/omkar/two_scara_ws/install/scara_control
[0.459s] DEBUG:colcon.colcon_core.event_handler.log_command:Invoking command in '/home/omkar/two_scara_ws/build/scara_description': CMAKE_PREFIX_PATH=${CMAKE_PREFIX_PATH}:/opt/ros/humble /usr/bin/cmake /home/omkar/two_scara_ws/src/scara_description -DAMENT_CMAKE_SYMLINK_INSTALL=1 -DCMAKE_INSTALL_PREFIX=/home/omkar/two_scara_ws/install/scara_description
[0.467s] DEBUG:colcon.colcon_core.event_handler.log_command:Invoking command in '/home/omkar/two_scara_ws/build/scara_gazebo': CMAKE_PREFIX_PATH=${CMAKE_PREFIX_PATH}:/opt/ros/humble /usr/bin/cmake /home/omkar/two_scara_ws/src/scara_gazebo -DAMENT_CMAKE_SYMLINK_INSTALL=1 -DCMAKE_INSTALL_PREFIX=/home/omkar/two_scara_ws/install/scara_gazebo
[0.788s] DEBUG:colcon.colcon_core.event_handler.log_command:Invoked command in '/home/omkar/two_scara_ws/build/conveyor_description' returned '0': CMAKE_PREFIX_PATH=${CMAKE_PREFIX_PATH}:/opt/ros/humble /usr/bin/cmake /home/omkar/two_scara_ws/src/conveyor_description -DAMENT_CMAKE_SYMLINK_INSTALL=1 -DCMAKE_INSTALL_PREFIX=/home/omkar/two_scara_ws/install/conveyor_description
[0.791s] DEBUG:colcon.colcon_core.event_handler.log_command:Invoking command in '/home/omkar/two_scara_ws/build/conveyor_description': CMAKE_PREFIX_PATH=${CMAKE_PREFIX_PATH}:/opt/ros/humble /usr/bin/cmake --build /home/omkar/two_scara_ws/build/conveyor_description -- -j8 -l8
[0.797s] DEBUG:colcon.colcon_core.event_handler.log_command:Invoked command in '/home/omkar/two_scara_ws/build/scara_description' returned '0': CMAKE_PREFIX_PATH=${CMAKE_PREFIX_PATH}:/opt/ros/humble /usr/bin/cmake /home/omkar/two_scara_ws/src/scara_description -DAMENT_CMAKE_SYMLINK_INSTALL=1 -DCMAKE_INSTALL_PREFIX=/home/omkar/two_scara_ws/install/scara_description
[0.801s] DEBUG:colcon.colcon_core.event_handler.log_command:Invoking command in '/home/omkar/two_scara_ws/build/scara_description': CMAKE_PREFIX_PATH=${CMAKE_PREFIX_PATH}:/opt/ros/humble /usr/bin/cmake --build /home/omkar/two_scara_ws/build/scara_description -- -j8 -l8
[0.823s] DEBUG:colcon.colcon_core.event_handler.log_command:Invoked command in '/home/omkar/two_scara_ws/build/scara_gazebo' returned '0': CMAKE_PREFIX_PATH=${CMAKE_PREFIX_PATH}:/opt/ros/humble /usr/bin/cmake /home/omkar/two_scara_ws/src/scara_gazebo -DAMENT_CMAKE_SYMLINK_INSTALL=1 -DCMAKE_INSTALL_PREFIX=/home/omkar/two_scara_ws/install/scara_gazebo
[0.826s] DEBUG:colcon.colcon_core.event_handler.log_command:Invoking command in '/home/omkar/two_scara_ws/build/scara_gazebo': CMAKE_PREFIX_PATH=${CMAKE_PREFIX_PATH}:/opt/ros/humble /usr/bin/cmake --build /home/omkar/two_scara_ws/build/scara_gazebo -- -j8 -l8
[0.837s] DEBUG:colcon.colcon_core.event_handler.log_command:Invoked command in '/home/omkar/two_scara_ws/build/conveyor_description' returned '0': CMAKE_PREFIX_PATH=${CMAKE_PREFIX_PATH}:/opt/ros/humble /usr/bin/cmake --build /home/omkar/two_scara_ws/build/conveyor_description -- -j8 -l8
[0.855s] DEBUG:colcon.colcon_core.event_handler.log_command:Invoking command in '/home/omkar/two_scara_ws/build/conveyor_description': CMAKE_PREFIX_PATH=${CMAKE_PREFIX_PATH}:/opt/ros/humble /usr/bin/cmake --install /home/omkar/two_scara_ws/build/conveyor_description
[0.858s] DEBUG:colcon.colcon_core.event_handler.log_command:Invoked command in '/home/omkar/two_scara_ws/build/scara_description' returned '0': CMAKE_PREFIX_PATH=${CMAKE_PREFIX_PATH}:/opt/ros/humble /usr/bin/cmake --build /home/omkar/two_scara_ws/build/scara_description -- -j8 -l8
[0.862s] DEBUG:colcon.colcon_core.event_handler.log_command:Invoking command in '/home/omkar/two_scara_ws/build/scara_description': CMAKE_PREFIX_PATH=${CMAKE_PREFIX_PATH}:/opt/ros/humble /usr/bin/cmake --install /home/omkar/two_scara_ws/build/scara_description
[0.880s] DEBUG:colcon.colcon_core.event_handler.log_command:Invoked command in '/home/omkar/two_scara_ws/build/scara_gazebo' returned '0': CMAKE_PREFIX_PATH=${CMAKE_PREFIX_PATH}:/opt/ros/humble /usr/bin/cmake --build /home/omkar/two_scara_ws/build/scara_gazebo -- -j8 -l8
[0.883s] DEBUG:colcon.colcon_core.event_handler.log_command:Invoking command in '/home/omkar/two_scara_ws/build/scara_gazebo': CMAKE_PREFIX_PATH=${CMAKE_PREFIX_PATH}:/opt/ros/humble /usr/bin/cmake --install /home/omkar/two_scara_ws/build/scara_gazebo
[0.893s] Level 1:colcon.colcon_core.environment:create_environment_scripts_only(scara_description)
[0.894s] DEBUG:colcon.colcon_core.event_handler.log_command:Invoked command in '/home/omkar/two_scara_ws/build/scara_description' returned '0': CMAKE_PREFIX_PATH=${CMAKE_PREFIX_PATH}:/opt/ros/humble /usr/bin/cmake --install /home/omkar/two_scara_ws/build/scara_description
[0.897s] Level 1:colcon.colcon_core.environment:checking '/home/omkar/two_scara_ws/install/scara_description' for CMake module files
[0.898s] Level 1:colcon.colcon_core.environment:checking '/home/omkar/two_scara_ws/install/scara_description' for CMake config files
[0.899s] Level 1:colcon.colcon_core.shell:create_environment_hook('scara_description', 'cmake_prefix_path')
[0.899s] INFO:colcon.colcon_core.shell:Creating environment hook '/home/omkar/two_scara_ws/install/scara_description/share/scara_description/hook/cmake_prefix_path.ps1'
[0.901s] INFO:colcon.colcon_core.shell:Creating environment descriptor '/home/omkar/two_scara_ws/install/scara_description/share/scara_description/hook/cmake_prefix_path.dsv'
[0.902s] INFO:colcon.colcon_core.shell:Creating environment hook '/home/omkar/two_scara_ws/install/scara_description/share/scara_description/hook/cmake_prefix_path.sh'
[0.904s] Level 1:colcon.colcon_core.environment:checking '/home/omkar/two_scara_ws/install/scara_description/bin'
[0.904s] Level 1:colcon.colcon_core.environment:checking '/home/omkar/two_scara_ws/install/scara_description/lib/pkgconfig/scara_description.pc'
[0.904s] Level 1:colcon.colcon_core.environment:checking '/home/omkar/two_scara_ws/install/scara_description/lib/python3.10/site-packages'
[0.905s] Level 1:colcon.colcon_core.environment:checking '/home/omkar/two_scara_ws/install/scara_description/bin'
[0.905s] INFO:colcon.colcon_core.shell:Creating package script '/home/omkar/two_scara_ws/install/scara_description/share/scara_description/package.ps1'
[0.907s] INFO:colcon.colcon_core.shell:Creating package descriptor '/home/omkar/two_scara_ws/install/scara_description/share/scara_description/package.dsv'
[0.908s] INFO:colcon.colcon_core.shell:Creating package script '/home/omkar/two_scara_ws/install/scara_description/share/scara_description/package.sh'
[0.910s] INFO:colcon.colcon_core.shell:Creating package script '/home/omkar/two_scara_ws/install/scara_description/share/scara_description/package.bash'
[0.911s] INFO:colcon.colcon_core.shell:Creating package script '/home/omkar/two_scara_ws/install/scara_description/share/scara_description/package.zsh'
[0.913s] Level 1:colcon.colcon_core.environment:create_file_with_runtime_dependencies(/home/omkar/two_scara_ws/install/scara_description/share/colcon-core/packages/scara_description)
[0.915s] Level 1:colcon.colcon_core.environment:create_environment_scripts_only(scara_description)
[0.916s] Level 1:colcon.colcon_core.environment:checking '/home/omkar/two_scara_ws/install/scara_description' for CMake module files
[0.917s] Level 1:colcon.colcon_core.environment:checking '/home/omkar/two_scara_ws/install/scara_description' for CMake config files
[0.917s] Level 1:colcon.colcon_core.shell:create_environment_hook('scara_description', 'cmake_prefix_path')
[0.918s] INFO:colcon.colcon_core.shell:Creating environment hook '/home/omkar/two_scara_ws/install/scara_description/share/scara_description/hook/cmake_prefix_path.ps1'
[0.919s] INFO:colcon.colcon_core.shell:Creating environment descriptor '/home/omkar/two_scara_ws/install/scara_description/share/scara_description/hook/cmake_prefix_path.dsv'
[0.920s] INFO:colcon.colcon_core.shell:Creating environment hook '/home/omkar/two_scara_ws/install/scara_description/share/scara_description/hook/cmake_prefix_path.sh'
[0.920s] Level 1:colcon.colcon_core.environment:checking '/home/omkar/two_scara_ws/install/scara_description/bin'
[0.921s] Level 1:colcon.colcon_core.environment:checking '/home/omkar/two_scara_ws/install/scara_description/lib/pkgconfig/scara_description.pc'
[0.921s] Level 1:colcon.colcon_core.environment:checking '/home/omkar/two_scara_ws/install/scara_description/lib/python3.10/site-packages'
[0.921s] Level 1:colcon.colcon_core.environment:checking '/home/omkar/two_scara_ws/install/scara_description/bin'
[0.921s] INFO:colcon.colcon_core.shell:Creating package script '/home/omkar/two_scara_ws/install/scara_description/share/scara_description/package.ps1'
[0.922s] INFO:colcon.colcon_core.shell:Creating package descriptor '/home/omkar/two_scara_ws/install/scara_description/share/scara_description/package.dsv'
[0.923s] INFO:colcon.colcon_core.shell:Creating package script '/home/omkar/two_scara_ws/install/scara_description/share/scara_description/package.sh'
[0.924s] INFO:colcon.colcon_core.shell:Creating package script '/home/omkar/two_scara_ws/install/scara_description/share/scara_description/package.bash'
[0.924s] INFO:colcon.colcon_core.shell:Creating package script '/home/omkar/two_scara_ws/install/scara_description/share/scara_description/package.zsh'
[0.925s] Level 1:colcon.colcon_core.environment:create_file_with_runtime_dependencies(/home/omkar/two_scara_ws/install/scara_description/share/colcon-core/packages/scara_description)
[1.071s] Level 1:colcon.colcon_core.environment:create_environment_scripts_only(conveyor_description)
[1.072s] Level 1:colcon.colcon_core.environment:checking '/home/omkar/two_scara_ws/install/conveyor_description' for CMake module files
[1.072s] DEBUG:colcon.colcon_core.event_handler.log_command:Invoked command in '/home/omkar/two_scara_ws/build/conveyor_description' returned '0': CMAKE_PREFIX_PATH=${CMAKE_PREFIX_PATH}:/opt/ros/humble /usr/bin/cmake --install /home/omkar/two_scara_ws/build/conveyor_description
[1.073s] Level 1:colcon.colcon_core.environment:checking '/home/omkar/two_scara_ws/install/conveyor_description' for CMake config files
[1.073s] Level 1:colcon.colcon_core.shell:create_environment_hook('conveyor_description', 'cmake_prefix_path')
[1.073s] INFO:colcon.colcon_core.shell:Creating environment hook '/home/omkar/two_scara_ws/install/conveyor_description/share/conveyor_description/hook/cmake_prefix_path.ps1'
[1.074s] INFO:colcon.colcon_core.shell:Creating environment descriptor '/home/omkar/two_scara_ws/install/conveyor_description/share/conveyor_description/hook/cmake_prefix_path.dsv'
[1.074s] INFO:colcon.colcon_core.shell:Creating environment hook '/home/omkar/two_scara_ws/install/conveyor_description/share/conveyor_description/hook/cmake_prefix_path.sh'
[1.075s] Level 1:colcon.colcon_core.environment:checking '/home/omkar/two_scara_ws/install/conveyor_description/bin'
[1.075s] Level 1:colcon.colcon_core.environment:checking '/home/omkar/two_scara_ws/install/conveyor_description/lib/pkgconfig/conveyor_description.pc'
[1.075s] Level 1:colcon.colcon_core.environment:checking '/home/omkar/two_scara_ws/install/conveyor_description/lib/python3.10/site-packages'
[1.075s] Level 1:colcon.colcon_core.environment:checking '/home/omkar/two_scara_ws/install/conveyor_description/bin'
[1.075s] INFO:colcon.colcon_core.shell:Creating package script '/home/omkar/two_scara_ws/install/conveyor_description/share/conveyor_description/package.ps1'
[1.076s] INFO:colcon.colcon_core.shell:Creating package descriptor '/home/omkar/two_scara_ws/install/conveyor_description/share/conveyor_description/package.dsv'
[1.077s] INFO:colcon.colcon_core.shell:Creating package script '/home/omkar/two_scara_ws/install/conveyor_description/share/conveyor_description/package.sh'
[1.077s] INFO:colcon.colcon_core.shell:Creating package script '/home/omkar/two_scara_ws/install/conveyor_description/share/conveyor_description/package.bash'
[1.077s] INFO:colcon.colcon_core.shell:Creating package script '/home/omkar/two_scara_ws/install/conveyor_description/share/conveyor_description/package.zsh'
[1.078s] Level 1:colcon.colcon_core.environment:create_file_with_runtime_dependencies(/home/omkar/two_scara_ws/install/conveyor_description/share/colcon-core/packages/conveyor_description)
[1.078s] Level 1:colcon.colcon_core.environment:create_environment_scripts_only(conveyor_description)
[1.079s] Level 1:colcon.colcon_core.environment:checking '/home/omkar/two_scara_ws/install/conveyor_description' for CMake module files
[1.080s] Level 1:colcon.colcon_core.environment:checking '/home/omkar/two_scara_ws/install/conveyor_description' for CMake config files
[1.082s] Level 1:colcon.colcon_core.shell:create_environment_hook('conveyor_description', 'cmake_prefix_path')
[1.084s] INFO:colcon.colcon_core.shell:Creating environment hook '/home/omkar/two_scara_ws/install/conveyor_description/share/conveyor_description/hook/cmake_prefix_path.ps1'
[1.085s] INFO:colcon.colcon_core.shell:Creating environment descriptor '/home/omkar/two_scara_ws/install/conveyor_description/share/conveyor_description/hook/cmake_prefix_path.dsv'
[1.086s] INFO:colcon.colcon_core.shell:Creating environment hook '/home/omkar/two_scara_ws/install/conveyor_description/share/conveyor_description/hook/cmake_prefix_path.sh'
[1.087s] Level 1:colcon.colcon_core.environment:checking '/home/omkar/two_scara_ws/install/conveyor_description/bin'
[1.087s] Level 1:colcon.colcon_core.environment:checking '/home/omkar/two_scara_ws/install/conveyor_description/lib/pkgconfig/conveyor_description.pc'
[1.087s] Level 1:colcon.colcon_core.environment:checking '/home/omkar/two_scara_ws/install/conveyor_description/lib/python3.10/site-packages'
[1.087s] Level 1:colcon.colcon_core.environment:checking '/home/omkar/two_scara_ws/install/conveyor_description/bin'
[1.088s] INFO:colcon.colcon_core.shell:Creating package script '/home/omkar/two_scara_ws/install/conveyor_description/share/conveyor_description/package.ps1'
[1.088s] INFO:colcon.colcon_core.shell:Creating package descriptor '/home/omkar/two_scara_ws/install/conveyor_description/share/conveyor_description/package.dsv'
[1.089s] INFO:colcon.colcon_core.shell:Creating package script '/home/omkar/two_scara_ws/install/conveyor_description/share/conveyor_description/package.sh'
[1.089s] INFO:colcon.colcon_core.shell:Creating package script '/home/omkar/two_scara_ws/install/conveyor_description/share/conveyor_description/package.bash'
[1.089s] INFO:colcon.colcon_core.shell:Creating package script '/home/omkar/two_scara_ws/install/conveyor_description/share/conveyor_description/package.zsh'
[1.090s] Level 1:colcon.colcon_core.environment:create_file_with_runtime_dependencies(/home/omkar/two_scara_ws/install/conveyor_description/share/colcon-core/packages/conveyor_description)
[1.091s] Level 1:colcon.colcon_core.environment:create_environment_scripts_only(scara_gazebo)
[1.091s] Level 1:colcon.colcon_core.environment:checking '/home/omkar/two_scara_ws/install/scara_gazebo' for CMake module files
[1.092s] DEBUG:colcon.colcon_core.event_handler.log_command:Invoked command in '/home/omkar/two_scara_ws/build/scara_gazebo' returned '0': CMAKE_PREFIX_PATH=${CMAKE_PREFIX_PATH}:/opt/ros/humble /usr/bin/cmake --install /home/omkar/two_scara_ws/build/scara_gazebo
[1.092s] Level 1:colcon.colcon_core.environment:checking '/home/omkar/two_scara_ws/install/scara_gazebo' for CMake config files
[1.092s] Level 1:colcon.colcon_core.shell:create_environment_hook('scara_gazebo', 'cmake_prefix_path')
[1.093s] INFO:colcon.colcon_core.shell:Creating environment hook '/home/omkar/two_scara_ws/install/scara_gazebo/share/scara_gazebo/hook/cmake_prefix_path.ps1'
[1.093s] INFO:colcon.colcon_core.shell:Creating environment descriptor '/home/omkar/two_scara_ws/install/scara_gazebo/share/scara_gazebo/hook/cmake_prefix_path.dsv'
[1.094s] INFO:colcon.colcon_core.shell:Creating environment hook '/home/omkar/two_scara_ws/install/scara_gazebo/share/scara_gazebo/hook/cmake_prefix_path.sh'
[1.095s] Level 1:colcon.colcon_core.environment:checking '/home/omkar/two_scara_ws/install/scara_gazebo/bin'
[1.095s] Level 1:colcon.colcon_core.environment:checking '/home/omkar/two_scara_ws/install/scara_gazebo/lib/pkgconfig/scara_gazebo.pc'
[1.095s] Level 1:colcon.colcon_core.environment:checking '/home/omkar/two_scara_ws/install/scara_gazebo/lib/python3.10/site-packages'
[1.096s] Level 1:colcon.colcon_core.environment:checking '/home/omkar/two_scara_ws/install/scara_gazebo/bin'
[1.096s] INFO:colcon.colcon_core.shell:Creating package script '/home/omkar/two_scara_ws/install/scara_gazebo/share/scara_gazebo/package.ps1'
[1.097s] INFO:colcon.colcon_core.shell:Creating package descriptor '/home/omkar/two_scara_ws/install/scara_gazebo/share/scara_gazebo/package.dsv'
[1.097s] INFO:colcon.colcon_core.shell:Creating package script '/home/omkar/two_scara_ws/install/scara_gazebo/share/scara_gazebo/package.sh'
[1.098s] INFO:colcon.colcon_core.shell:Creating package script '/home/omkar/two_scara_ws/install/scara_gazebo/share/scara_gazebo/package.bash'
[1.098s] INFO:colcon.colcon_core.shell:Creating package script '/home/omkar/two_scara_ws/install/scara_gazebo/share/scara_gazebo/package.zsh'
[1.099s] Level 1:colcon.colcon_core.environment:create_file_with_runtime_dependencies(/home/omkar/two_scara_ws/install/scara_gazebo/share/colcon-core/packages/scara_gazebo)
[1.100s] Level 1:colcon.colcon_core.environment:create_environment_scripts_only(scara_gazebo)
[1.100s] Level 1:colcon.colcon_core.environment:checking '/home/omkar/two_scara_ws/install/scara_gazebo' for CMake module files
[1.100s] Level 1:colcon.colcon_core.environment:checking '/home/omkar/two_scara_ws/install/scara_gazebo' for CMake config files
[1.101s] Level 1:colcon.colcon_core.shell:create_environment_hook('scara_gazebo', 'cmake_prefix_path')
[1.101s] INFO:colcon.colcon_core.shell:Creating environment hook '/home/omkar/two_scara_ws/install/scara_gazebo/share/scara_gazebo/hook/cmake_prefix_path.ps1'
[1.101s] INFO:colcon.colcon_core.shell:Creating environment descriptor '/home/omkar/two_scara_ws/install/scara_gazebo/share/scara_gazebo/hook/cmake_prefix_path.dsv'
[1.102s] INFO:colcon.colcon_core.shell:Creating environment hook '/home/omkar/two_scara_ws/install/scara_gazebo/share/scara_gazebo/hook/cmake_prefix_path.sh'
[1.103s] Level 1:colcon.colcon_core.environment:checking '/home/omkar/two_scara_ws/install/scara_gazebo/bin'
[1.103s] Level 1:colcon.colcon_core.environment:checking '/home/omkar/two_scara_ws/install/scara_gazebo/lib/pkgconfig/scara_gazebo.pc'
[1.103s] Level 1:colcon.colcon_core.environment:checking '/home/omkar/two_scara_ws/install/scara_gazebo/lib/python3.10/site-packages'
[1.103s] Level 1:colcon.colcon_core.environment:checking '/home/omkar/two_scara_ws/install/scara_gazebo/bin'
[1.104s] INFO:colcon.colcon_core.shell:Creating package script '/home/omkar/two_scara_ws/install/scara_gazebo/share/scara_gazebo/package.ps1'
[1.104s] INFO:colcon.colcon_core.shell:Creating package descriptor '/home/omkar/two_scara_ws/install/scara_gazebo/share/scara_gazebo/package.dsv'
[1.105s] INFO:colcon.colcon_core.shell:Creating package script '/home/omkar/two_scara_ws/install/scara_gazebo/share/scara_gazebo/package.sh'
[1.105s] INFO:colcon.colcon_core.shell:Creating package script '/home/omkar/two_scara_ws/install/scara_gazebo/share/scara_gazebo/package.bash'
[1.105s] INFO:colcon.colcon_core.shell:Creating package script '/home/omkar/two_scara_ws/install/scara_gazebo/share/scara_gazebo/package.zsh'
[1.106s] Level 1:colcon.colcon_core.environment:create_file_with_runtime_dependencies(/home/omkar/two_scara_ws/install/scara_gazebo/share/colcon-core/packages/scara_gazebo)
[1.987s] DEBUG:colcon.colcon_core.event_handler.log_command:Invoked command in '/home/omkar/two_scara_ws/build/scara_control' returned '0': CMAKE_PREFIX_PATH=${CMAKE_PREFIX_PATH}:/opt/ros/humble /usr/bin/cmake /home/omkar/two_scara_ws/src/scara_control -DAMENT_CMAKE_SYMLINK_INSTALL=1 -DCMAKE_INSTALL_PREFIX=/home/omkar/two_scara_ws/install/scara_control
[1.988s] DEBUG:colcon.colcon_core.event_handler.log_command:Invoking command in '/home/omkar/two_scara_ws/build/scara_control': CMAKE_PREFIX_PATH=${CMAKE_PREFIX_PATH}:/opt/ros/humble /usr/bin/cmake --build /home/omkar/two_scara_ws/build/scara_control -- -j8 -l8
[2.050s] DEBUG:colcon.colcon_core.event_handler.log_command:Invoked command in '/home/omkar/two_scara_ws/build/scara_control' returned '0': CMAKE_PREFIX_PATH=${CMAKE_PREFIX_PATH}:/opt/ros/humble /usr/bin/cmake --build /home/omkar/two_scara_ws/build/scara_control -- -j8 -l8
[2.052s] DEBUG:colcon.colcon_core.event_handler.log_command:Invoking command in '/home/omkar/two_scara_ws/build/scara_control': CMAKE_PREFIX_PATH=${CMAKE_PREFIX_PATH}:/opt/ros/humble /usr/bin/cmake --install /home/omkar/two_scara_ws/build/scara_control
[2.073s] Level 1:colcon.colcon_core.environment:create_environment_scripts_only(scara_control)
[2.075s] Level 1:colcon.colcon_core.environment:checking '/home/omkar/two_scara_ws/install/scara_control' for CMake module files
[2.076s] DEBUG:colcon.colcon_core.event_handler.log_command:Invoked command in '/home/omkar/two_scara_ws/build/scara_control' returned '0': CMAKE_PREFIX_PATH=${CMAKE_PREFIX_PATH}:/opt/ros/humble /usr/bin/cmake --install /home/omkar/two_scara_ws/build/scara_control
[2.076s] Level 1:colcon.colcon_core.environment:checking '/home/omkar/two_scara_ws/install/scara_control' for CMake config files
[2.076s] Level 1:colcon.colcon_core.shell:create_environment_hook('scara_control', 'cmake_prefix_path')
[2.077s] INFO:colcon.colcon_core.shell:Creating environment hook '/home/omkar/two_scara_ws/install/scara_control/share/scara_control/hook/cmake_prefix_path.ps1'
[2.077s] INFO:colcon.colcon_core.shell:Creating environment descriptor '/home/omkar/two_scara_ws/install/scara_control/share/scara_control/hook/cmake_prefix_path.dsv'
[2.078s] INFO:colcon.colcon_core.shell:Creating environment hook '/home/omkar/two_scara_ws/install/scara_control/share/scara_control/hook/cmake_prefix_path.sh'
[2.078s] Level 1:colcon.colcon_core.environment:checking '/home/omkar/two_scara_ws/install/scara_control/lib'
[2.078s] Level 1:colcon.colcon_core.environment:checking '/home/omkar/two_scara_ws/install/scara_control/bin'
[2.078s] Level 1:colcon.colcon_core.environment:checking '/home/omkar/two_scara_ws/install/scara_control/lib/pkgconfig/scara_control.pc'
[2.079s] Level 1:colcon.colcon_core.environment:checking '/home/omkar/two_scara_ws/install/scara_control/lib/python3.10/site-packages'
[2.079s] Level 1:colcon.colcon_core.environment:checking '/home/omkar/two_scara_ws/install/scara_control/bin'
[2.079s] INFO:colcon.colcon_core.shell:Creating package script '/home/omkar/two_scara_ws/install/scara_control/share/scara_control/package.ps1'
[2.079s] INFO:colcon.colcon_core.shell:Creating package descriptor '/home/omkar/two_scara_ws/install/scara_control/share/scara_control/package.dsv'
[2.080s] INFO:colcon.colcon_core.shell:Creating package script '/home/omkar/two_scara_ws/install/scara_control/share/scara_control/package.sh'
[2.080s] INFO:colcon.colcon_core.shell:Creating package script '/home/omkar/two_scara_ws/install/scara_control/share/scara_control/package.bash'
[2.080s] INFO:colcon.colcon_core.shell:Creating package script '/home/omkar/two_scara_ws/install/scara_control/share/scara_control/package.zsh'
[2.081s] Level 1:colcon.colcon_core.environment:create_file_with_runtime_dependencies(/home/omkar/two_scara_ws/install/scara_control/share/colcon-core/packages/scara_control)
[2.081s] Level 1:colcon.colcon_core.environment:create_environment_scripts_only(scara_control)
[2.081s] Level 1:colcon.colcon_core.environment:checking '/home/omkar/two_scara_ws/install/scara_control' for CMake module files
[2.082s] Level 1:colcon.colcon_core.environment:checking '/home/omkar/two_scara_ws/install/scara_control' for CMake config files
[2.082s] Level 1:colcon.colcon_core.shell:create_environment_hook('scara_control', 'cmake_prefix_path')
[2.082s] INFO:colcon.colcon_core.shell:Creating environment hook '/home/omkar/two_scara_ws/install/scara_control/share/scara_control/hook/cmake_prefix_path.ps1'
[2.083s] INFO:colcon.colcon_core.shell:Creating environment descriptor '/home/omkar/two_scara_ws/install/scara_control/share/scara_control/hook/cmake_prefix_path.dsv'
[2.083s] INFO:colcon.colcon_core.shell:Creating environment hook '/home/omkar/two_scara_ws/install/scara_control/share/scara_control/hook/cmake_prefix_path.sh'
[2.083s] Level 1:colcon.colcon_core.environment:checking '/home/omkar/two_scara_ws/install/scara_control/lib'
[2.083s] Level 1:colcon.colcon_core.environment:checking '/home/omkar/two_scara_ws/install/scara_control/bin'
[2.084s] Level 1:colcon.colcon_core.environment:checking '/home/omkar/two_scara_ws/install/scara_control/lib/pkgconfig/scara_control.pc'
[2.084s] Level 1:colcon.colcon_core.environment:checking '/home/omkar/two_scara_ws/install/scara_control/lib/python3.10/site-packages'
[2.084s] Level 1:colcon.colcon_core.environment:checking '/home/omkar/two_scara_ws/install/scara_control/bin'
[2.084s] INFO:colcon.colcon_core.shell:Creating package script '/home/omkar/two_scara_ws/install/scara_control/share/scara_control/package.ps1'
[2.084s] INFO:colcon.colcon_core.shell:Creating package descriptor '/home/omkar/two_scara_ws/install/scara_control/share/scara_control/package.dsv'
[2.085s] INFO:colcon.colcon_core.shell:Creating package script '/home/omkar/two_scara_ws/install/scara_control/share/scara_control/package.sh'
[2.085s] INFO:colcon.colcon_core.shell:Creating package script '/home/omkar/two_scara_ws/install/scara_control/share/scara_control/package.bash'
[2.086s] INFO:colcon.colcon_core.shell:Creating package script '/home/omkar/two_scara_ws/install/scara_control/share/scara_control/package.zsh'
[2.086s] Level 1:colcon.colcon_core.environment:create_file_with_runtime_dependencies(/home/omkar/two_scara_ws/install/scara_control/share/colcon-core/packages/scara_control)
[2.086s] DEBUG:colcon.colcon_parallel_executor.executor.parallel:closing loop
[2.086s] DEBUG:colcon.colcon_parallel_executor.executor.parallel:loop closed
[2.086s] DEBUG:colcon.colcon_parallel_executor.executor.parallel:run_until_complete finished with '0'
[2.087s] DEBUG:colcon.colcon_core.event_reactor:joining thread
[2.091s] INFO:colcon.colcon_core.plugin_system:Skipping extension 'colcon_notification.desktop_notification.terminal_notifier': Not used on non-Darwin systems
[2.091s] INFO:colcon.colcon_core.plugin_system:Skipping extension 'colcon_notification.desktop_notification.win32': Not used on non-Windows systems
[2.091s] INFO:colcon.colcon_notification.desktop_notification:Sending desktop notification using 'notify2'
[2.102s] DEBUG:colcon.colcon_core.event_reactor:joined thread
[2.102s] INFO:colcon.colcon_core.shell:Creating prefix script '/home/omkar/two_scara_ws/install/local_setup.ps1'
[2.103s] INFO:colcon.colcon_core.shell:Creating prefix util module '/home/omkar/two_scara_ws/install/_local_setup_util_ps1.py'
[2.104s] INFO:colcon.colcon_core.shell:Creating prefix chain script '/home/omkar/two_scara_ws/install/setup.ps1'
[2.105s] INFO:colcon.colcon_core.shell:Creating prefix script '/home/omkar/two_scara_ws/install/local_setup.sh'
[2.106s] INFO:colcon.colcon_core.shell:Creating prefix util module '/home/omkar/two_scara_ws/install/_local_setup_util_sh.py'
[2.106s] INFO:colcon.colcon_core.shell:Creating prefix chain script '/home/omkar/two_scara_ws/install/setup.sh'
[2.107s] INFO:colcon.colcon_core.shell:Creating prefix script '/home/omkar/two_scara_ws/install/local_setup.bash'
[2.108s] INFO:colcon.colcon_core.shell:Creating prefix chain script '/home/omkar/two_scara_ws/install/setup.bash'
[2.108s] INFO:colcon.colcon_core.shell:Creating prefix script '/home/omkar/two_scara_ws/install/local_setup.zsh'
[2.109s] INFO:colcon.colcon_core.shell:Creating prefix chain script '/home/omkar/two_scara_ws/install/setup.zsh'
