[0.031s] Invoking command in '/home/omkar/two_scara_ws/build/scara_control': CMAKE_PREFIX_PATH=${CMAKE_PREFIX_PATH}:/opt/ros/humble /usr/bin/cmake --build /home/omkar/two_scara_ws/build/scara_control -- -j8 -l8
[0.101s] [100%] Built target coordination_node
[0.153s] Invoked command in '/home/omkar/two_scara_ws/build/scara_control' returned '0': CMAKE_PREFIX_PATH=${CMAKE_PREFIX_PATH}:/opt/ros/humble /usr/bin/cmake --build /home/omkar/two_scara_ws/build/scara_control -- -j8 -l8
[0.155s] Invoking command in '/home/omkar/two_scara_ws/build/scara_control': CMAKE_PREFIX_PATH=${CMAKE_PREFIX_PATH}:/opt/ros/humble /usr/bin/cmake --install /home/omkar/two_scara_ws/build/scara_control
[0.162s] -- Install configuration: ""
[0.165s] -- Execute custom install script
[0.165s] -- Up-to-date symlink: /home/omkar/two_scara_ws/install/scara_control/lib/scara_control/coordination_node
[0.165s] -- Up-to-date symlink: /home/omkar/two_scara_ws/install/scara_control/lib/scara_control/target_generator.py
[0.166s] -- Up-to-date symlink: /home/omkar/two_scara_ws/install/scara_control/lib/scara_control/spawn_objects.py
[0.167s] -- Up-to-date symlink: /home/omkar/two_scara_ws/install/scara_control/lib/scara_control/gripper_control.py
[0.167s] -- Up-to-date symlink: /home/omkar/two_scara_ws/install/scara_control/lib/scara_control/conveyor_control.py
[0.167s] -- Up-to-date symlink: /home/omkar/two_scara_ws/install/scara_control/lib/scara_control/ik_solver.py
[0.167s] -- Up-to-date symlink: /home/omkar/two_scara_ws/install/scara_control/lib/scara_control/joint_publisher.py
[0.167s] -- Up-to-date symlink: /home/omkar/two_scara_ws/install/scara_control/share/scara_control//launch/full_system.launch.py
[0.168s] -- Up-to-date symlink: /home/omkar/two_scara_ws/install/scara_control/share/scara_control//launch/old_full_syst_launch.py
[0.168s] -- Up-to-date symlink: /home/omkar/two_scara_ws/install/scara_control/share/scara_control//launch/scara_control.launch.py
[0.168s] -- Up-to-date symlink: /home/omkar/two_scara_ws/install/scara_control/share/scara_control//config/scara_controllers.yaml
[0.168s] -- Up-to-date symlink: /home/omkar/two_scara_ws/install/scara_control/share/ament_index/resource_index/package_run_dependencies/scara_control
[0.168s] -- Up-to-date symlink: /home/omkar/two_scara_ws/install/scara_control/share/ament_index/resource_index/parent_prefix_path/scara_control
[0.169s] -- Up-to-date symlink: /home/omkar/two_scara_ws/install/scara_control/share/scara_control/environment/ament_prefix_path.sh
[0.169s] -- Up-to-date symlink: /home/omkar/two_scara_ws/install/scara_control/share/scara_control/environment/ament_prefix_path.dsv
[0.169s] -- Up-to-date symlink: /home/omkar/two_scara_ws/install/scara_control/share/scara_control/environment/path.sh
[0.169s] -- Up-to-date symlink: /home/omkar/two_scara_ws/install/scara_control/share/scara_control/environment/path.dsv
[0.169s] -- Up-to-date symlink: /home/omkar/two_scara_ws/install/scara_control/share/scara_control/local_setup.bash
[0.169s] -- Up-to-date symlink: /home/omkar/two_scara_ws/install/scara_control/share/scara_control/local_setup.sh
[0.169s] -- Up-to-date symlink: /home/omkar/two_scara_ws/install/scara_control/share/scara_control/local_setup.zsh
[0.169s] -- Up-to-date symlink: /home/omkar/two_scara_ws/install/scara_control/share/scara_control/local_setup.dsv
[0.169s] -- Symlinking: /home/omkar/two_scara_ws/install/scara_control/share/scara_control/package.dsv
[0.178s] -- Up-to-date symlink: /home/omkar/two_scara_ws/install/scara_control/share/ament_index/resource_index/packages/scara_control
[0.179s] -- Up-to-date symlink: /home/omkar/two_scara_ws/install/scara_control/share/scara_control/cmake/scara_controlConfig.cmake
[0.179s] -- Up-to-date symlink: /home/omkar/two_scara_ws/install/scara_control/share/scara_control/cmake/scara_controlConfig-version.cmake
[0.179s] -- Up-to-date symlink: /home/omkar/two_scara_ws/install/scara_control/share/scara_control/package.xml
[0.181s] Invoked command in '/home/omkar/two_scara_ws/build/scara_control' returned '0': CMAKE_PREFIX_PATH=${CMAKE_PREFIX_PATH}:/opt/ros/humble /usr/bin/cmake --install /home/omkar/two_scara_ws/build/scara_control
