[0.025s] Invoking command in '/home/omkar/two_scara_ws/build/scara_description': CMAKE_PREFIX_PATH=${CMAKE_PREFIX_PATH}:/opt/ros/humble /usr/bin/cmake /home/omkar/two_scara_ws/src/scara_description -DCMAKE_INSTALL_PREFIX=/home/omkar/two_scara_ws/install/scara_description
[0.040s] -- Found ament_cmake: 1.3.11 (/opt/ros/humble/share/ament_cmake/cmake)
[0.241s] -- Override CMake install command with custom implementation using symlinks instead of copying resources
[0.321s] -- Configuring done
[0.323s] -- Generating done
[0.325s] -- Build files have been written to: /home/omkar/two_scara_ws/build/scara_description
[0.331s] Invoked command in '/home/omkar/two_scara_ws/build/scara_description' returned '0': CMAKE_PREFIX_PATH=${CMAKE_PREFIX_PATH}:/opt/ros/humble /usr/bin/cmake /home/omkar/two_scara_ws/src/scara_description -DCMAKE_INSTALL_PREFIX=/home/omkar/two_scara_ws/install/scara_description
[0.332s] Invoking command in '/home/omkar/two_scara_ws/build/scara_description': CMAKE_PREFIX_PATH=${CMAKE_PREFIX_PATH}:/opt/ros/humble /usr/bin/cmake --build /home/omkar/two_scara_ws/build/scara_description -- -j8 -l8
[0.368s] Invoked command in '/home/omkar/two_scara_ws/build/scara_description' returned '0': CMAKE_PREFIX_PATH=${CMAKE_PREFIX_PATH}:/opt/ros/humble /usr/bin/cmake --build /home/omkar/two_scara_ws/build/scara_description -- -j8 -l8
[0.369s] Invoking command in '/home/omkar/two_scara_ws/build/scara_description': CMAKE_PREFIX_PATH=${CMAKE_PREFIX_PATH}:/opt/ros/humble /usr/bin/cmake --install /home/omkar/two_scara_ws/build/scara_description
[0.376s] -- Install configuration: ""
[0.376s] -- Execute custom install script
[0.377s] -- Up-to-date symlink: /home/omkar/two_scara_ws/install/scara_description/share/scara_description/urdf/scara1.urdf.xacro
[0.377s] -- Up-to-date symlink: /home/omkar/two_scara_ws/install/scara_description/share/scara_description/launch/spawn_scara.launch.py
[0.377s] -- Up-to-date symlink: /home/omkar/two_scara_ws/install/scara_description/share/ament_index/resource_index/package_run_dependencies/scara_description
[0.377s] -- Up-to-date symlink: /home/omkar/two_scara_ws/install/scara_description/share/ament_index/resource_index/parent_prefix_path/scara_description
[0.378s] -- Up-to-date symlink: /home/omkar/two_scara_ws/install/scara_description/share/scara_description/environment/ament_prefix_path.sh
[0.378s] -- Up-to-date symlink: /home/omkar/two_scara_ws/install/scara_description/share/scara_description/environment/ament_prefix_path.dsv
[0.378s] -- Up-to-date symlink: /home/omkar/two_scara_ws/install/scara_description/share/scara_description/environment/path.sh
[0.378s] -- Up-to-date symlink: /home/omkar/two_scara_ws/install/scara_description/share/scara_description/environment/path.dsv
[0.378s] -- Up-to-date symlink: /home/omkar/two_scara_ws/install/scara_description/share/scara_description/local_setup.bash
[0.379s] -- Up-to-date symlink: /home/omkar/two_scara_ws/install/scara_description/share/scara_description/local_setup.sh
[0.379s] -- Up-to-date symlink: /home/omkar/two_scara_ws/install/scara_description/share/scara_description/local_setup.zsh
[0.379s] -- Up-to-date symlink: /home/omkar/two_scara_ws/install/scara_description/share/scara_description/local_setup.dsv
[0.379s] -- Symlinking: /home/omkar/two_scara_ws/install/scara_description/share/scara_description/package.dsv
[0.387s] -- Up-to-date symlink: /home/omkar/two_scara_ws/install/scara_description/share/ament_index/resource_index/packages/scara_description
[0.387s] -- Up-to-date symlink: /home/omkar/two_scara_ws/install/scara_description/share/scara_description/cmake/scara_descriptionConfig.cmake
[0.388s] -- Up-to-date symlink: /home/omkar/two_scara_ws/install/scara_description/share/scara_description/cmake/scara_descriptionConfig-version.cmake
[0.388s] -- Up-to-date symlink: /home/omkar/two_scara_ws/install/scara_description/share/scara_description/package.xml
[0.390s] Invoked command in '/home/omkar/two_scara_ws/build/scara_description' returned '0': CMAKE_PREFIX_PATH=${CMAKE_PREFIX_PATH}:/opt/ros/humble /usr/bin/cmake --install /home/omkar/two_scara_ws/build/scara_description
