[0.114s] DEBUG:colcon:Command line arguments: ['/usr/bin/colcon', 'build']
[0.114s] DEBUG:colcon:Parsed command line arguments: Namespace(log_base=None, log_level=None, verb_name='build', build_base='build', install_base='install', merge_install=False, symlink_install=False, test_result_base=None, continue_on_error=False, executor='parallel', parallel_workers=8, event_handlers=None, ignore_user_meta=False, metas=['./colcon.meta'], base_paths=['.'], packages_ignore=None, packages_ignore_regex=None, paths=None, packages_up_to=None, packages_up_to_regex=None, packages_above=None, packages_above_and_dependencies=None, packages_above_depth=None, packages_select_by_dep=None, packages_skip_by_dep=None, packages_skip_up_to=None, packages_select_build_failed=False, packages_skip_build_finished=False, packages_select_test_failures=False, packages_skip_test_passed=False, packages_select=None, packages_skip=None, packages_select_regex=None, packages_skip_regex=None, packages_start=None, packages_end=None, allow_overriding=[], cmake_args=None, cmake_target=None, cmake_target_skip_unavailable=False, cmake_clean_cache=False, cmake_clean_first=False, cmake_force_configure=False, ament_cmake_args=None, catkin_cmake_args=None, catkin_skip_building_tests=False, mixin_files=None, mixin=None, verb_parser=<colcon_mixin.mixin.mixin_argument.MixinArgumentDecorator object at 0x762d0ce59f30>, verb_extension=<colcon_core.verb.build.BuildVerb object at 0x762d0cf76ec0>, main=<bound method BuildVerb.main of <colcon_core.verb.build.BuildVerb object at 0x762d0cf76ec0>>, mixin_verb=('build',))
[0.286s] Level 1:colcon.colcon_core.package_discovery:discover_packages(colcon_meta) check parameters
[0.286s] Level 1:colcon.colcon_core.package_discovery:discover_packages(recursive) check parameters
[0.286s] Level 1:colcon.colcon_core.package_discovery:discover_packages(ignore) check parameters
[0.286s] Level 1:colcon.colcon_core.package_discovery:discover_packages(path) check parameters
[0.286s] Level 1:colcon.colcon_core.package_discovery:discover_packages(colcon_meta) discover
[0.286s] Level 1:colcon.colcon_core.package_discovery:discover_packages(recursive) discover
[0.286s] INFO:colcon.colcon_core.package_discovery:Crawling recursively for packages in '/home/omkar/two_scara_ws'
[0.286s] Level 1:colcon.colcon_core.package_identification:_identify(.) by extensions ['ignore', 'ignore_ament_install']
[0.286s] Level 1:colcon.colcon_core.package_identification:_identify(.) by extension 'ignore'
[0.287s] Level 1:colcon.colcon_core.package_identification:_identify(.) by extension 'ignore_ament_install'
[0.287s] Level 1:colcon.colcon_core.package_identification:_identify(.) by extensions ['colcon_pkg']
[0.287s] Level 1:colcon.colcon_core.package_identification:_identify(.) by extension 'colcon_pkg'
[0.287s] Level 1:colcon.colcon_core.package_identification:_identify(.) by extensions ['colcon_meta']
[0.287s] Level 1:colcon.colcon_core.package_identification:_identify(.) by extension 'colcon_meta'
[0.287s] Level 1:colcon.colcon_core.package_identification:_identify(.) by extensions ['ros']
[0.287s] Level 1:colcon.colcon_core.package_identification:_identify(.) by extension 'ros'
[0.297s] Level 1:colcon.colcon_core.package_identification:_identify(.) by extensions ['cmake', 'python']
[0.297s] Level 1:colcon.colcon_core.package_identification:_identify(.) by extension 'cmake'
[0.297s] Level 1:colcon.colcon_core.package_identification:_identify(.) by extension 'python'
[0.297s] Level 1:colcon.colcon_core.package_identification:_identify(.) by extensions ['python_setup_py']
[0.297s] Level 1:colcon.colcon_core.package_identification:_identify(.) by extension 'python_setup_py'
[0.297s] Level 1:colcon.colcon_core.package_identification:_identify(build) by extensions ['ignore', 'ignore_ament_install']
[0.297s] Level 1:colcon.colcon_core.package_identification:_identify(build) by extension 'ignore'
[0.297s] Level 1:colcon.colcon_core.package_identification:_identify(build) ignored
[0.297s] Level 1:colcon.colcon_core.package_identification:_identify(install) by extensions ['ignore', 'ignore_ament_install']
[0.297s] Level 1:colcon.colcon_core.package_identification:_identify(install) by extension 'ignore'
[0.297s] Level 1:colcon.colcon_core.package_identification:_identify(install) ignored
[0.297s] Level 1:colcon.colcon_core.package_identification:_identify(log) by extensions ['ignore', 'ignore_ament_install']
[0.298s] Level 1:colcon.colcon_core.package_identification:_identify(log) by extension 'ignore'
[0.298s] Level 1:colcon.colcon_core.package_identification:_identify(log) ignored
[0.298s] Level 1:colcon.colcon_core.package_identification:_identify(src) by extensions ['ignore', 'ignore_ament_install']
[0.298s] Level 1:colcon.colcon_core.package_identification:_identify(src) by extension 'ignore'
[0.298s] Level 1:colcon.colcon_core.package_identification:_identify(src) by extension 'ignore_ament_install'
[0.298s] Level 1:colcon.colcon_core.package_identification:_identify(src) by extensions ['colcon_pkg']
[0.298s] Level 1:colcon.colcon_core.package_identification:_identify(src) by extension 'colcon_pkg'
[0.298s] Level 1:colcon.colcon_core.package_identification:_identify(src) by extensions ['colcon_meta']
[0.298s] Level 1:colcon.colcon_core.package_identification:_identify(src) by extension 'colcon_meta'
[0.298s] Level 1:colcon.colcon_core.package_identification:_identify(src) by extensions ['ros']
[0.298s] Level 1:colcon.colcon_core.package_identification:_identify(src) by extension 'ros'
[0.298s] Level 1:colcon.colcon_core.package_identification:_identify(src) by extensions ['cmake', 'python']
[0.298s] Level 1:colcon.colcon_core.package_identification:_identify(src) by extension 'cmake'
[0.298s] Level 1:colcon.colcon_core.package_identification:_identify(src) by extension 'python'
[0.298s] Level 1:colcon.colcon_core.package_identification:_identify(src) by extensions ['python_setup_py']
[0.298s] Level 1:colcon.colcon_core.package_identification:_identify(src) by extension 'python_setup_py'
[0.298s] Level 1:colcon.colcon_core.package_identification:_identify(src/conveyor_description) by extensions ['ignore', 'ignore_ament_install']
[0.298s] Level 1:colcon.colcon_core.package_identification:_identify(src/conveyor_description) by extension 'ignore'
[0.298s] Level 1:colcon.colcon_core.package_identification:_identify(src/conveyor_description) by extension 'ignore_ament_install'
[0.298s] Level 1:colcon.colcon_core.package_identification:_identify(src/conveyor_description) by extensions ['colcon_pkg']
[0.298s] Level 1:colcon.colcon_core.package_identification:_identify(src/conveyor_description) by extension 'colcon_pkg'
[0.298s] Level 1:colcon.colcon_core.package_identification:_identify(src/conveyor_description) by extensions ['colcon_meta']
[0.298s] Level 1:colcon.colcon_core.package_identification:_identify(src/conveyor_description) by extension 'colcon_meta'
[0.299s] Level 1:colcon.colcon_core.package_identification:_identify(src/conveyor_description) by extensions ['ros']
[0.299s] Level 1:colcon.colcon_core.package_identification:_identify(src/conveyor_description) by extension 'ros'
[0.301s] DEBUG:colcon.colcon_core.package_identification:Package 'src/conveyor_description' with type 'ros.ament_cmake' and name 'conveyor_description'
[0.301s] Level 1:colcon.colcon_core.package_identification:_identify(src/scara_control) by extensions ['ignore', 'ignore_ament_install']
[0.301s] Level 1:colcon.colcon_core.package_identification:_identify(src/scara_control) by extension 'ignore'
[0.301s] Level 1:colcon.colcon_core.package_identification:_identify(src/scara_control) by extension 'ignore_ament_install'
[0.301s] Level 1:colcon.colcon_core.package_identification:_identify(src/scara_control) by extensions ['colcon_pkg']
[0.301s] Level 1:colcon.colcon_core.package_identification:_identify(src/scara_control) by extension 'colcon_pkg'
[0.301s] Level 1:colcon.colcon_core.package_identification:_identify(src/scara_control) by extensions ['colcon_meta']
[0.301s] Level 1:colcon.colcon_core.package_identification:_identify(src/scara_control) by extension 'colcon_meta'
[0.301s] Level 1:colcon.colcon_core.package_identification:_identify(src/scara_control) by extensions ['ros']
[0.301s] Level 1:colcon.colcon_core.package_identification:_identify(src/scara_control) by extension 'ros'
[0.302s] DEBUG:colcon.colcon_core.package_identification:Package 'src/scara_control' with type 'ros.ament_cmake' and name 'scara_control'
[0.302s] Level 1:colcon.colcon_core.package_identification:_identify(src/scara_description) by extensions ['ignore', 'ignore_ament_install']
[0.302s] Level 1:colcon.colcon_core.package_identification:_identify(src/scara_description) by extension 'ignore'
[0.302s] Level 1:colcon.colcon_core.package_identification:_identify(src/scara_description) by extension 'ignore_ament_install'
[0.302s] Level 1:colcon.colcon_core.package_identification:_identify(src/scara_description) by extensions ['colcon_pkg']
[0.302s] Level 1:colcon.colcon_core.package_identification:_identify(src/scara_description) by extension 'colcon_pkg'
[0.302s] Level 1:colcon.colcon_core.package_identification:_identify(src/scara_description) by extensions ['colcon_meta']
[0.302s] Level 1:colcon.colcon_core.package_identification:_identify(src/scara_description) by extension 'colcon_meta'
[0.302s] Level 1:colcon.colcon_core.package_identification:_identify(src/scara_description) by extensions ['ros']
[0.303s] Level 1:colcon.colcon_core.package_identification:_identify(src/scara_description) by extension 'ros'
[0.304s] DEBUG:colcon.colcon_core.package_identification:Package 'src/scara_description' with type 'ros.ament_cmake' and name 'scara_description'
[0.305s] Level 1:colcon.colcon_core.package_identification:_identify(src/scara_gazebo) by extensions ['ignore', 'ignore_ament_install']
[0.305s] Level 1:colcon.colcon_core.package_identification:_identify(src/scara_gazebo) by extension 'ignore'
[0.305s] Level 1:colcon.colcon_core.package_identification:_identify(src/scara_gazebo) by extension 'ignore_ament_install'
[0.305s] Level 1:colcon.colcon_core.package_identification:_identify(src/scara_gazebo) by extensions ['colcon_pkg']
[0.305s] Level 1:colcon.colcon_core.package_identification:_identify(src/scara_gazebo) by extension 'colcon_pkg'
[0.305s] Level 1:colcon.colcon_core.package_identification:_identify(src/scara_gazebo) by extensions ['colcon_meta']
[0.305s] Level 1:colcon.colcon_core.package_identification:_identify(src/scara_gazebo) by extension 'colcon_meta'
[0.305s] Level 1:colcon.colcon_core.package_identification:_identify(src/scara_gazebo) by extensions ['ros']
[0.305s] Level 1:colcon.colcon_core.package_identification:_identify(src/scara_gazebo) by extension 'ros'
[0.305s] DEBUG:colcon.colcon_core.package_identification:Package 'src/scara_gazebo' with type 'ros.ament_cmake' and name 'scara_gazebo'
[0.306s] Level 1:colcon.colcon_core.package_discovery:discover_packages(recursive) using defaults
[0.306s] Level 1:colcon.colcon_core.package_discovery:discover_packages(ignore) discover
[0.306s] Level 1:colcon.colcon_core.package_discovery:discover_packages(ignore) using defaults
[0.306s] Level 1:colcon.colcon_core.package_discovery:discover_packages(path) discover
[0.306s] Level 1:colcon.colcon_core.package_discovery:discover_packages(path) using defaults
[0.335s] Level 1:colcon.colcon_core.package_discovery:discover_packages(prefix_path) check parameters
[0.335s] Level 1:colcon.colcon_core.package_discovery:discover_packages(prefix_path) discover
[0.337s] DEBUG:colcon.colcon_installed_package_information.package_discovery:Found 4 installed packages in /home/omkar/two_scara_ws/install
[0.338s] DEBUG:colcon.colcon_installed_package_information.package_discovery:Found 380 installed packages in /opt/ros/humble
[0.341s] Level 1:colcon.colcon_core.package_discovery:discover_packages(prefix_path) using defaults
[0.385s] Level 5:colcon.colcon_core.verb:set package 'conveyor_description' build argument 'cmake_args' from command line to 'None'
[0.385s] Level 5:colcon.colcon_core.verb:set package 'conveyor_description' build argument 'cmake_target' from command line to 'None'
[0.385s] Level 5:colcon.colcon_core.verb:set package 'conveyor_description' build argument 'cmake_target_skip_unavailable' from command line to 'False'
[0.385s] Level 5:colcon.colcon_core.verb:set package 'conveyor_description' build argument 'cmake_clean_cache' from command line to 'False'
[0.385s] Level 5:colcon.colcon_core.verb:set package 'conveyor_description' build argument 'cmake_clean_first' from command line to 'False'
[0.385s] Level 5:colcon.colcon_core.verb:set package 'conveyor_description' build argument 'cmake_force_configure' from command line to 'False'
[0.385s] Level 5:colcon.colcon_core.verb:set package 'conveyor_description' build argument 'ament_cmake_args' from command line to 'None'
[0.385s] Level 5:colcon.colcon_core.verb:set package 'conveyor_description' build argument 'catkin_cmake_args' from command line to 'None'
[0.385s] Level 5:colcon.colcon_core.verb:set package 'conveyor_description' build argument 'catkin_skip_building_tests' from command line to 'False'
[0.386s] DEBUG:colcon.colcon_core.verb:Building package 'conveyor_description' with the following arguments: {'ament_cmake_args': None, 'build_base': '/home/omkar/two_scara_ws/build/conveyor_description', 'catkin_cmake_args': None, 'catkin_skip_building_tests': False, 'cmake_args': None, 'cmake_clean_cache': False, 'cmake_clean_first': False, 'cmake_force_configure': False, 'cmake_target': None, 'cmake_target_skip_unavailable': False, 'install_base': '/home/omkar/two_scara_ws/install/conveyor_description', 'merge_install': False, 'path': '/home/omkar/two_scara_ws/src/conveyor_description', 'symlink_install': False, 'test_result_base': None}
[0.386s] Level 5:colcon.colcon_core.verb:set package 'scara_control' build argument 'cmake_args' from command line to 'None'
[0.386s] Level 5:colcon.colcon_core.verb:set package 'scara_control' build argument 'cmake_target' from command line to 'None'
[0.386s] Level 5:colcon.colcon_core.verb:set package 'scara_control' build argument 'cmake_target_skip_unavailable' from command line to 'False'
[0.386s] Level 5:colcon.colcon_core.verb:set package 'scara_control' build argument 'cmake_clean_cache' from command line to 'False'
[0.386s] Level 5:colcon.colcon_core.verb:set package 'scara_control' build argument 'cmake_clean_first' from command line to 'False'
[0.386s] Level 5:colcon.colcon_core.verb:set package 'scara_control' build argument 'cmake_force_configure' from command line to 'False'
[0.386s] Level 5:colcon.colcon_core.verb:set package 'scara_control' build argument 'ament_cmake_args' from command line to 'None'
[0.386s] Level 5:colcon.colcon_core.verb:set package 'scara_control' build argument 'catkin_cmake_args' from command line to 'None'
[0.386s] Level 5:colcon.colcon_core.verb:set package 'scara_control' build argument 'catkin_skip_building_tests' from command line to 'False'
[0.386s] DEBUG:colcon.colcon_core.verb:Building package 'scara_control' with the following arguments: {'ament_cmake_args': None, 'build_base': '/home/omkar/two_scara_ws/build/scara_control', 'catkin_cmake_args': None, 'catkin_skip_building_tests': False, 'cmake_args': None, 'cmake_clean_cache': False, 'cmake_clean_first': False, 'cmake_force_configure': False, 'cmake_target': None, 'cmake_target_skip_unavailable': False, 'install_base': '/home/omkar/two_scara_ws/install/scara_control', 'merge_install': False, 'path': '/home/omkar/two_scara_ws/src/scara_control', 'symlink_install': False, 'test_result_base': None}
[0.387s] Level 5:colcon.colcon_core.verb:set package 'scara_description' build argument 'cmake_args' from command line to 'None'
[0.387s] Level 5:colcon.colcon_core.verb:set package 'scara_description' build argument 'cmake_target' from command line to 'None'
[0.387s] Level 5:colcon.colcon_core.verb:set package 'scara_description' build argument 'cmake_target_skip_unavailable' from command line to 'False'
[0.387s] Level 5:colcon.colcon_core.verb:set package 'scara_description' build argument 'cmake_clean_cache' from command line to 'False'
[0.387s] Level 5:colcon.colcon_core.verb:set package 'scara_description' build argument 'cmake_clean_first' from command line to 'False'
[0.387s] Level 5:colcon.colcon_core.verb:set package 'scara_description' build argument 'cmake_force_configure' from command line to 'False'
[0.387s] Level 5:colcon.colcon_core.verb:set package 'scara_description' build argument 'ament_cmake_args' from command line to 'None'
[0.387s] Level 5:colcon.colcon_core.verb:set package 'scara_description' build argument 'catkin_cmake_args' from command line to 'None'
[0.387s] Level 5:colcon.colcon_core.verb:set package 'scara_description' build argument 'catkin_skip_building_tests' from command line to 'False'
[0.387s] DEBUG:colcon.colcon_core.verb:Building package 'scara_description' with the following arguments: {'ament_cmake_args': None, 'build_base': '/home/omkar/two_scara_ws/build/scara_description', 'catkin_cmake_args': None, 'catkin_skip_building_tests': False, 'cmake_args': None, 'cmake_clean_cache': False, 'cmake_clean_first': False, 'cmake_force_configure': False, 'cmake_target': None, 'cmake_target_skip_unavailable': False, 'install_base': '/home/omkar/two_scara_ws/install/scara_description', 'merge_install': False, 'path': '/home/omkar/two_scara_ws/src/scara_description', 'symlink_install': False, 'test_result_base': None}
[0.387s] Level 5:colcon.colcon_core.verb:set package 'scara_gazebo' build argument 'cmake_args' from command line to 'None'
[0.387s] Level 5:colcon.colcon_core.verb:set package 'scara_gazebo' build argument 'cmake_target' from command line to 'None'
[0.387s] Level 5:colcon.colcon_core.verb:set package 'scara_gazebo' build argument 'cmake_target_skip_unavailable' from command line to 'False'
[0.387s] Level 5:colcon.colcon_core.verb:set package 'scara_gazebo' build argument 'cmake_clean_cache' from command line to 'False'
[0.387s] Level 5:colcon.colcon_core.verb:set package 'scara_gazebo' build argument 'cmake_clean_first' from command line to 'False'
[0.387s] Level 5:colcon.colcon_core.verb:set package 'scara_gazebo' build argument 'cmake_force_configure' from command line to 'False'
[0.387s] Level 5:colcon.colcon_core.verb:set package 'scara_gazebo' build argument 'ament_cmake_args' from command line to 'None'
[0.387s] Level 5:colcon.colcon_core.verb:set package 'scara_gazebo' build argument 'catkin_cmake_args' from command line to 'None'
[0.387s] Level 5:colcon.colcon_core.verb:set package 'scara_gazebo' build argument 'catkin_skip_building_tests' from command line to 'False'
[0.387s] DEBUG:colcon.colcon_core.verb:Building package 'scara_gazebo' with the following arguments: {'ament_cmake_args': None, 'build_base': '/home/omkar/two_scara_ws/build/scara_gazebo', 'catkin_cmake_args': None, 'catkin_skip_building_tests': False, 'cmake_args': None, 'cmake_clean_cache': False, 'cmake_clean_first': False, 'cmake_force_configure': False, 'cmake_target': None, 'cmake_target_skip_unavailable': False, 'install_base': '/home/omkar/two_scara_ws/install/scara_gazebo', 'merge_install': False, 'path': '/home/omkar/two_scara_ws/src/scara_gazebo', 'symlink_install': False, 'test_result_base': None}
[0.388s] INFO:colcon.colcon_core.executor:Executing jobs using 'parallel' executor
[0.389s] DEBUG:colcon.colcon_parallel_executor.executor.parallel:run_until_complete
[0.390s] INFO:colcon.colcon_ros.task.ament_cmake.build:Building ROS package in '/home/omkar/two_scara_ws/src/conveyor_description' with build type 'ament_cmake'
[0.390s] INFO:colcon.colcon_cmake.task.cmake.build:Building CMake package in '/home/omkar/two_scara_ws/src/conveyor_description'
[0.393s] INFO:colcon.colcon_core.plugin_system:Skipping extension 'colcon_core.shell.bat': Not used on non-Windows systems
[0.394s] INFO:colcon.colcon_core.shell:Skip shell extension 'powershell' for command environment: Not usable outside of PowerShell
[0.394s] DEBUG:colcon.colcon_core.shell:Skip shell extension 'dsv' for command environment
[0.399s] INFO:colcon.colcon_ros.task.ament_cmake.build:Building ROS package in '/home/omkar/two_scara_ws/src/scara_control' with build type 'ament_cmake'
[0.399s] INFO:colcon.colcon_cmake.task.cmake.build:Building CMake package in '/home/omkar/two_scara_ws/src/scara_control'
[0.400s] INFO:colcon.colcon_core.shell:Skip shell extension 'powershell' for command environment: Not usable outside of PowerShell
[0.400s] DEBUG:colcon.colcon_core.shell:Skip shell extension 'dsv' for command environment
[0.404s] INFO:colcon.colcon_ros.task.ament_cmake.build:Building ROS package in '/home/omkar/two_scara_ws/src/scara_description' with build type 'ament_cmake'
[0.404s] INFO:colcon.colcon_cmake.task.cmake.build:Building CMake package in '/home/omkar/two_scara_ws/src/scara_description'
[0.404s] INFO:colcon.colcon_core.shell:Skip shell extension 'powershell' for command environment: Not usable outside of PowerShell
[0.404s] DEBUG:colcon.colcon_core.shell:Skip shell extension 'dsv' for command environment
[0.407s] INFO:colcon.colcon_ros.task.ament_cmake.build:Building ROS package in '/home/omkar/two_scara_ws/src/scara_gazebo' with build type 'ament_cmake'
[0.407s] INFO:colcon.colcon_cmake.task.cmake.build:Building CMake package in '/home/omkar/two_scara_ws/src/scara_gazebo'
[0.407s] INFO:colcon.colcon_core.shell:Skip shell extension 'powershell' for command environment: Not usable outside of PowerShell
[0.407s] DEBUG:colcon.colcon_core.shell:Skip shell extension 'dsv' for command environment
[0.415s] DEBUG:colcon.colcon_core.event_handler.log_command:Invoking command in '/home/omkar/two_scara_ws/build/conveyor_description': CMAKE_PREFIX_PATH=${CMAKE_PREFIX_PATH}:/opt/ros/humble /usr/bin/cmake --build /home/omkar/two_scara_ws/build/conveyor_description -- -j8 -l8
[0.419s] DEBUG:colcon.colcon_core.event_handler.log_command:Invoking command in '/home/omkar/two_scara_ws/build/scara_control': CMAKE_PREFIX_PATH=${CMAKE_PREFIX_PATH}:/opt/ros/humble /usr/bin/cmake --build /home/omkar/two_scara_ws/build/scara_control -- -j8 -l8
[0.438s] DEBUG:colcon.colcon_core.event_handler.log_command:Invoking command in '/home/omkar/two_scara_ws/build/scara_description': CMAKE_PREFIX_PATH=${CMAKE_PREFIX_PATH}:/opt/ros/humble /usr/bin/cmake --build /home/omkar/two_scara_ws/build/scara_description -- -j8 -l8
[0.450s] DEBUG:colcon.colcon_core.event_handler.log_command:Invoking command in '/home/omkar/two_scara_ws/build/scara_gazebo': CMAKE_PREFIX_PATH=${CMAKE_PREFIX_PATH}:/opt/ros/humble /usr/bin/cmake --build /home/omkar/two_scara_ws/build/scara_gazebo -- -j8 -l8
[0.493s] DEBUG:colcon.colcon_core.event_handler.log_command:Invoked command in '/home/omkar/two_scara_ws/build/conveyor_description' returned '0': CMAKE_PREFIX_PATH=${CMAKE_PREFIX_PATH}:/opt/ros/humble /usr/bin/cmake --build /home/omkar/two_scara_ws/build/conveyor_description -- -j8 -l8
[0.507s] DEBUG:colcon.colcon_core.event_handler.log_command:Invoking command in '/home/omkar/two_scara_ws/build/conveyor_description': CMAKE_PREFIX_PATH=${CMAKE_PREFIX_PATH}:/opt/ros/humble /usr/bin/cmake --install /home/omkar/two_scara_ws/build/conveyor_description
[0.512s] DEBUG:colcon.colcon_core.event_handler.log_command:Invoked command in '/home/omkar/two_scara_ws/build/scara_description' returned '0': CMAKE_PREFIX_PATH=${CMAKE_PREFIX_PATH}:/opt/ros/humble /usr/bin/cmake --build /home/omkar/two_scara_ws/build/scara_description -- -j8 -l8
[0.521s] DEBUG:colcon.colcon_core.event_handler.log_command:Invoking command in '/home/omkar/two_scara_ws/build/scara_description': CMAKE_PREFIX_PATH=${CMAKE_PREFIX_PATH}:/opt/ros/humble /usr/bin/cmake --install /home/omkar/two_scara_ws/build/scara_description
[0.523s] DEBUG:colcon.colcon_core.event_handler.log_command:Invoked command in '/home/omkar/two_scara_ws/build/scara_gazebo' returned '0': CMAKE_PREFIX_PATH=${CMAKE_PREFIX_PATH}:/opt/ros/humble /usr/bin/cmake --build /home/omkar/two_scara_ws/build/scara_gazebo -- -j8 -l8
[0.526s] DEBUG:colcon.colcon_core.event_handler.log_command:Invoking command in '/home/omkar/two_scara_ws/build/scara_gazebo': CMAKE_PREFIX_PATH=${CMAKE_PREFIX_PATH}:/opt/ros/humble /usr/bin/cmake --install /home/omkar/two_scara_ws/build/scara_gazebo
[0.542s] Level 1:colcon.colcon_core.environment:create_environment_scripts_only(conveyor_description)
[0.545s] DEBUG:colcon.colcon_core.event_handler.log_command:Invoked command in '/home/omkar/two_scara_ws/build/conveyor_description' returned '0': CMAKE_PREFIX_PATH=${CMAKE_PREFIX_PATH}:/opt/ros/humble /usr/bin/cmake --install /home/omkar/two_scara_ws/build/conveyor_description
[0.553s] Level 1:colcon.colcon_core.environment:checking '/home/omkar/two_scara_ws/install/conveyor_description' for CMake module files
[0.554s] Level 1:colcon.colcon_core.environment:checking '/home/omkar/two_scara_ws/install/conveyor_description' for CMake config files
[0.554s] Level 1:colcon.colcon_core.shell:create_environment_hook('conveyor_description', 'cmake_prefix_path')
[0.555s] INFO:colcon.colcon_core.shell:Creating environment hook '/home/omkar/two_scara_ws/install/conveyor_description/share/conveyor_description/hook/cmake_prefix_path.ps1'
[0.556s] INFO:colcon.colcon_core.shell:Creating environment descriptor '/home/omkar/two_scara_ws/install/conveyor_description/share/conveyor_description/hook/cmake_prefix_path.dsv'
[0.556s] INFO:colcon.colcon_core.shell:Creating environment hook '/home/omkar/two_scara_ws/install/conveyor_description/share/conveyor_description/hook/cmake_prefix_path.sh'
[0.559s] Level 1:colcon.colcon_core.environment:checking '/home/omkar/two_scara_ws/install/conveyor_description/bin'
[0.559s] Level 1:colcon.colcon_core.environment:checking '/home/omkar/two_scara_ws/install/conveyor_description/lib/pkgconfig/conveyor_description.pc'
[0.559s] Level 1:colcon.colcon_core.environment:checking '/home/omkar/two_scara_ws/install/conveyor_description/lib/python3.10/site-packages'
[0.560s] Level 1:colcon.colcon_core.environment:checking '/home/omkar/two_scara_ws/install/conveyor_description/bin'
[0.560s] INFO:colcon.colcon_core.shell:Creating package script '/home/omkar/two_scara_ws/install/conveyor_description/share/conveyor_description/package.ps1'
[0.561s] INFO:colcon.colcon_core.shell:Creating package descriptor '/home/omkar/two_scara_ws/install/conveyor_description/share/conveyor_description/package.dsv'
[0.562s] INFO:colcon.colcon_core.shell:Creating package script '/home/omkar/two_scara_ws/install/conveyor_description/share/conveyor_description/package.sh'
[0.562s] INFO:colcon.colcon_core.shell:Creating package script '/home/omkar/two_scara_ws/install/conveyor_description/share/conveyor_description/package.bash'
[0.563s] INFO:colcon.colcon_core.shell:Creating package script '/home/omkar/two_scara_ws/install/conveyor_description/share/conveyor_description/package.zsh'
[0.564s] Level 1:colcon.colcon_core.environment:create_file_with_runtime_dependencies(/home/omkar/two_scara_ws/install/conveyor_description/share/colcon-core/packages/conveyor_description)
[0.564s] Level 1:colcon.colcon_core.environment:create_environment_scripts_only(conveyor_description)
[0.564s] Level 1:colcon.colcon_core.environment:checking '/home/omkar/two_scara_ws/install/conveyor_description' for CMake module files
[0.565s] Level 1:colcon.colcon_core.environment:checking '/home/omkar/two_scara_ws/install/conveyor_description' for CMake config files
[0.565s] Level 1:colcon.colcon_core.shell:create_environment_hook('conveyor_description', 'cmake_prefix_path')
[0.565s] INFO:colcon.colcon_core.shell:Creating environment hook '/home/omkar/two_scara_ws/install/conveyor_description/share/conveyor_description/hook/cmake_prefix_path.ps1'
[0.565s] INFO:colcon.colcon_core.shell:Creating environment descriptor '/home/omkar/two_scara_ws/install/conveyor_description/share/conveyor_description/hook/cmake_prefix_path.dsv'
[0.566s] INFO:colcon.colcon_core.shell:Creating environment hook '/home/omkar/two_scara_ws/install/conveyor_description/share/conveyor_description/hook/cmake_prefix_path.sh'
[0.566s] Level 1:colcon.colcon_core.environment:checking '/home/omkar/two_scara_ws/install/conveyor_description/bin'
[0.566s] Level 1:colcon.colcon_core.environment:checking '/home/omkar/two_scara_ws/install/conveyor_description/lib/pkgconfig/conveyor_description.pc'
[0.566s] Level 1:colcon.colcon_core.environment:checking '/home/omkar/two_scara_ws/install/conveyor_description/lib/python3.10/site-packages'
[0.566s] Level 1:colcon.colcon_core.environment:checking '/home/omkar/two_scara_ws/install/conveyor_description/bin'
[0.567s] INFO:colcon.colcon_core.shell:Creating package script '/home/omkar/two_scara_ws/install/conveyor_description/share/conveyor_description/package.ps1'
[0.567s] INFO:colcon.colcon_core.shell:Creating package descriptor '/home/omkar/two_scara_ws/install/conveyor_description/share/conveyor_description/package.dsv'
[0.567s] INFO:colcon.colcon_core.shell:Creating package script '/home/omkar/two_scara_ws/install/conveyor_description/share/conveyor_description/package.sh'
[0.568s] INFO:colcon.colcon_core.shell:Creating package script '/home/omkar/two_scara_ws/install/conveyor_description/share/conveyor_description/package.bash'
[0.568s] INFO:colcon.colcon_core.shell:Creating package script '/home/omkar/two_scara_ws/install/conveyor_description/share/conveyor_description/package.zsh'
[0.569s] Level 1:colcon.colcon_core.environment:create_file_with_runtime_dependencies(/home/omkar/two_scara_ws/install/conveyor_description/share/colcon-core/packages/conveyor_description)
[0.570s] Level 1:colcon.colcon_core.environment:create_environment_scripts_only(scara_description)
[0.570s] Level 1:colcon.colcon_core.environment:checking '/home/omkar/two_scara_ws/install/scara_description' for CMake module files
[0.570s] DEBUG:colcon.colcon_core.event_handler.log_command:Invoked command in '/home/omkar/two_scara_ws/build/scara_description' returned '0': CMAKE_PREFIX_PATH=${CMAKE_PREFIX_PATH}:/opt/ros/humble /usr/bin/cmake --install /home/omkar/two_scara_ws/build/scara_description
[0.571s] Level 1:colcon.colcon_core.environment:checking '/home/omkar/two_scara_ws/install/scara_description' for CMake config files
[0.571s] Level 1:colcon.colcon_core.shell:create_environment_hook('scara_description', 'cmake_prefix_path')
[0.571s] INFO:colcon.colcon_core.shell:Creating environment hook '/home/omkar/two_scara_ws/install/scara_description/share/scara_description/hook/cmake_prefix_path.ps1'
[0.571s] INFO:colcon.colcon_core.shell:Creating environment descriptor '/home/omkar/two_scara_ws/install/scara_description/share/scara_description/hook/cmake_prefix_path.dsv'
[0.572s] INFO:colcon.colcon_core.shell:Creating environment hook '/home/omkar/two_scara_ws/install/scara_description/share/scara_description/hook/cmake_prefix_path.sh'
[0.572s] Level 1:colcon.colcon_core.environment:checking '/home/omkar/two_scara_ws/install/scara_description/bin'
[0.572s] Level 1:colcon.colcon_core.environment:checking '/home/omkar/two_scara_ws/install/scara_description/lib/pkgconfig/scara_description.pc'
[0.572s] Level 1:colcon.colcon_core.environment:checking '/home/omkar/two_scara_ws/install/scara_description/lib/python3.10/site-packages'
[0.573s] Level 1:colcon.colcon_core.environment:checking '/home/omkar/two_scara_ws/install/scara_description/bin'
[0.573s] INFO:colcon.colcon_core.shell:Creating package script '/home/omkar/two_scara_ws/install/scara_description/share/scara_description/package.ps1'
[0.573s] INFO:colcon.colcon_core.shell:Creating package descriptor '/home/omkar/two_scara_ws/install/scara_description/share/scara_description/package.dsv'
[0.573s] INFO:colcon.colcon_core.shell:Creating package script '/home/omkar/two_scara_ws/install/scara_description/share/scara_description/package.sh'
[0.574s] INFO:colcon.colcon_core.shell:Creating package script '/home/omkar/two_scara_ws/install/scara_description/share/scara_description/package.bash'
[0.574s] INFO:colcon.colcon_core.shell:Creating package script '/home/omkar/two_scara_ws/install/scara_description/share/scara_description/package.zsh'
[0.574s] Level 1:colcon.colcon_core.environment:create_file_with_runtime_dependencies(/home/omkar/two_scara_ws/install/scara_description/share/colcon-core/packages/scara_description)
[0.575s] Level 1:colcon.colcon_core.environment:create_environment_scripts_only(scara_description)
[0.575s] Level 1:colcon.colcon_core.environment:checking '/home/omkar/two_scara_ws/install/scara_description' for CMake module files
[0.575s] Level 1:colcon.colcon_core.environment:checking '/home/omkar/two_scara_ws/install/scara_description' for CMake config files
[0.575s] Level 1:colcon.colcon_core.shell:create_environment_hook('scara_description', 'cmake_prefix_path')
[0.576s] INFO:colcon.colcon_core.shell:Creating environment hook '/home/omkar/two_scara_ws/install/scara_description/share/scara_description/hook/cmake_prefix_path.ps1'
[0.576s] INFO:colcon.colcon_core.shell:Creating environment descriptor '/home/omkar/two_scara_ws/install/scara_description/share/scara_description/hook/cmake_prefix_path.dsv'
[0.576s] INFO:colcon.colcon_core.shell:Creating environment hook '/home/omkar/two_scara_ws/install/scara_description/share/scara_description/hook/cmake_prefix_path.sh'
[0.577s] Level 1:colcon.colcon_core.environment:checking '/home/omkar/two_scara_ws/install/scara_description/bin'
[0.577s] Level 1:colcon.colcon_core.environment:checking '/home/omkar/two_scara_ws/install/scara_description/lib/pkgconfig/scara_description.pc'
[0.577s] Level 1:colcon.colcon_core.environment:checking '/home/omkar/two_scara_ws/install/scara_description/lib/python3.10/site-packages'
[0.578s] Level 1:colcon.colcon_core.environment:checking '/home/omkar/two_scara_ws/install/scara_description/bin'
[0.578s] INFO:colcon.colcon_core.shell:Creating package script '/home/omkar/two_scara_ws/install/scara_description/share/scara_description/package.ps1'
[0.580s] INFO:colcon.colcon_core.shell:Creating package descriptor '/home/omkar/two_scara_ws/install/scara_description/share/scara_description/package.dsv'
[0.583s] INFO:colcon.colcon_core.shell:Creating package script '/home/omkar/two_scara_ws/install/scara_description/share/scara_description/package.sh'
[0.585s] INFO:colcon.colcon_core.shell:Creating package script '/home/omkar/two_scara_ws/install/scara_description/share/scara_description/package.bash'
[0.587s] INFO:colcon.colcon_core.shell:Creating package script '/home/omkar/two_scara_ws/install/scara_description/share/scara_description/package.zsh'
[0.590s] Level 1:colcon.colcon_core.environment:create_file_with_runtime_dependencies(/home/omkar/two_scara_ws/install/scara_description/share/colcon-core/packages/scara_description)
[0.591s] Level 1:colcon.colcon_core.environment:create_environment_scripts_only(scara_gazebo)
[0.593s] Level 1:colcon.colcon_core.environment:checking '/home/omkar/two_scara_ws/install/scara_gazebo' for CMake module files
[0.596s] Level 1:colcon.colcon_core.environment:checking '/home/omkar/two_scara_ws/install/scara_gazebo' for CMake config files
[0.597s] DEBUG:colcon.colcon_core.event_handler.log_command:Invoked command in '/home/omkar/two_scara_ws/build/scara_gazebo' returned '0': CMAKE_PREFIX_PATH=${CMAKE_PREFIX_PATH}:/opt/ros/humble /usr/bin/cmake --install /home/omkar/two_scara_ws/build/scara_gazebo
[0.598s] Level 1:colcon.colcon_core.shell:create_environment_hook('scara_gazebo', 'cmake_prefix_path')
[0.599s] INFO:colcon.colcon_core.shell:Creating environment hook '/home/omkar/two_scara_ws/install/scara_gazebo/share/scara_gazebo/hook/cmake_prefix_path.ps1'
[0.605s] INFO:colcon.colcon_core.shell:Creating environment descriptor '/home/omkar/two_scara_ws/install/scara_gazebo/share/scara_gazebo/hook/cmake_prefix_path.dsv'
[0.609s] INFO:colcon.colcon_core.shell:Creating environment hook '/home/omkar/two_scara_ws/install/scara_gazebo/share/scara_gazebo/hook/cmake_prefix_path.sh'
[0.617s] Level 1:colcon.colcon_core.environment:checking '/home/omkar/two_scara_ws/install/scara_gazebo/bin'
[0.617s] Level 1:colcon.colcon_core.environment:checking '/home/omkar/two_scara_ws/install/scara_gazebo/lib/pkgconfig/scara_gazebo.pc'
[0.618s] Level 1:colcon.colcon_core.environment:checking '/home/omkar/two_scara_ws/install/scara_gazebo/lib/python3.10/site-packages'
[0.618s] Level 1:colcon.colcon_core.environment:checking '/home/omkar/two_scara_ws/install/scara_gazebo/bin'
[0.619s] INFO:colcon.colcon_core.shell:Creating package script '/home/omkar/two_scara_ws/install/scara_gazebo/share/scara_gazebo/package.ps1'
[0.620s] INFO:colcon.colcon_core.shell:Creating package descriptor '/home/omkar/two_scara_ws/install/scara_gazebo/share/scara_gazebo/package.dsv'
[0.620s] INFO:colcon.colcon_core.shell:Creating package script '/home/omkar/two_scara_ws/install/scara_gazebo/share/scara_gazebo/package.sh'
[0.621s] INFO:colcon.colcon_core.shell:Creating package script '/home/omkar/two_scara_ws/install/scara_gazebo/share/scara_gazebo/package.bash'
[0.622s] INFO:colcon.colcon_core.shell:Creating package script '/home/omkar/two_scara_ws/install/scara_gazebo/share/scara_gazebo/package.zsh'
[0.622s] Level 1:colcon.colcon_core.environment:create_file_with_runtime_dependencies(/home/omkar/two_scara_ws/install/scara_gazebo/share/colcon-core/packages/scara_gazebo)
[0.623s] Level 1:colcon.colcon_core.environment:create_environment_scripts_only(scara_gazebo)
[0.623s] Level 1:colcon.colcon_core.environment:checking '/home/omkar/two_scara_ws/install/scara_gazebo' for CMake module files
[0.624s] Level 1:colcon.colcon_core.environment:checking '/home/omkar/two_scara_ws/install/scara_gazebo' for CMake config files
[0.624s] Level 1:colcon.colcon_core.shell:create_environment_hook('scara_gazebo', 'cmake_prefix_path')
[0.624s] INFO:colcon.colcon_core.shell:Creating environment hook '/home/omkar/two_scara_ws/install/scara_gazebo/share/scara_gazebo/hook/cmake_prefix_path.ps1'
[0.626s] INFO:colcon.colcon_core.shell:Creating environment descriptor '/home/omkar/two_scara_ws/install/scara_gazebo/share/scara_gazebo/hook/cmake_prefix_path.dsv'
[0.627s] INFO:colcon.colcon_core.shell:Creating environment hook '/home/omkar/two_scara_ws/install/scara_gazebo/share/scara_gazebo/hook/cmake_prefix_path.sh'
[0.628s] Level 1:colcon.colcon_core.environment:checking '/home/omkar/two_scara_ws/install/scara_gazebo/bin'
[0.628s] Level 1:colcon.colcon_core.environment:checking '/home/omkar/two_scara_ws/install/scara_gazebo/lib/pkgconfig/scara_gazebo.pc'
[0.628s] Level 1:colcon.colcon_core.environment:checking '/home/omkar/two_scara_ws/install/scara_gazebo/lib/python3.10/site-packages'
[0.629s] Level 1:colcon.colcon_core.environment:checking '/home/omkar/two_scara_ws/install/scara_gazebo/bin'
[0.629s] INFO:colcon.colcon_core.shell:Creating package script '/home/omkar/two_scara_ws/install/scara_gazebo/share/scara_gazebo/package.ps1'
[0.630s] INFO:colcon.colcon_core.shell:Creating package descriptor '/home/omkar/two_scara_ws/install/scara_gazebo/share/scara_gazebo/package.dsv'
[0.632s] INFO:colcon.colcon_core.shell:Creating package script '/home/omkar/two_scara_ws/install/scara_gazebo/share/scara_gazebo/package.sh'
[0.632s] INFO:colcon.colcon_core.shell:Creating package script '/home/omkar/two_scara_ws/install/scara_gazebo/share/scara_gazebo/package.bash'
[0.634s] INFO:colcon.colcon_core.shell:Creating package script '/home/omkar/two_scara_ws/install/scara_gazebo/share/scara_gazebo/package.zsh'
[0.635s] Level 1:colcon.colcon_core.environment:create_file_with_runtime_dependencies(/home/omkar/two_scara_ws/install/scara_gazebo/share/colcon-core/packages/scara_gazebo)
[0.636s] DEBUG:colcon.colcon_core.event_handler.log_command:Invoked command in '/home/omkar/two_scara_ws/build/scara_control' returned '0': CMAKE_PREFIX_PATH=${CMAKE_PREFIX_PATH}:/opt/ros/humble /usr/bin/cmake --build /home/omkar/two_scara_ws/build/scara_control -- -j8 -l8
[0.638s] DEBUG:colcon.colcon_core.event_handler.log_command:Invoking command in '/home/omkar/two_scara_ws/build/scara_control': CMAKE_PREFIX_PATH=${CMAKE_PREFIX_PATH}:/opt/ros/humble /usr/bin/cmake --install /home/omkar/two_scara_ws/build/scara_control
[0.650s] Level 1:colcon.colcon_core.environment:create_environment_scripts_only(scara_control)
[0.653s] Level 1:colcon.colcon_core.environment:checking '/home/omkar/two_scara_ws/install/scara_control' for CMake module files
[0.654s] DEBUG:colcon.colcon_core.event_handler.log_command:Invoked command in '/home/omkar/two_scara_ws/build/scara_control' returned '0': CMAKE_PREFIX_PATH=${CMAKE_PREFIX_PATH}:/opt/ros/humble /usr/bin/cmake --install /home/omkar/two_scara_ws/build/scara_control
[0.655s] Level 1:colcon.colcon_core.environment:checking '/home/omkar/two_scara_ws/install/scara_control' for CMake config files
[0.656s] Level 1:colcon.colcon_core.shell:create_environment_hook('scara_control', 'cmake_prefix_path')
[0.657s] INFO:colcon.colcon_core.shell:Creating environment hook '/home/omkar/two_scara_ws/install/scara_control/share/scara_control/hook/cmake_prefix_path.ps1'
[0.659s] INFO:colcon.colcon_core.shell:Creating environment descriptor '/home/omkar/two_scara_ws/install/scara_control/share/scara_control/hook/cmake_prefix_path.dsv'
[0.661s] INFO:colcon.colcon_core.shell:Creating environment hook '/home/omkar/two_scara_ws/install/scara_control/share/scara_control/hook/cmake_prefix_path.sh'
[0.661s] Level 1:colcon.colcon_core.environment:checking '/home/omkar/two_scara_ws/install/scara_control/lib'
[0.661s] Level 1:colcon.colcon_core.environment:checking '/home/omkar/two_scara_ws/install/scara_control/bin'
[0.662s] Level 1:colcon.colcon_core.environment:checking '/home/omkar/two_scara_ws/install/scara_control/lib/pkgconfig/scara_control.pc'
[0.662s] Level 1:colcon.colcon_core.environment:checking '/home/omkar/two_scara_ws/install/scara_control/lib/python3.10/site-packages'
[0.662s] Level 1:colcon.colcon_core.environment:checking '/home/omkar/two_scara_ws/install/scara_control/bin'
[0.662s] INFO:colcon.colcon_core.shell:Creating package script '/home/omkar/two_scara_ws/install/scara_control/share/scara_control/package.ps1'
[0.663s] INFO:colcon.colcon_core.shell:Creating package descriptor '/home/omkar/two_scara_ws/install/scara_control/share/scara_control/package.dsv'
[0.663s] INFO:colcon.colcon_core.shell:Creating package script '/home/omkar/two_scara_ws/install/scara_control/share/scara_control/package.sh'
[0.663s] INFO:colcon.colcon_core.shell:Creating package script '/home/omkar/two_scara_ws/install/scara_control/share/scara_control/package.bash'
[0.664s] INFO:colcon.colcon_core.shell:Creating package script '/home/omkar/two_scara_ws/install/scara_control/share/scara_control/package.zsh'
[0.664s] Level 1:colcon.colcon_core.environment:create_file_with_runtime_dependencies(/home/omkar/two_scara_ws/install/scara_control/share/colcon-core/packages/scara_control)
[0.665s] Level 1:colcon.colcon_core.environment:create_environment_scripts_only(scara_control)
[0.665s] Level 1:colcon.colcon_core.environment:checking '/home/omkar/two_scara_ws/install/scara_control' for CMake module files
[0.665s] Level 1:colcon.colcon_core.environment:checking '/home/omkar/two_scara_ws/install/scara_control' for CMake config files
[0.665s] Level 1:colcon.colcon_core.shell:create_environment_hook('scara_control', 'cmake_prefix_path')
[0.665s] INFO:colcon.colcon_core.shell:Creating environment hook '/home/omkar/two_scara_ws/install/scara_control/share/scara_control/hook/cmake_prefix_path.ps1'
[0.666s] INFO:colcon.colcon_core.shell:Creating environment descriptor '/home/omkar/two_scara_ws/install/scara_control/share/scara_control/hook/cmake_prefix_path.dsv'
[0.666s] INFO:colcon.colcon_core.shell:Creating environment hook '/home/omkar/two_scara_ws/install/scara_control/share/scara_control/hook/cmake_prefix_path.sh'
[0.667s] Level 1:colcon.colcon_core.environment:checking '/home/omkar/two_scara_ws/install/scara_control/lib'
[0.667s] Level 1:colcon.colcon_core.environment:checking '/home/omkar/two_scara_ws/install/scara_control/bin'
[0.667s] Level 1:colcon.colcon_core.environment:checking '/home/omkar/two_scara_ws/install/scara_control/lib/pkgconfig/scara_control.pc'
[0.667s] Level 1:colcon.colcon_core.environment:checking '/home/omkar/two_scara_ws/install/scara_control/lib/python3.10/site-packages'
[0.667s] Level 1:colcon.colcon_core.environment:checking '/home/omkar/two_scara_ws/install/scara_control/bin'
[0.667s] INFO:colcon.colcon_core.shell:Creating package script '/home/omkar/two_scara_ws/install/scara_control/share/scara_control/package.ps1'
[0.668s] INFO:colcon.colcon_core.shell:Creating package descriptor '/home/omkar/two_scara_ws/install/scara_control/share/scara_control/package.dsv'
[0.668s] INFO:colcon.colcon_core.shell:Creating package script '/home/omkar/two_scara_ws/install/scara_control/share/scara_control/package.sh'
[0.669s] INFO:colcon.colcon_core.shell:Creating package script '/home/omkar/two_scara_ws/install/scara_control/share/scara_control/package.bash'
[0.669s] INFO:colcon.colcon_core.shell:Creating package script '/home/omkar/two_scara_ws/install/scara_control/share/scara_control/package.zsh'
[0.669s] Level 1:colcon.colcon_core.environment:create_file_with_runtime_dependencies(/home/omkar/two_scara_ws/install/scara_control/share/colcon-core/packages/scara_control)
[0.669s] DEBUG:colcon.colcon_parallel_executor.executor.parallel:closing loop
[0.670s] DEBUG:colcon.colcon_parallel_executor.executor.parallel:loop closed
[0.670s] DEBUG:colcon.colcon_parallel_executor.executor.parallel:run_until_complete finished with '0'
[0.670s] DEBUG:colcon.colcon_core.event_reactor:joining thread
[0.681s] INFO:colcon.colcon_core.plugin_system:Skipping extension 'colcon_notification.desktop_notification.terminal_notifier': Not used on non-Darwin systems
[0.681s] INFO:colcon.colcon_core.plugin_system:Skipping extension 'colcon_notification.desktop_notification.win32': Not used on non-Windows systems
[0.681s] INFO:colcon.colcon_notification.desktop_notification:Sending desktop notification using 'notify2'
[0.692s] DEBUG:colcon.colcon_core.event_reactor:joined thread
[0.692s] INFO:colcon.colcon_core.shell:Creating prefix script '/home/omkar/two_scara_ws/install/local_setup.ps1'
[0.694s] INFO:colcon.colcon_core.shell:Creating prefix util module '/home/omkar/two_scara_ws/install/_local_setup_util_ps1.py'
[0.698s] INFO:colcon.colcon_core.shell:Creating prefix chain script '/home/omkar/two_scara_ws/install/setup.ps1'
[0.700s] INFO:colcon.colcon_core.shell:Creating prefix script '/home/omkar/two_scara_ws/install/local_setup.sh'
[0.700s] INFO:colcon.colcon_core.shell:Creating prefix util module '/home/omkar/two_scara_ws/install/_local_setup_util_sh.py'
[0.701s] INFO:colcon.colcon_core.shell:Creating prefix chain script '/home/omkar/two_scara_ws/install/setup.sh'
[0.702s] INFO:colcon.colcon_core.shell:Creating prefix script '/home/omkar/two_scara_ws/install/local_setup.bash'
[0.704s] INFO:colcon.colcon_core.shell:Creating prefix chain script '/home/omkar/two_scara_ws/install/setup.bash'
[0.711s] INFO:colcon.colcon_core.shell:Creating prefix script '/home/omkar/two_scara_ws/install/local_setup.zsh'
[0.712s] INFO:colcon.colcon_core.shell:Creating prefix chain script '/home/omkar/two_scara_ws/install/setup.zsh'
