[0.049s] Invoking command in '/home/omkar/two_scara_ws/build/scara_gazebo': CMAKE_PREFIX_PATH=${CMAKE_PREFIX_PATH}:/opt/ros/humble /usr/bin/cmake --build /home/omkar/two_scara_ws/build/scara_gazebo -- -j8 -l8
[0.153s] Invoked command in '/home/omkar/two_scara_ws/build/scara_gazebo' returned '0': CMAKE_PREFIX_PATH=${CMAKE_PREFIX_PATH}:/opt/ros/humble /usr/bin/cmake --build /home/omkar/two_scara_ws/build/scara_gazebo -- -j8 -l8
[0.158s] Invoking command in '/home/omkar/two_scara_ws/build/scara_gazebo': CMAKE_PREFIX_PATH=${CMAKE_PREFIX_PATH}:/opt/ros/humble /usr/bin/cmake --install /home/omkar/two_scara_ws/build/scara_gazebo
[0.177s] -- Install configuration: ""
[0.179s] -- Execute custom install script
[0.180s] -- Up-to-date symlink: /home/omkar/two_scara_ws/install/scara_gazebo/share/scara_gazebo/launch/scara_world.launch.py
[0.181s] -- Up-to-date symlink: /home/omkar/two_scara_ws/install/scara_gazebo/share/scara_gazebo/worlds/scara_world.world
[0.182s] -- Up-to-date symlink: /home/omkar/two_scara_ws/install/scara_gazebo/share/ament_index/resource_index/package_run_dependencies/scara_gazebo
[0.183s] -- Up-to-date symlink: /home/omkar/two_scara_ws/install/scara_gazebo/share/ament_index/resource_index/parent_prefix_path/scara_gazebo
[0.183s] -- Up-to-date symlink: /home/omkar/two_scara_ws/install/scara_gazebo/share/scara_gazebo/environment/ament_prefix_path.sh
[0.184s] -- Up-to-date symlink: /home/omkar/two_scara_ws/install/scara_gazebo/share/scara_gazebo/environment/ament_prefix_path.dsv
[0.185s] -- Up-to-date symlink: /home/omkar/two_scara_ws/install/scara_gazebo/share/scara_gazebo/environment/path.sh
[0.185s] -- Up-to-date symlink: /home/omkar/two_scara_ws/install/scara_gazebo/share/scara_gazebo/environment/path.dsv
[0.186s] -- Up-to-date symlink: /home/omkar/two_scara_ws/install/scara_gazebo/share/scara_gazebo/local_setup.bash
[0.186s] -- Up-to-date symlink: /home/omkar/two_scara_ws/install/scara_gazebo/share/scara_gazebo/local_setup.sh
[0.187s] -- Up-to-date symlink: /home/omkar/two_scara_ws/install/scara_gazebo/share/scara_gazebo/local_setup.zsh
[0.188s] -- Up-to-date symlink: /home/omkar/two_scara_ws/install/scara_gazebo/share/scara_gazebo/local_setup.dsv
[0.188s] -- Symlinking: /home/omkar/two_scara_ws/install/scara_gazebo/share/scara_gazebo/package.dsv
[0.214s] -- Up-to-date symlink: /home/omkar/two_scara_ws/install/scara_gazebo/share/ament_index/resource_index/packages/scara_gazebo
[0.214s] -- Up-to-date symlink: /home/omkar/two_scara_ws/install/scara_gazebo/share/scara_gazebo/cmake/scara_gazeboConfig.cmake
[0.215s] -- Up-to-date symlink: /home/omkar/two_scara_ws/install/scara_gazebo/share/scara_gazebo/cmake/scara_gazeboConfig-version.cmake
[0.215s] -- Up-to-date symlink: /home/omkar/two_scara_ws/install/scara_gazebo/share/scara_gazebo/package.xml
[0.259s] Invoked command in '/home/omkar/two_scara_ws/build/scara_gazebo' returned '0': CMAKE_PREFIX_PATH=${CMAKE_PREFIX_PATH}:/opt/ros/humble /usr/bin/cmake --install /home/omkar/two_scara_ws/build/scara_gazebo
